<?xml version="1.0" encoding="UTF-8"?>
<testsuite xmlns:xsi="http://www.w3.org/2001/XMLSchema-instance" xsi:noNamespaceSchemaLocation="https://maven.apache.org/surefire/maven-surefire-plugin/xsd/surefire-test-report-3.0.xsd" version="3.0" name="com.gestorusuario.usuarios.repository.PerfilRepositoryTest" time="4.757" tests="2" errors="0" skipped="0" failures="0">
  <properties>
    <property name="java.specification.version" value="21"/>
    <property name="sun.cpu.isalist" value="amd64"/>
    <property name="sun.jnu.encoding" value="Cp1252"/>
    <property name="java.class.path" value="C:\Springboot\Semana8\usuarios\target\test-classes;C:\Springboot\Semana8\usuarios\target\classes;C:\Users\dario\.m2\repository\org\springframework\boot\spring-boot-starter-actuator\3.2.4\spring-boot-starter-actuator-3.2.4.jar;C:\Users\dario\.m2\repository\org\springframework\boot\spring-boot-starter\3.2.4\spring-boot-starter-3.2.4.jar;C:\Users\dario\.m2\repository\org\springframework\boot\spring-boot-starter-logging\3.2.4\spring-boot-starter-logging-3.2.4.jar;C:\Users\dario\.m2\repository\ch\qos\logback\logback-classic\1.4.14\logback-classic-1.4.14.jar;C:\Users\dario\.m2\repository\ch\qos\logback\logback-core\1.4.14\logback-core-1.4.14.jar;C:\Users\dario\.m2\repository\org\apache\logging\log4j\log4j-to-slf4j\2.21.1\log4j-to-slf4j-2.21.1.jar;C:\Users\dario\.m2\repository\org\apache\logging\log4j\log4j-api\2.21.1\log4j-api-2.21.1.jar;C:\Users\dario\.m2\repository\org\slf4j\jul-to-slf4j\2.0.12\jul-to-slf4j-2.0.12.jar;C:\Users\dario\.m2\repository\jakarta\annotation\jakarta.annotation-api\2.1.1\jakarta.annotation-api-2.1.1.jar;C:\Users\dario\.m2\repository\org\yaml\snakeyaml\2.2\snakeyaml-2.2.jar;C:\Users\dario\.m2\repository\org\springframework\boot\spring-boot-actuator-autoconfigure\3.2.4\spring-boot-actuator-autoconfigure-3.2.4.jar;C:\Users\dario\.m2\repository\org\springframework\boot\spring-boot-actuator\3.2.4\spring-boot-actuator-3.2.4.jar;C:\Users\dario\.m2\repository\com\fasterxml\jackson\core\jackson-databind\2.15.4\jackson-databind-2.15.4.jar;C:\Users\dario\.m2\repository\com\fasterxml\jackson\core\jackson-annotations\2.15.4\jackson-annotations-2.15.4.jar;C:\Users\dario\.m2\repository\com\fasterxml\jackson\core\jackson-core\2.15.4\jackson-core-2.15.4.jar;C:\Users\dario\.m2\repository\com\fasterxml\jackson\datatype\jackson-datatype-jsr310\2.15.4\jackson-datatype-jsr310-2.15.4.jar;C:\Users\dario\.m2\repository\io\micrometer\micrometer-observation\1.12.4\micrometer-observation-1.12.4.jar;C:\Users\dario\.m2\repository\io\micrometer\micrometer-commons\1.12.4\micrometer-commons-1.12.4.jar;C:\Users\dario\.m2\repository\io\micrometer\micrometer-jakarta9\1.12.4\micrometer-jakarta9-1.12.4.jar;C:\Users\dario\.m2\repository\io\micrometer\micrometer-core\1.12.4\micrometer-core-1.12.4.jar;C:\Users\dario\.m2\repository\org\hdrhistogram\HdrHistogram\2.1.12\HdrHistogram-2.1.12.jar;C:\Users\dario\.m2\repository\org\latencyutils\LatencyUtils\2.0.3\LatencyUtils-2.0.3.jar;C:\Users\dario\.m2\repository\org\springframework\boot\spring-boot-starter-data-jpa\3.2.4\spring-boot-starter-data-jpa-3.2.4.jar;C:\Users\dario\.m2\repository\org\springframework\boot\spring-boot-starter-aop\3.2.4\spring-boot-starter-aop-3.2.4.jar;C:\Users\dario\.m2\repository\org\springframework\spring-aop\6.1.5\spring-aop-6.1.5.jar;C:\Users\dario\.m2\repository\org\aspectj\aspectjweaver\1.9.21\aspectjweaver-1.9.21.jar;C:\Users\dario\.m2\repository\org\springframework\boot\spring-boot-starter-jdbc\3.2.4\spring-boot-starter-jdbc-3.2.4.jar;C:\Users\dario\.m2\repository\com\zaxxer\HikariCP\5.0.1\HikariCP-5.0.1.jar;C:\Users\dario\.m2\repository\org\springframework\spring-jdbc\6.1.5\spring-jdbc-6.1.5.jar;C:\Users\dario\.m2\repository\org\hibernate\orm\hibernate-core\6.4.4.Final\hibernate-core-6.4.4.Final.jar;C:\Users\dario\.m2\repository\jakarta\persistence\jakarta.persistence-api\3.1.0\jakarta.persistence-api-3.1.0.jar;C:\Users\dario\.m2\repository\jakarta\transaction\jakarta.transaction-api\2.0.1\jakarta.transaction-api-2.0.1.jar;C:\Users\dario\.m2\repository\org\jboss\logging\jboss-logging\3.5.3.Final\jboss-logging-3.5.3.Final.jar;C:\Users\dario\.m2\repository\org\hibernate\common\hibernate-commons-annotations\6.0.6.Final\hibernate-commons-annotations-6.0.6.Final.jar;C:\Users\dario\.m2\repository\io\smallrye\jandex\3.1.2\jandex-3.1.2.jar;C:\Users\dario\.m2\repository\com\fasterxml\classmate\1.6.0\classmate-1.6.0.jar;C:\Users\dario\.m2\repository\net\bytebuddy\byte-buddy\1.14.12\byte-buddy-1.14.12.jar;C:\Users\dario\.m2\repository\org\glassfish\jaxb\jaxb-runtime\4.0.5\jaxb-runtime-4.0.5.jar;C:\Users\dario\.m2\repository\org\glassfish\jaxb\jaxb-core\4.0.5\jaxb-core-4.0.5.jar;C:\Users\dario\.m2\repository\org\eclipse\angus\angus-activation\2.0.2\angus-activation-2.0.2.jar;C:\Users\dario\.m2\repository\org\glassfish\jaxb\txw2\4.0.5\txw2-4.0.5.jar;C:\Users\dario\.m2\repository\com\sun\istack\istack-commons-runtime\4.1.2\istack-commons-runtime-4.1.2.jar;C:\Users\dario\.m2\repository\jakarta\inject\jakarta.inject-api\2.0.1\jakarta.inject-api-2.0.1.jar;C:\Users\dario\.m2\repository\org\antlr\antlr4-runtime\4.13.0\antlr4-runtime-4.13.0.jar;C:\Users\dario\.m2\repository\org\springframework\data\spring-data-jpa\3.2.4\spring-data-jpa-3.2.4.jar;C:\Users\dario\.m2\repository\org\springframework\data\spring-data-commons\3.2.4\spring-data-commons-3.2.4.jar;C:\Users\dario\.m2\repository\org\springframework\spring-orm\6.1.5\spring-orm-6.1.5.jar;C:\Users\dario\.m2\repository\org\springframework\spring-context\6.1.5\spring-context-6.1.5.jar;C:\Users\dario\.m2\repository\org\springframework\spring-tx\6.1.5\spring-tx-6.1.5.jar;C:\Users\dario\.m2\repository\org\springframework\spring-beans\6.1.5\spring-beans-6.1.5.jar;C:\Users\dario\.m2\repository\org\slf4j\slf4j-api\2.0.12\slf4j-api-2.0.12.jar;C:\Users\dario\.m2\repository\org\springframework\spring-aspects\6.1.5\spring-aspects-6.1.5.jar;C:\Users\dario\.m2\repository\org\springframework\boot\spring-boot-starter-web\3.2.4\spring-boot-starter-web-3.2.4.jar;C:\Users\dario\.m2\repository\org\springframework\boot\spring-boot-starter-json\3.2.4\spring-boot-starter-json-3.2.4.jar;C:\Users\dario\.m2\repository\com\fasterxml\jackson\datatype\jackson-datatype-jdk8\2.15.4\jackson-datatype-jdk8-2.15.4.jar;C:\Users\dario\.m2\repository\com\fasterxml\jackson\module\jackson-module-parameter-names\2.15.4\jackson-module-parameter-names-2.15.4.jar;C:\Users\dario\.m2\repository\org\springframework\boot\spring-boot-starter-tomcat\3.2.4\spring-boot-starter-tomcat-3.2.4.jar;C:\Users\dario\.m2\repository\org\apache\tomcat\embed\tomcat-embed-core\10.1.19\tomcat-embed-core-10.1.19.jar;C:\Users\dario\.m2\repository\org\apache\tomcat\embed\tomcat-embed-el\10.1.19\tomcat-embed-el-10.1.19.jar;C:\Users\dario\.m2\repository\org\apache\tomcat\embed\tomcat-embed-websocket\10.1.19\tomcat-embed-websocket-10.1.19.jar;C:\Users\dario\.m2\repository\org\springframework\spring-web\6.1.5\spring-web-6.1.5.jar;C:\Users\dario\.m2\repository\org\springframework\spring-webmvc\6.1.5\spring-webmvc-6.1.5.jar;C:\Users\dario\.m2\repository\org\springframework\spring-expression\6.1.5\spring-expression-6.1.5.jar;C:\Users\dario\.m2\repository\org\springframework\boot\spring-boot-devtools\3.2.4\spring-boot-devtools-3.2.4.jar;C:\Users\dario\.m2\repository\org\springframework\boot\spring-boot\3.2.4\spring-boot-3.2.4.jar;C:\Users\dario\.m2\repository\org\springframework\boot\spring-boot-autoconfigure\3.2.4\spring-boot-autoconfigure-3.2.4.jar;C:\Users\dario\.m2\repository\org\projectlombok\lombok\1.18.30\lombok-1.18.30.jar;C:\Users\dario\.m2\repository\org\springframework\boot\spring-boot-starter-test\3.2.4\spring-boot-starter-test-3.2.4.jar;C:\Users\dario\.m2\repository\org\springframework\boot\spring-boot-test\3.2.4\spring-boot-test-3.2.4.jar;C:\Users\dario\.m2\repository\org\springframework\boot\spring-boot-test-autoconfigure\3.2.4\spring-boot-test-autoconfigure-3.2.4.jar;C:\Users\dario\.m2\repository\com\jayway\jsonpath\json-path\2.9.0\json-path-2.9.0.jar;C:\Users\dario\.m2\repository\jakarta\xml\bind\jakarta.xml.bind-api\4.0.2\jakarta.xml.bind-api-4.0.2.jar;C:\Users\dario\.m2\repository\jakarta\activation\jakarta.activation-api\2.1.3\jakarta.activation-api-2.1.3.jar;C:\Users\dario\.m2\repository\net\minidev\json-smart\2.5.0\json-smart-2.5.0.jar;C:\Users\dario\.m2\repository\net\minidev\accessors-smart\2.5.0\accessors-smart-2.5.0.jar;C:\Users\dario\.m2\repository\org\ow2\asm\asm\9.3\asm-9.3.jar;C:\Users\dario\.m2\repository\org\assertj\assertj-core\3.24.2\assertj-core-3.24.2.jar;C:\Users\dario\.m2\repository\org\awaitility\awaitility\4.2.0\awaitility-4.2.0.jar;C:\Users\dario\.m2\repository\org\junit\jupiter\junit-jupiter\5.10.2\junit-jupiter-5.10.2.jar;C:\Users\dario\.m2\repository\org\junit\jupiter\junit-jupiter-api\5.10.2\junit-jupiter-api-5.10.2.jar;C:\Users\dario\.m2\repository\org\opentest4j\opentest4j\1.3.0\opentest4j-1.3.0.jar;C:\Users\dario\.m2\repository\org\junit\platform\junit-platform-commons\1.10.2\junit-platform-commons-1.10.2.jar;C:\Users\dario\.m2\repository\org\apiguardian\apiguardian-api\1.1.2\apiguardian-api-1.1.2.jar;C:\Users\dario\.m2\repository\org\junit\jupiter\junit-jupiter-params\5.10.2\junit-jupiter-params-5.10.2.jar;C:\Users\dario\.m2\repository\org\junit\jupiter\junit-jupiter-engine\5.10.2\junit-jupiter-engine-5.10.2.jar;C:\Users\dario\.m2\repository\org\junit\platform\junit-platform-engine\1.10.2\junit-platform-engine-1.10.2.jar;C:\Users\dario\.m2\repository\org\mockito\mockito-core\5.7.0\mockito-core-5.7.0.jar;C:\Users\dario\.m2\repository\net\bytebuddy\byte-buddy-agent\1.14.12\byte-buddy-agent-1.14.12.jar;C:\Users\dario\.m2\repository\org\objenesis\objenesis\3.3\objenesis-3.3.jar;C:\Users\dario\.m2\repository\org\mockito\mockito-junit-jupiter\5.7.0\mockito-junit-jupiter-5.7.0.jar;C:\Users\dario\.m2\repository\org\skyscreamer\jsonassert\1.5.1\jsonassert-1.5.1.jar;C:\Users\dario\.m2\repository\com\vaadin\external\google\android-json\0.0.20131108.vaadin1\android-json-0.0.20131108.vaadin1.jar;C:\Users\dario\.m2\repository\org\springframework\spring-core\6.1.5\spring-core-6.1.5.jar;C:\Users\dario\.m2\repository\org\springframework\spring-jcl\6.1.5\spring-jcl-6.1.5.jar;C:\Users\dario\.m2\repository\org\springframework\spring-test\6.1.5\spring-test-6.1.5.jar;C:\Users\dario\.m2\repository\org\xmlunit\xmlunit-core\2.9.1\xmlunit-core-2.9.1.jar;C:\Users\dario\.m2\repository\com\oracle\database\jdbc\ojdbc11\21.9.0.0\ojdbc11-21.9.0.0.jar;C:\Users\dario\.m2\repository\com\oracle\database\jdbc\ucp11\21.9.0.0\ucp11-21.9.0.0.jar;C:\Users\dario\.m2\repository\com\oracle\database\jdbc\rsi\21.9.0.0\rsi-21.9.0.0.jar;C:\Users\dario\.m2\repository\com\oracle\database\ha\simplefan\21.9.0.0\simplefan-21.9.0.0.jar;C:\Users\dario\.m2\repository\com\oracle\database\ha\ons\21.9.0.0\ons-21.9.0.0.jar;C:\Users\dario\.m2\repository\com\oracle\database\nls\orai18n\21.9.0.0\orai18n-21.9.0.0.jar;C:\Users\dario\.m2\repository\com\oracle\database\xml\xdb\21.9.0.0\xdb-21.9.0.0.jar;C:\Users\dario\.m2\repository\com\oracle\database\xml\xmlparserv2\21.9.0.0\xmlparserv2-21.9.0.0.jar;C:\Users\dario\.m2\repository\com\oracle\database\security\oraclepki\21.5.0.0\oraclepki-21.5.0.0.jar;C:\Users\dario\.m2\repository\com\oracle\database\security\osdt_cert\21.5.0.0\osdt_cert-21.5.0.0.jar;C:\Users\dario\.m2\repository\com\oracle\database\security\osdt_core\21.5.0.0\osdt_core-21.5.0.0.jar;C:\Users\dario\.m2\repository\org\springframework\boot\spring-boot-starter-hateoas\3.2.4\spring-boot-starter-hateoas-3.2.4.jar;C:\Users\dario\.m2\repository\org\springframework\hateoas\spring-hateoas\2.2.1\spring-hateoas-2.2.1.jar;C:\Users\dario\.m2\repository\org\springframework\plugin\spring-plugin-core\3.0.0\spring-plugin-core-3.0.0.jar;C:\Users\dario\.m2\repository\org\hamcrest\hamcrest\2.2\hamcrest-2.2.jar;"/>
    <property name="java.vm.vendor" value="Oracle Corporation"/>
    <property name="sun.arch.data.model" value="64"/>
    <property name="user.variant" value=""/>
    <property name="java.vendor.url" value="https://java.oracle.com/"/>
    <property name="user.timezone" value="America/Santiago"/>
    <property name="org.jboss.logging.provider" value="slf4j"/>
    <property name="os.name" value="Windows 10"/>
    <property name="java.vm.specification.version" value="21"/>
    <property name="sun.java.launcher" value="SUN_STANDARD"/>
    <property name="user.country" value="MX"/>
    <property name="sun.boot.library.path" value="C:\Program Files\Java\jdk-21\bin"/>
    <property name="sun.java.command" value="C:\Users\dario\AppData\Local\Temp\surefire11575259350501346857\surefirebooter-20240424154424210_3.jar C:\Users\dario\AppData\Local\Temp\surefire11575259350501346857 2024-04-24T15-44-24_061-jvmRun1 surefire-20240424154424210_1tmp surefire_0-20240424154424210_2tmp"/>
    <property name="jdk.debug" value="release"/>
    <property name="surefire.test.class.path" value="C:\Springboot\Semana8\usuarios\target\test-classes;C:\Springboot\Semana8\usuarios\target\classes;C:\Users\dario\.m2\repository\org\springframework\boot\spring-boot-starter-actuator\3.2.4\spring-boot-starter-actuator-3.2.4.jar;C:\Users\dario\.m2\repository\org\springframework\boot\spring-boot-starter\3.2.4\spring-boot-starter-3.2.4.jar;C:\Users\dario\.m2\repository\org\springframework\boot\spring-boot-starter-logging\3.2.4\spring-boot-starter-logging-3.2.4.jar;C:\Users\dario\.m2\repository\ch\qos\logback\logback-classic\1.4.14\logback-classic-1.4.14.jar;C:\Users\dario\.m2\repository\ch\qos\logback\logback-core\1.4.14\logback-core-1.4.14.jar;C:\Users\dario\.m2\repository\org\apache\logging\log4j\log4j-to-slf4j\2.21.1\log4j-to-slf4j-2.21.1.jar;C:\Users\dario\.m2\repository\org\apache\logging\log4j\log4j-api\2.21.1\log4j-api-2.21.1.jar;C:\Users\dario\.m2\repository\org\slf4j\jul-to-slf4j\2.0.12\jul-to-slf4j-2.0.12.jar;C:\Users\dario\.m2\repository\jakarta\annotation\jakarta.annotation-api\2.1.1\jakarta.annotation-api-2.1.1.jar;C:\Users\dario\.m2\repository\org\yaml\snakeyaml\2.2\snakeyaml-2.2.jar;C:\Users\dario\.m2\repository\org\springframework\boot\spring-boot-actuator-autoconfigure\3.2.4\spring-boot-actuator-autoconfigure-3.2.4.jar;C:\Users\dario\.m2\repository\org\springframework\boot\spring-boot-actuator\3.2.4\spring-boot-actuator-3.2.4.jar;C:\Users\dario\.m2\repository\com\fasterxml\jackson\core\jackson-databind\2.15.4\jackson-databind-2.15.4.jar;C:\Users\dario\.m2\repository\com\fasterxml\jackson\core\jackson-annotations\2.15.4\jackson-annotations-2.15.4.jar;C:\Users\dario\.m2\repository\com\fasterxml\jackson\core\jackson-core\2.15.4\jackson-core-2.15.4.jar;C:\Users\dario\.m2\repository\com\fasterxml\jackson\datatype\jackson-datatype-jsr310\2.15.4\jackson-datatype-jsr310-2.15.4.jar;C:\Users\dario\.m2\repository\io\micrometer\micrometer-observation\1.12.4\micrometer-observation-1.12.4.jar;C:\Users\dario\.m2\repository\io\micrometer\micrometer-commons\1.12.4\micrometer-commons-1.12.4.jar;C:\Users\dario\.m2\repository\io\micrometer\micrometer-jakarta9\1.12.4\micrometer-jakarta9-1.12.4.jar;C:\Users\dario\.m2\repository\io\micrometer\micrometer-core\1.12.4\micrometer-core-1.12.4.jar;C:\Users\dario\.m2\repository\org\hdrhistogram\HdrHistogram\2.1.12\HdrHistogram-2.1.12.jar;C:\Users\dario\.m2\repository\org\latencyutils\LatencyUtils\2.0.3\LatencyUtils-2.0.3.jar;C:\Users\dario\.m2\repository\org\springframework\boot\spring-boot-starter-data-jpa\3.2.4\spring-boot-starter-data-jpa-3.2.4.jar;C:\Users\dario\.m2\repository\org\springframework\boot\spring-boot-starter-aop\3.2.4\spring-boot-starter-aop-3.2.4.jar;C:\Users\dario\.m2\repository\org\springframework\spring-aop\6.1.5\spring-aop-6.1.5.jar;C:\Users\dario\.m2\repository\org\aspectj\aspectjweaver\1.9.21\aspectjweaver-1.9.21.jar;C:\Users\dario\.m2\repository\org\springframework\boot\spring-boot-starter-jdbc\3.2.4\spring-boot-starter-jdbc-3.2.4.jar;C:\Users\dario\.m2\repository\com\zaxxer\HikariCP\5.0.1\HikariCP-5.0.1.jar;C:\Users\dario\.m2\repository\org\springframework\spring-jdbc\6.1.5\spring-jdbc-6.1.5.jar;C:\Users\dario\.m2\repository\org\hibernate\orm\hibernate-core\6.4.4.Final\hibernate-core-6.4.4.Final.jar;C:\Users\dario\.m2\repository\jakarta\persistence\jakarta.persistence-api\3.1.0\jakarta.persistence-api-3.1.0.jar;C:\Users\dario\.m2\repository\jakarta\transaction\jakarta.transaction-api\2.0.1\jakarta.transaction-api-2.0.1.jar;C:\Users\dario\.m2\repository\org\jboss\logging\jboss-logging\3.5.3.Final\jboss-logging-3.5.3.Final.jar;C:\Users\dario\.m2\repository\org\hibernate\common\hibernate-commons-annotations\6.0.6.Final\hibernate-commons-annotations-6.0.6.Final.jar;C:\Users\dario\.m2\repository\io\smallrye\jandex\3.1.2\jandex-3.1.2.jar;C:\Users\dario\.m2\repository\com\fasterxml\classmate\1.6.0\classmate-1.6.0.jar;C:\Users\dario\.m2\repository\net\bytebuddy\byte-buddy\1.14.12\byte-buddy-1.14.12.jar;C:\Users\dario\.m2\repository\org\glassfish\jaxb\jaxb-runtime\4.0.5\jaxb-runtime-4.0.5.jar;C:\Users\dario\.m2\repository\org\glassfish\jaxb\jaxb-core\4.0.5\jaxb-core-4.0.5.jar;C:\Users\dario\.m2\repository\org\eclipse\angus\angus-activation\2.0.2\angus-activation-2.0.2.jar;C:\Users\dario\.m2\repository\org\glassfish\jaxb\txw2\4.0.5\txw2-4.0.5.jar;C:\Users\dario\.m2\repository\com\sun\istack\istack-commons-runtime\4.1.2\istack-commons-runtime-4.1.2.jar;C:\Users\dario\.m2\repository\jakarta\inject\jakarta.inject-api\2.0.1\jakarta.inject-api-2.0.1.jar;C:\Users\dario\.m2\repository\org\antlr\antlr4-runtime\4.13.0\antlr4-runtime-4.13.0.jar;C:\Users\dario\.m2\repository\org\springframework\data\spring-data-jpa\3.2.4\spring-data-jpa-3.2.4.jar;C:\Users\dario\.m2\repository\org\springframework\data\spring-data-commons\3.2.4\spring-data-commons-3.2.4.jar;C:\Users\dario\.m2\repository\org\springframework\spring-orm\6.1.5\spring-orm-6.1.5.jar;C:\Users\dario\.m2\repository\org\springframework\spring-context\6.1.5\spring-context-6.1.5.jar;C:\Users\dario\.m2\repository\org\springframework\spring-tx\6.1.5\spring-tx-6.1.5.jar;C:\Users\dario\.m2\repository\org\springframework\spring-beans\6.1.5\spring-beans-6.1.5.jar;C:\Users\dario\.m2\repository\org\slf4j\slf4j-api\2.0.12\slf4j-api-2.0.12.jar;C:\Users\dario\.m2\repository\org\springframework\spring-aspects\6.1.5\spring-aspects-6.1.5.jar;C:\Users\dario\.m2\repository\org\springframework\boot\spring-boot-starter-web\3.2.4\spring-boot-starter-web-3.2.4.jar;C:\Users\dario\.m2\repository\org\springframework\boot\spring-boot-starter-json\3.2.4\spring-boot-starter-json-3.2.4.jar;C:\Users\dario\.m2\repository\com\fasterxml\jackson\datatype\jackson-datatype-jdk8\2.15.4\jackson-datatype-jdk8-2.15.4.jar;C:\Users\dario\.m2\repository\com\fasterxml\jackson\module\jackson-module-parameter-names\2.15.4\jackson-module-parameter-names-2.15.4.jar;C:\Users\dario\.m2\repository\org\springframework\boot\spring-boot-starter-tomcat\3.2.4\spring-boot-starter-tomcat-3.2.4.jar;C:\Users\dario\.m2\repository\org\apache\tomcat\embed\tomcat-embed-core\10.1.19\tomcat-embed-core-10.1.19.jar;C:\Users\dario\.m2\repository\org\apache\tomcat\embed\tomcat-embed-el\10.1.19\tomcat-embed-el-10.1.19.jar;C:\Users\dario\.m2\repository\org\apache\tomcat\embed\tomcat-embed-websocket\10.1.19\tomcat-embed-websocket-10.1.19.jar;C:\Users\dario\.m2\repository\org\springframework\spring-web\6.1.5\spring-web-6.1.5.jar;C:\Users\dario\.m2\repository\org\springframework\spring-webmvc\6.1.5\spring-webmvc-6.1.5.jar;C:\Users\dario\.m2\repository\org\springframework\spring-expression\6.1.5\spring-expression-6.1.5.jar;C:\Users\dario\.m2\repository\org\springframework\boot\spring-boot-devtools\3.2.4\spring-boot-devtools-3.2.4.jar;C:\Users\dario\.m2\repository\org\springframework\boot\spring-boot\3.2.4\spring-boot-3.2.4.jar;C:\Users\dario\.m2\repository\org\springframework\boot\spring-boot-autoconfigure\3.2.4\spring-boot-autoconfigure-3.2.4.jar;C:\Users\dario\.m2\repository\org\projectlombok\lombok\1.18.30\lombok-1.18.30.jar;C:\Users\dario\.m2\repository\org\springframework\boot\spring-boot-starter-test\3.2.4\spring-boot-starter-test-3.2.4.jar;C:\Users\dario\.m2\repository\org\springframework\boot\spring-boot-test\3.2.4\spring-boot-test-3.2.4.jar;C:\Users\dario\.m2\repository\org\springframework\boot\spring-boot-test-autoconfigure\3.2.4\spring-boot-test-autoconfigure-3.2.4.jar;C:\Users\dario\.m2\repository\com\jayway\jsonpath\json-path\2.9.0\json-path-2.9.0.jar;C:\Users\dario\.m2\repository\jakarta\xml\bind\jakarta.xml.bind-api\4.0.2\jakarta.xml.bind-api-4.0.2.jar;C:\Users\dario\.m2\repository\jakarta\activation\jakarta.activation-api\2.1.3\jakarta.activation-api-2.1.3.jar;C:\Users\dario\.m2\repository\net\minidev\json-smart\2.5.0\json-smart-2.5.0.jar;C:\Users\dario\.m2\repository\net\minidev\accessors-smart\2.5.0\accessors-smart-2.5.0.jar;C:\Users\dario\.m2\repository\org\ow2\asm\asm\9.3\asm-9.3.jar;C:\Users\dario\.m2\repository\org\assertj\assertj-core\3.24.2\assertj-core-3.24.2.jar;C:\Users\dario\.m2\repository\org\awaitility\awaitility\4.2.0\awaitility-4.2.0.jar;C:\Users\dario\.m2\repository\org\junit\jupiter\junit-jupiter\5.10.2\junit-jupiter-5.10.2.jar;C:\Users\dario\.m2\repository\org\junit\jupiter\junit-jupiter-api\5.10.2\junit-jupiter-api-5.10.2.jar;C:\Users\dario\.m2\repository\org\opentest4j\opentest4j\1.3.0\opentest4j-1.3.0.jar;C:\Users\dario\.m2\repository\org\junit\platform\junit-platform-commons\1.10.2\junit-platform-commons-1.10.2.jar;C:\Users\dario\.m2\repository\org\apiguardian\apiguardian-api\1.1.2\apiguardian-api-1.1.2.jar;C:\Users\dario\.m2\repository\org\junit\jupiter\junit-jupiter-params\5.10.2\junit-jupiter-params-5.10.2.jar;C:\Users\dario\.m2\repository\org\junit\jupiter\junit-jupiter-engine\5.10.2\junit-jupiter-engine-5.10.2.jar;C:\Users\dario\.m2\repository\org\junit\platform\junit-platform-engine\1.10.2\junit-platform-engine-1.10.2.jar;C:\Users\dario\.m2\repository\org\mockito\mockito-core\5.7.0\mockito-core-5.7.0.jar;C:\Users\dario\.m2\repository\net\bytebuddy\byte-buddy-agent\1.14.12\byte-buddy-agent-1.14.12.jar;C:\Users\dario\.m2\repository\org\objenesis\objenesis\3.3\objenesis-3.3.jar;C:\Users\dario\.m2\repository\org\mockito\mockito-junit-jupiter\5.7.0\mockito-junit-jupiter-5.7.0.jar;C:\Users\dario\.m2\repository\org\skyscreamer\jsonassert\1.5.1\jsonassert-1.5.1.jar;C:\Users\dario\.m2\repository\com\vaadin\external\google\android-json\0.0.20131108.vaadin1\android-json-0.0.20131108.vaadin1.jar;C:\Users\dario\.m2\repository\org\springframework\spring-core\6.1.5\spring-core-6.1.5.jar;C:\Users\dario\.m2\repository\org\springframework\spring-jcl\6.1.5\spring-jcl-6.1.5.jar;C:\Users\dario\.m2\repository\org\springframework\spring-test\6.1.5\spring-test-6.1.5.jar;C:\Users\dario\.m2\repository\org\xmlunit\xmlunit-core\2.9.1\xmlunit-core-2.9.1.jar;C:\Users\dario\.m2\repository\com\oracle\database\jdbc\ojdbc11\21.9.0.0\ojdbc11-21.9.0.0.jar;C:\Users\dario\.m2\repository\com\oracle\database\jdbc\ucp11\21.9.0.0\ucp11-21.9.0.0.jar;C:\Users\dario\.m2\repository\com\oracle\database\jdbc\rsi\21.9.0.0\rsi-21.9.0.0.jar;C:\Users\dario\.m2\repository\com\oracle\database\ha\simplefan\21.9.0.0\simplefan-21.9.0.0.jar;C:\Users\dario\.m2\repository\com\oracle\database\ha\ons\21.9.0.0\ons-21.9.0.0.jar;C:\Users\dario\.m2\repository\com\oracle\database\nls\orai18n\21.9.0.0\orai18n-21.9.0.0.jar;C:\Users\dario\.m2\repository\com\oracle\database\xml\xdb\21.9.0.0\xdb-21.9.0.0.jar;C:\Users\dario\.m2\repository\com\oracle\database\xml\xmlparserv2\21.9.0.0\xmlparserv2-21.9.0.0.jar;C:\Users\dario\.m2\repository\com\oracle\database\security\oraclepki\21.5.0.0\oraclepki-21.5.0.0.jar;C:\Users\dario\.m2\repository\com\oracle\database\security\osdt_cert\21.5.0.0\osdt_cert-21.5.0.0.jar;C:\Users\dario\.m2\repository\com\oracle\database\security\osdt_core\21.5.0.0\osdt_core-21.5.0.0.jar;C:\Users\dario\.m2\repository\org\springframework\boot\spring-boot-starter-hateoas\3.2.4\spring-boot-starter-hateoas-3.2.4.jar;C:\Users\dario\.m2\repository\org\springframework\hateoas\spring-hateoas\2.2.1\spring-hateoas-2.2.1.jar;C:\Users\dario\.m2\repository\org\springframework\plugin\spring-plugin-core\3.0.0\spring-plugin-core-3.0.0.jar;C:\Users\dario\.m2\repository\org\hamcrest\hamcrest\2.2\hamcrest-2.2.jar;"/>
    <property name="sun.cpu.endian" value="little"/>
    <property name="user.home" value="C:\Users\dario"/>
    <property name="user.language" value="es"/>
    <property name="java.specification.vendor" value="Oracle Corporation"/>
    <property name="java.version.date" value="2024-01-16"/>
    <property name="java.home" value="C:\Program Files\Java\jdk-21"/>
    <property name="file.separator" value="\"/>
    <property name="basedir" value="C:\Springboot\Semana8\usuarios"/>
    <property name="java.vm.compressedOopsMode" value="Zero based"/>
    <property name="line.separator" value="&#10;"/>
    <property name="java.vm.specification.vendor" value="Oracle Corporation"/>
    <property name="java.specification.name" value="Java Platform API Specification"/>
    <property name="FILE_LOG_CHARSET" value="UTF-8"/>
    <property name="java.awt.headless" value="true"/>
    <property name="surefire.real.class.path" value="C:\Users\dario\AppData\Local\Temp\surefire11575259350501346857\surefirebooter-20240424154424210_3.jar"/>
    <property name="user.script" value=""/>
    <property name="sun.management.compiler" value="HotSpot 64-Bit Tiered Compilers"/>
    <property name="java.runtime.version" value="21.0.2+13-LTS-58"/>
    <property name="user.name" value="dario"/>
    <property name="stdout.encoding" value="Cp1252"/>
    <property name="path.separator" value=";"/>
    <property name="os.version" value="10.0"/>
    <property name="java.runtime.name" value="Java(TM) SE Runtime Environment"/>
    <property name="file.encoding" value="UTF-8"/>
    <property name="java.vm.name" value="Java HotSpot(TM) 64-Bit Server VM"/>
    <property name="localRepository" value="C:\Users\dario\.m2\repository"/>
    <property name="java.vendor.url.bug" value="https://bugreport.java.com/bugreport/"/>
    <property name="java.io.tmpdir" value="C:\Users\dario\AppData\Local\Temp\"/>
    <property name="com.zaxxer.hikari.pool_number" value="1"/>
    <property name="java.version" value="21.0.2"/>
    <property name="user.dir" value="C:\Springboot\Semana8\usuarios"/>
    <property name="os.arch" value="amd64"/>
    <property name="java.vm.specification.name" value="Java Virtual Machine Specification"/>
    <property name="PID" value="24340"/>
    <property name="sun.os.patch.level" value=""/>
    <property name="CONSOLE_LOG_CHARSET" value="UTF-8"/>
    <property name="native.encoding" value="Cp1252"/>
    <property name="java.library.path" value="C:\Program Files\Java\jdk-21\bin;C:\Windows\Sun\Java\bin;C:\Windows\system32;C:\Windows;C:\Program Files\Common Files\Oracle\Java\javapath;C:\app\dario\product\21c\dbhomeXE\bin;C:\Program Files (x86)\Intel\Intel(R) Management Engine Components\iCLS\;C:\Program Files\Intel\Intel(R) Management Engine Components\iCLS\;C:\Windows\system32;C:\Windows;C:\Windows\System32\Wbem;C:\Windows\System32\WindowsPowerShell\v1.0\;C:\Windows\System32\OpenSSH\;C:\Program Files (x86)\Microsoft SQL Server\110\Tools\Binn\;C:\Program Files\Microsoft SQL Server\110\Tools\Binn\;C:\Program Files\Microsoft SQL Server\110\DTS\Binn\;C:\Program Files (x86)\Microsoft SQL Server\110\Tools\Binn\ManagementStudio\;C:\Program Files (x86)\Microsoft Visual Studio 10.0\Common7\IDE\PrivateAssemblies\;C:\Program Files (x86)\Microsoft SQL Server\110\DTS\Binn\;C:\Program Files\Microsoft SQL Server\150\Tools\Binn\;C:\Program Files (x86)\Microsoft SQL Server\150\DTS\Binn\;C:\Program Files\Microsoft SQL Server\Client SDK\ODBC\170\Tools\Binn\;C:\Program Files\nodejs\;C:\ProgramData\chocolatey\bin;C:\Program Files\Git\cmd;C:\Program Files (x86)\Intel\Intel(R) Management Engine Components\DAL;C:\Program Files\Intel\Intel(R) Management Engine Components\DAL;C:\Program Files (x86)\Intel\Intel(R) Management Engine Components\IPT;C:\Program Files\Intel\Intel(R) Management Engine Components\IPT;C:\Program Files\dotnet\;C:\apache-maven-3.9.6\bin;;C:\Program Files\Docker\Docker\resources\bin;C:\Users\dario\.console-ninja\.bin;C:\Users\dario\AppData\Local\Microsoft\WindowsApps;C:\Users\dario\AppData\Local\Programs\Microsoft VS Code\bin;C:\Users\dario\AppData\Roaming\npm;C:\Users\dario\.dotnet\tools;C:\Users\dario\AppData\Local\gitkraken\bin;C:\Curso\SpringCloud\jdk-17.0.2\bin;C:\Users\dario\AppData\Local\GitHubDesktop\bin;."/>
    <property name="java.vm.info" value="mixed mode, sharing"/>
    <property name="stderr.encoding" value="Cp1252"/>
    <property name="java.vendor" value="Oracle Corporation"/>
    <property name="java.vm.version" value="21.0.2+13-LTS-58"/>
    <property name="sun.io.unicode.encoding" value="UnicodeLittle"/>
    <property name="java.class.version" value="65.0"/>
    <property name="LOGGED_APPLICATION_NAME" value="[usuarios] "/>
  </properties>
  <testcase name="eliminarPerfilTest" classname="com.gestorusuario.usuarios.repository.PerfilRepositoryTest" time="0.297">
    <system-out><![CDATA[2024-04-24T15:44:30.072-04:00 DEBUG 24340 --- [usuarios] [           main] b.t.a.o.j.DataJpaTestContextBootstrapper : Neither @ContextConfiguration nor @ContextHierarchy found for test class [PerfilRepositoryTest]: using SpringBootContextLoader
2024-04-24T15:44:30.073-04:00 DEBUG 24340 --- [usuarios] [           main] o.s.t.c.support.AbstractContextLoader    : Could not detect default resource locations for test class [com.gestorusuario.usuarios.repository.PerfilRepositoryTest]: no resource found for suffixes {-context.xml, Context.groovy}.
2024-04-24T15:44:30.074-04:00  INFO 24340 --- [usuarios] [           main] t.c.s.AnnotationConfigContextLoaderUtils : Could not detect default configuration classes for test class [com.gestorusuario.usuarios.repository.PerfilRepositoryTest]: PerfilRepositoryTest does not declare any static, non-private, non-final, nested classes annotated with @Configuration.
2024-04-24T15:44:30.075-04:00 DEBUG 24340 --- [usuarios] [           main] b.t.a.o.j.DataJpaTestContextBootstrapper : Using ContextCustomizerFactory implementations for test class [PerfilRepositoryTest]: [ImportsContextCustomizerFactory, ExcludeFilterContextCustomizerFactory, HttpGraphQlTesterContextCustomizerFactory, DuplicateJsonObjectContextCustomizerFactory, MockitoContextCustomizerFactory, TestRestTemplateContextCustomizerFactory, WebTestClientContextCustomizerFactory, OverrideAutoConfigurationContextCustomizerFactory, ObservabilityContextCustomizerFactory, TypeExcludeFiltersContextCustomizerFactory, PropertyMappingContextCustomizerFactory, WebDriverContextCustomizerFactory, MockServerContainerContextCustomizerFactory, DynamicPropertiesContextCustomizerFactory]
2024-04-24T15:44:30.118-04:00 DEBUG 24340 --- [usuarios] [           main] b.t.a.o.j.DataJpaTestContextBootstrapper : Using ContextCustomizers for test class [PerfilRepositoryTest]: [ImportsContextCustomizer, ExcludeFilterContextCustomizer, DuplicateJsonObjectContextCustomizer, MockitoContextCustomizer, DisableAutoConfigurationContextCustomizer, DisableObservabilityContextCustomizer, TypeExcludeFiltersContextCustomizer, PropertyMappingContextCustomizer, WebDriverContextCustomizer]
2024-04-24T15:44:30.136-04:00 DEBUG 24340 --- [usuarios] [           main] ssPathScanningCandidateComponentProvider : Identified candidate component class: file [C:\Springboot\Semana8\usuarios\target\classes\com\gestorusuario\usuarios\UsuariosApplication.class]
2024-04-24T15:44:30.136-04:00  INFO 24340 --- [usuarios] [           main] .b.t.c.SpringBootTestContextBootstrapper : Found @SpringBootConfiguration com.gestorusuario.usuarios.UsuariosApplication for test class com.gestorusuario.usuarios.repository.PerfilRepositoryTest
2024-04-24T15:44:30.137-04:00 DEBUG 24340 --- [usuarios] [           main] .s.t.c.u.TestContextSpringFactoriesUtils : Skipping candidate TestExecutionListener [org.springframework.test.context.observation.MicrometerObservationRegistryTestExecutionListener] due to a missing dependency. Specify custom TestExecutionListener classes or make the default TestExecutionListener classes and their required dependencies available. Offending class: io.micrometer.context.ThreadLocalAccessor. MicrometerObservationRegistryTestExecutionListener requires io.micrometer:micrometer-observation:1.10.8 or higher and io.micrometer:context-propagation:1.0.3 or higher.
2024-04-24T15:44:30.137-04:00 DEBUG 24340 --- [usuarios] [           main] b.t.a.o.j.DataJpaTestContextBootstrapper : Using TestExecutionListeners for test class [PerfilRepositoryTest]: [ServletTestExecutionListener, DirtiesContextBeforeModesTestExecutionListener, ApplicationEventsTestExecutionListener, MockitoTestExecutionListener, DependencyInjectionTestExecutionListener, DirtiesContextTestExecutionListener, TransactionalTestExecutionListener, SqlScriptsTestExecutionListener, EventPublishingTestExecutionListener, ResetMocksTestExecutionListener, RestDocsTestExecutionListener, MockRestServiceServerResetTestExecutionListener, MockMvcPrintOnlyOnFailureTestExecutionListener, WebDriverTestExecutionListener, MockWebServiceServerTestExecutionListener]
2024-04-24T15:44:30.137-04:00 DEBUG 24340 --- [usuarios] [           main] sContextBeforeModesTestExecutionListener : Before test class: class [PerfilRepositoryTest], class annotated with @DirtiesContext [false] with mode [null]
2024-04-24T15:44:30.138-04:00 DEBUG 24340 --- [usuarios] [           main] DependencyInjectionTestExecutionListener : Performing dependency injection for test class com.gestorusuario.usuarios.repository.PerfilRepositoryTest
2024-04-24T15:44:30.143-04:00  INFO 24340 --- [usuarios] [           main] o.s.b.d.r.RestartApplicationListener     : Restart disabled due to context in which it is running
2024-04-24T15:44:30.183-04:00 DEBUG 24340 --- [usuarios] [           main] o.s.boot.ApplicationEnvironment          : Activating profiles []
2024-04-24T15:44:30.185-04:00 DEBUG 24340 --- [usuarios] [           main] o.s.c.e.PropertySourcesPropertyResolver  : Found key 'spring.application.name' in PropertySource 'configurationProperties' with value of type String

  .   ____          _            __ _ _
 /\\ / ___'_ __ _ _(_)_ __  __ _ \ \ \ \
( ( )\___ | '_ | '_| | '_ \/ _` | \ \ \ \
 \\/  ___)| |_)| | | | | || (_| |  ) ) ) )
  '  |____| .__|_| |_|_| |_\__, | / / / /
 =========|_|==============|___/=/_/_/_/
 :: Spring Boot ::                (v3.2.4)

2024-04-24T15:44:30.196-04:00  INFO 24340 --- [usuarios] [           main] c.g.u.repository.PerfilRepositoryTest    : Starting PerfilRepositoryTest using Java 21.0.2 with PID 24340 (started by dario in C:\Springboot\Semana8\usuarios)
2024-04-24T15:44:30.197-04:00  INFO 24340 --- [usuarios] [           main] c.g.u.repository.PerfilRepositoryTest    : No active profile set, falling back to 1 default profile: "default"
2024-04-24T15:44:30.197-04:00 DEBUG 24340 --- [usuarios] [           main] o.s.boot.SpringApplication               : Loading source class com.gestorusuario.usuarios.UsuariosApplication
2024-04-24T15:44:30.201-04:00 DEBUG 24340 --- [usuarios] [           main] s.c.a.AnnotationConfigApplicationContext : Refreshing org.springframework.context.annotation.AnnotationConfigApplicationContext@2e7a9db7
2024-04-24T15:44:30.202-04:00 DEBUG 24340 --- [usuarios] [           main] o.s.b.f.s.DefaultListableBeanFactory     : Creating shared instance of singleton bean 'org.springframework.context.annotation.internalConfigurationAnnotationProcessor'
2024-04-24T15:44:30.203-04:00 DEBUG 24340 --- [usuarios] [           main] o.s.b.f.s.DefaultListableBeanFactory     : Creating shared instance of singleton bean 'org.springframework.boot.autoconfigure.internalCachingMetadataReaderFactory'
2024-04-24T15:44:30.582-04:00  INFO 24340 --- [usuarios] [           main] .s.d.r.c.RepositoryConfigurationDelegate : Bootstrapping Spring Data JPA repositories in DEFAULT mode.
2024-04-24T15:44:30.591-04:00 DEBUG 24340 --- [usuarios] [           main] o.s.b.f.s.DefaultListableBeanFactory     : Creating shared instance of singleton bean 'org.springframework.boot.autoconfigure.AutoConfigurationPackages'
2024-04-24T15:44:30.592-04:00 DEBUG 24340 --- [usuarios] [           main] o.s.b.a.AutoConfigurationPackages        : @EnableAutoConfiguration was declared on a class in the package 'com.gestorusuario.usuarios'. Automatic @Repository and @Entity scanning is enabled.
2024-04-24T15:44:30.592-04:00 DEBUG 24340 --- [usuarios] [           main] .s.d.r.c.RepositoryConfigurationDelegate : Scanning for JPA repositories in packages com.gestorusuario.usuarios.
2024-04-24T15:44:30.603-04:00 DEBUG 24340 --- [usuarios] [           main] o.s.d.r.c.RepositoryComponentProvider    : Identified candidate component class: file [C:\Springboot\Semana8\usuarios\target\classes\com\gestorusuario\usuarios\repository\PerfilRepository.class]
2024-04-24T15:44:30.604-04:00 DEBUG 24340 --- [usuarios] [           main] o.s.d.r.c.RepositoryComponentProvider    : Identified candidate component class: file [C:\Springboot\Semana8\usuarios\target\classes\com\gestorusuario\usuarios\repository\UsuarioRepository.class]
2024-04-24T15:44:30.633-04:00 DEBUG 24340 --- [usuarios] [           main] ssPathScanningCandidateComponentProvider : Identified candidate component class: file [C:\Springboot\Semana8\usuarios\target\classes\com\gestorusuario\usuarios\service\PerfilServiceImpl.class]
2024-04-24T15:44:30.633-04:00 DEBUG 24340 --- [usuarios] [           main] ssPathScanningCandidateComponentProvider : Identified candidate component class: file [C:\Springboot\Semana8\usuarios\target\classes\com\gestorusuario\usuarios\service\UsuarioServiceImpl.class]
2024-04-24T15:44:30.646-04:00  INFO 24340 --- [usuarios] [           main] .s.d.r.c.RepositoryConfigurationDelegate : Finished Spring Data repository scanning in 51 ms. Found 2 JPA repository interfaces.
2024-04-24T15:44:30.702-04:00 DEBUG 24340 --- [usuarios] [           main] o.s.b.f.s.DefaultListableBeanFactory     : Creating shared instance of singleton bean 'org.springframework.boot.test.context.ImportsContextCustomizer$ImportsCleanupPostProcessor'
2024-04-24T15:44:30.704-04:00 DEBUG 24340 --- [usuarios] [           main] o.s.b.f.s.DefaultListableBeanFactory     : Creating shared instance of singleton bean 'org.springframework.boot.test.mock.mockito.MockitoPostProcessor'
2024-04-24T15:44:30.704-04:00 DEBUG 24340 --- [usuarios] [           main] o.s.b.f.s.DefaultListableBeanFactory     : Creating shared instance of singleton bean 'emBeanDefinitionRegistrarPostProcessor'
2024-04-24T15:44:30.705-04:00 DEBUG 24340 --- [usuarios] [           main] o.s.b.f.s.DefaultListableBeanFactory     : Creating shared instance of singleton bean 'org.springframework.boot.sql.init.dependency.DatabaseInitializationDependencyConfigurer$DependsOnDatabaseInitializationPostProcessor'
2024-04-24T15:44:30.730-04:00 DEBUG 24340 --- [usuarios] [           main] o.s.b.f.s.DefaultListableBeanFactory     : Creating shared instance of singleton bean 'org.springframework.context.event.internalEventListenerProcessor'
2024-04-24T15:44:30.730-04:00 DEBUG 24340 --- [usuarios] [           main] o.s.b.f.s.DefaultListableBeanFactory     : Creating shared instance of singleton bean 'org.springframework.context.event.internalEventListenerFactory'
2024-04-24T15:44:30.730-04:00 DEBUG 24340 --- [usuarios] [           main] o.s.b.f.s.DefaultListableBeanFactory     : Creating shared instance of singleton bean 'org.springframework.transaction.config.internalTransactionalEventListenerFactory'
2024-04-24T15:44:30.732-04:00 DEBUG 24340 --- [usuarios] [           main] o.s.b.f.s.DefaultListableBeanFactory     : Creating shared instance of singleton bean 'org.springframework.context.annotation.internalAutowiredAnnotationProcessor'
2024-04-24T15:44:30.733-04:00 DEBUG 24340 --- [usuarios] [           main] o.s.b.f.s.DefaultListableBeanFactory     : Creating shared instance of singleton bean 'org.springframework.context.annotation.internalCommonAnnotationProcessor'
2024-04-24T15:44:30.734-04:00 DEBUG 24340 --- [usuarios] [           main] o.s.b.f.s.DefaultListableBeanFactory     : Creating shared instance of singleton bean 'org.springframework.context.annotation.internalPersistenceAnnotationProcessor'
2024-04-24T15:44:30.734-04:00 DEBUG 24340 --- [usuarios] [           main] o.s.b.f.s.DefaultListableBeanFactory     : Creating shared instance of singleton bean 'org.springframework.boot.test.mock.mockito.MockitoPostProcessor$SpyPostProcessor'
2024-04-24T15:44:30.734-04:00 DEBUG 24340 --- [usuarios] [           main] o.s.b.f.s.DefaultListableBeanFactory     : Creating shared instance of singleton bean 'jdbcConnectionDetailsHikariBeanPostProcessor'
2024-04-24T15:44:30.735-04:00 DEBUG 24340 --- [usuarios] [           main] o.s.b.f.s.DefaultListableBeanFactory     : Creating shared instance of singleton bean 'org.springframework.boot.context.properties.ConfigurationPropertiesBindingPostProcessor'
2024-04-24T15:44:30.735-04:00 DEBUG 24340 --- [usuarios] [           main] o.s.b.f.s.DefaultListableBeanFactory     : Creating shared instance of singleton bean 'org.springframework.boot.context.internalConfigurationPropertiesBinder'
2024-04-24T15:44:30.736-04:00 DEBUG 24340 --- [usuarios] [           main] o.s.b.f.s.DefaultListableBeanFactory     : Creating shared instance of singleton bean 'org.springframework.aop.config.internalAutoProxyCreator'
2024-04-24T15:44:30.743-04:00 DEBUG 24340 --- [usuarios] [           main] o.s.b.f.s.DefaultListableBeanFactory     : Creating shared instance of singleton bean 'dataSourceScriptDatabaseInitializer'
2024-04-24T15:44:30.744-04:00 DEBUG 24340 --- [usuarios] [           main] o.s.b.f.s.DefaultListableBeanFactory     : Creating shared instance of singleton bean 'org.springframework.boot.autoconfigure.sql.init.DataSourceInitializationConfiguration'
2024-04-24T15:44:30.745-04:00 DEBUG 24340 --- [usuarios] [           main] o.s.b.f.s.DefaultListableBeanFactory     : Creating shared instance of singleton bean 'org.springframework.transaction.config.internalTransactionAdvisor'
2024-04-24T15:44:30.745-04:00 DEBUG 24340 --- [usuarios] [           main] o.s.b.f.s.DefaultListableBeanFactory     : Creating shared instance of singleton bean 'org.springframework.transaction.annotation.ProxyTransactionManagementConfiguration'
2024-04-24T15:44:30.762-04:00 DEBUG 24340 --- [usuarios] [           main] o.s.b.f.s.DefaultListableBeanFactory     : Creating shared instance of singleton bean 'transactionAttributeSource'
2024-04-24T15:44:30.764-04:00 DEBUG 24340 --- [usuarios] [           main] o.s.b.f.s.DefaultListableBeanFactory     : Creating shared instance of singleton bean 'transactionInterceptor'
2024-04-24T15:44:30.766-04:00 DEBUG 24340 --- [usuarios] [           main] o.s.b.f.s.DefaultListableBeanFactory     : Autowiring by type from bean name 'transactionInterceptor' via factory method to bean named 'transactionAttributeSource'
2024-04-24T15:44:30.773-04:00 DEBUG 24340 --- [usuarios] [           main] o.s.b.f.s.DefaultListableBeanFactory     : Autowiring by type from bean name 'org.springframework.transaction.config.internalTransactionAdvisor' via factory method to bean named 'transactionAttributeSource'
2024-04-24T15:44:30.773-04:00 DEBUG 24340 --- [usuarios] [           main] o.s.b.f.s.DefaultListableBeanFactory     : Autowiring by type from bean name 'org.springframework.transaction.config.internalTransactionAdvisor' via factory method to bean named 'transactionInterceptor'
2024-04-24T15:44:30.777-04:00 DEBUG 24340 --- [usuarios] [           main] o.s.b.f.s.DefaultListableBeanFactory     : Creating shared instance of singleton bean 'dataSource'
2024-04-24T15:44:30.777-04:00 DEBUG 24340 --- [usuarios] [           main] o.s.b.f.s.DefaultListableBeanFactory     : Creating shared instance of singleton bean 'org.springframework.boot.autoconfigure.jdbc.DataSourceConfiguration$Hikari'
2024-04-24T15:44:30.778-04:00 DEBUG 24340 --- [usuarios] [           main] o.s.b.f.s.DefaultListableBeanFactory     : Creating shared instance of singleton bean 'spring.datasource-org.springframework.boot.autoconfigure.jdbc.DataSourceProperties'
2024-04-24T15:44:30.778-04:00 DEBUG 24340 --- [usuarios] [           main] o.s.b.f.s.DefaultListableBeanFactory     : Creating shared instance of singleton bean 'org.springframework.boot.context.properties.BoundConfigurationProperties'
2024-04-24T15:44:30.791-04:00 DEBUG 24340 --- [usuarios] [           main] o.s.b.f.s.DefaultListableBeanFactory     : Creating shared instance of singleton bean 'jdbcConnectionDetails'
2024-04-24T15:44:30.792-04:00 DEBUG 24340 --- [usuarios] [           main] o.s.b.f.s.DefaultListableBeanFactory     : Creating shared instance of singleton bean 'org.springframework.boot.autoconfigure.jdbc.DataSourceAutoConfiguration$PooledDataSourceConfiguration'
2024-04-24T15:44:30.793-04:00 DEBUG 24340 --- [usuarios] [           main] o.s.b.f.s.DefaultListableBeanFactory     : Autowiring by type from bean name 'jdbcConnectionDetails' via factory method to bean named 'spring.datasource-org.springframework.boot.autoconfigure.jdbc.DataSourceProperties'
2024-04-24T15:44:30.793-04:00 DEBUG 24340 --- [usuarios] [           main] o.s.b.f.s.DefaultListableBeanFactory     : Autowiring by type from bean name 'dataSource' via factory method to bean named 'spring.datasource-org.springframework.boot.autoconfigure.jdbc.DataSourceProperties'
2024-04-24T15:44:30.793-04:00 DEBUG 24340 --- [usuarios] [           main] o.s.b.f.s.DefaultListableBeanFactory     : Autowiring by type from bean name 'dataSource' via factory method to bean named 'jdbcConnectionDetails'
2024-04-24T15:44:30.973-04:00 DEBUG 24340 --- [usuarios] [           main] o.s.b.f.s.DefaultListableBeanFactory     : Creating shared instance of singleton bean 'spring.sql.init-org.springframework.boot.autoconfigure.sql.init.SqlInitializationProperties'
2024-04-24T15:44:30.976-04:00 DEBUG 24340 --- [usuarios] [           main] o.s.b.f.s.DefaultListableBeanFactory     : Autowiring by type from bean name 'dataSourceScriptDatabaseInitializer' via factory method to bean named 'dataSource'
2024-04-24T15:44:30.976-04:00 DEBUG 24340 --- [usuarios] [           main] o.s.b.f.s.DefaultListableBeanFactory     : Autowiring by type from bean name 'dataSourceScriptDatabaseInitializer' via factory method to bean named 'spring.sql.init-org.springframework.boot.autoconfigure.sql.init.SqlInitializationProperties'
2024-04-24T15:44:30.982-04:00 DEBUG 24340 --- [usuarios] [           main] o.s.b.f.s.DefaultListableBeanFactory     : Creating shared instance of singleton bean 'entityManagerFactory'
2024-04-24T15:44:30.982-04:00 DEBUG 24340 --- [usuarios] [           main] o.s.b.f.s.DefaultListableBeanFactory     : Creating shared instance of singleton bean 'org.springframework.boot.autoconfigure.orm.jpa.HibernateJpaConfiguration'
2024-04-24T15:44:30.983-04:00 DEBUG 24340 --- [usuarios] [           main] o.s.b.f.s.DefaultListableBeanFactory     : Creating shared instance of singleton bean 'spring.jpa-org.springframework.boot.autoconfigure.orm.jpa.JpaProperties'
2024-04-24T15:44:30.986-04:00 DEBUG 24340 --- [usuarios] [           main] o.s.b.f.s.DefaultListableBeanFactory     : Creating shared instance of singleton bean 'spring.jpa.hibernate-org.springframework.boot.autoconfigure.orm.jpa.HibernateProperties'
2024-04-24T15:44:30.988-04:00 DEBUG 24340 --- [usuarios] [           main] o.s.b.f.s.DefaultListableBeanFactory     : Autowiring by type from bean name 'org.springframework.boot.autoconfigure.orm.jpa.HibernateJpaConfiguration' via constructor to bean named 'dataSource'
2024-04-24T15:44:30.988-04:00 DEBUG 24340 --- [usuarios] [           main] o.s.b.f.s.DefaultListableBeanFactory     : Autowiring by type from bean name 'org.springframework.boot.autoconfigure.orm.jpa.HibernateJpaConfiguration' via constructor to bean named 'spring.jpa-org.springframework.boot.autoconfigure.orm.jpa.JpaProperties'
2024-04-24T15:44:30.988-04:00 DEBUG 24340 --- [usuarios] [           main] o.s.b.f.s.DefaultListableBeanFactory     : Autowiring by type from bean name 'org.springframework.boot.autoconfigure.orm.jpa.HibernateJpaConfiguration' via constructor to bean named 'org.springframework.beans.factory.support.DefaultListableBeanFactory@69c33ea2'
2024-04-24T15:44:30.988-04:00 DEBUG 24340 --- [usuarios] [           main] o.s.b.f.s.DefaultListableBeanFactory     : Autowiring by type from bean name 'org.springframework.boot.autoconfigure.orm.jpa.HibernateJpaConfiguration' via constructor to bean named 'spring.jpa.hibernate-org.springframework.boot.autoconfigure.orm.jpa.HibernateProperties'
2024-04-24T15:44:30.991-04:00 DEBUG 24340 --- [usuarios] [           main] o.s.b.f.s.DefaultListableBeanFactory     : Creating shared instance of singleton bean 'oracleUcpPoolDataSourceMetadataProvider'
2024-04-24T15:44:30.991-04:00 DEBUG 24340 --- [usuarios] [           main] o.s.b.f.s.DefaultListableBeanFactory     : Creating shared instance of singleton bean 'org.springframework.boot.autoconfigure.jdbc.metadata.DataSourcePoolMetadataProvidersConfiguration$OracleUcpPoolDataSourceMetadataProviderConfiguration'
2024-04-24T15:44:30.992-04:00 DEBUG 24340 --- [usuarios] [           main] o.s.b.f.s.DefaultListableBeanFactory     : Creating shared instance of singleton bean 'hikariPoolDataSourceMetadataProvider'
2024-04-24T15:44:30.993-04:00 DEBUG 24340 --- [usuarios] [           main] o.s.b.f.s.DefaultListableBeanFactory     : Creating shared instance of singleton bean 'org.springframework.boot.autoconfigure.jdbc.metadata.DataSourcePoolMetadataProvidersConfiguration$HikariPoolDataSourceMetadataProviderConfiguration'
2024-04-24T15:44:30.997-04:00 DEBUG 24340 --- [usuarios] [           main] o.s.b.f.s.DefaultListableBeanFactory     : Creating shared instance of singleton bean 'entityManagerFactoryBuilder'
2024-04-24T15:44:30.998-04:00 DEBUG 24340 --- [usuarios] [           main] o.s.b.f.s.DefaultListableBeanFactory     : Creating shared instance of singleton bean 'jpaVendorAdapter'
2024-04-24T15:44:31.018-04:00 DEBUG 24340 --- [usuarios] [           main] o.s.b.f.s.DefaultListableBeanFactory     : Autowiring by type from bean name 'entityManagerFactoryBuilder' via factory method to bean named 'jpaVendorAdapter'
2024-04-24T15:44:31.022-04:00 DEBUG 24340 --- [usuarios] [           main] o.s.b.f.s.DefaultListableBeanFactory     : Creating shared instance of singleton bean 'persistenceManagedTypes'
2024-04-24T15:44:31.023-04:00 DEBUG 24340 --- [usuarios] [           main] o.s.b.f.s.DefaultListableBeanFactory     : Autowiring by type from bean name 'persistenceManagedTypes' via factory method to bean named 'org.springframework.beans.factory.support.DefaultListableBeanFactory@69c33ea2'
2024-04-24T15:44:31.023-04:00 DEBUG 24340 --- [usuarios] [           main] o.s.b.f.s.DefaultListableBeanFactory     : Autowiring by type from bean name 'persistenceManagedTypes' via factory method to bean named 'org.springframework.context.annotation.AnnotationConfigApplicationContext@2e7a9db7'
2024-04-24T15:44:31.032-04:00 DEBUG 24340 --- [usuarios] [           main] o.s.b.f.s.DefaultListableBeanFactory     : Autowiring by type from bean name 'entityManagerFactory' via factory method to bean named 'entityManagerFactoryBuilder'
2024-04-24T15:44:31.032-04:00 DEBUG 24340 --- [usuarios] [           main] o.s.b.f.s.DefaultListableBeanFactory     : Autowiring by type from bean name 'entityManagerFactory' via factory method to bean named 'persistenceManagedTypes'
2024-04-24T15:44:31.056-04:00 DEBUG 24340 --- [usuarios] [           main] j.LocalContainerEntityManagerFactoryBean : Building JPA container EntityManagerFactory for persistence unit 'default'
2024-04-24T15:44:31.080-04:00 DEBUG 24340 --- [usuarios] [           main] o.hibernate.jpa.internal.util.LogHelper  : PersistenceUnitInfo [
	name: default
	persistence provider classname: null
	classloader: jdk.internal.loader.ClassLoaders$AppClassLoader@70dea4e
	excludeUnlistedClasses: true
	JTA datasource: null
	Non JTA datasource: HikariDataSource (null)
	Transaction type: RESOURCE_LOCAL
	PU root URL: file:/C:/Springboot/Semana8/usuarios/target/test-classes/
	Shared Cache Mode: UNSPECIFIED
	Validation Mode: AUTO
	Jar files URLs []
	Managed classes names [
		com.gestorusuario.usuarios.model.Perfil
		com.gestorusuario.usuarios.model.Usuario]
	Mapping files names []
	Properties []
2024-04-24T15:44:31.092-04:00 DEBUG 24340 --- [usuarios] [           main] o.h.i.internal.IntegratorServiceImpl     : Adding Integrator [org.hibernate.boot.beanvalidation.BeanValidationIntegrator].
2024-04-24T15:44:31.094-04:00 DEBUG 24340 --- [usuarios] [           main] o.h.i.internal.IntegratorServiceImpl     : Adding Integrator [org.hibernate.cache.internal.CollectionCacheInvalidator].
2024-04-24T15:44:31.156-04:00  INFO 24340 --- [usuarios] [           main] org.hibernate.Version                    : HHH000412: Hibernate ORM core version 6.4.4.Final
2024-04-24T15:44:31.159-04:00 DEBUG 24340 --- [usuarios] [           main] org.hibernate.cfg.Environment            : HHH000206: 'hibernate.properties' not found
2024-04-24T15:44:31.186-04:00 DEBUG 24340 --- [usuarios] [           main] org.hibernate.orm.idgen.factory          : Registering IdentifierGenerator strategy [uuid2] -> [org.hibernate.id.UUIDGenerator]
2024-04-24T15:44:31.186-04:00 DEBUG 24340 --- [usuarios] [           main] org.hibernate.orm.idgen.factory          : Registering IdentifierGenerator strategy [guid] -> [org.hibernate.id.GUIDGenerator]
2024-04-24T15:44:31.189-04:00 DEBUG 24340 --- [usuarios] [           main] org.hibernate.orm.idgen.factory          : Registering IdentifierGenerator strategy [uuid] -> [org.hibernate.id.UUIDHexGenerator]
2024-04-24T15:44:31.189-04:00 DEBUG 24340 --- [usuarios] [           main] org.hibernate.orm.idgen.factory          : Registering IdentifierGenerator strategy [uuid.hex] -> [org.hibernate.id.UUIDHexGenerator]
2024-04-24T15:44:31.189-04:00 DEBUG 24340 --- [usuarios] [           main] org.hibernate.orm.idgen.factory          : Registering IdentifierGenerator strategy [assigned] -> [org.hibernate.id.Assigned]
2024-04-24T15:44:31.190-04:00 DEBUG 24340 --- [usuarios] [           main] org.hibernate.orm.idgen.factory          : Registering IdentifierGenerator strategy [identity] -> [org.hibernate.id.IdentityGenerator]
2024-04-24T15:44:31.191-04:00 DEBUG 24340 --- [usuarios] [           main] org.hibernate.orm.idgen.factory          : Registering IdentifierGenerator strategy [select] -> [org.hibernate.id.SelectGenerator]
2024-04-24T15:44:31.192-04:00 DEBUG 24340 --- [usuarios] [           main] org.hibernate.orm.idgen.factory          : Registering IdentifierGenerator strategy [sequence] -> [org.hibernate.id.enhanced.SequenceStyleGenerator]
2024-04-24T15:44:31.193-04:00 DEBUG 24340 --- [usuarios] [           main] org.hibernate.orm.idgen.factory          : Registering IdentifierGenerator strategy [increment] -> [org.hibernate.id.IncrementGenerator]
2024-04-24T15:44:31.193-04:00 DEBUG 24340 --- [usuarios] [           main] org.hibernate.orm.idgen.factory          : Registering IdentifierGenerator strategy [foreign] -> [org.hibernate.id.ForeignGenerator]
2024-04-24T15:44:31.193-04:00 DEBUG 24340 --- [usuarios] [           main] org.hibernate.orm.idgen.factory          : Registering IdentifierGenerator strategy [enhanced-sequence] -> [org.hibernate.id.enhanced.SequenceStyleGenerator]
2024-04-24T15:44:31.194-04:00 DEBUG 24340 --- [usuarios] [           main] org.hibernate.orm.idgen.factory          : Registering IdentifierGenerator strategy [enhanced-table] -> [org.hibernate.id.enhanced.TableGenerator]
2024-04-24T15:44:31.203-04:00 DEBUG 24340 --- [usuarios] [           main] o.h.c.internal.RegionFactoryInitiator    : Cannot default RegionFactory based on registered strategies as `[]` RegionFactory strategies were registered
2024-04-24T15:44:31.204-04:00  INFO 24340 --- [usuarios] [           main] o.h.c.internal.RegionFactoryInitiator    : HHH000026: Second-level cache disabled
2024-04-24T15:44:31.320-04:00 DEBUG 24340 --- [usuarios] [           main] org.hibernate.type.BasicTypeRegistry     : Adding type registration boolean -> org.hibernate.type.BasicTypeReference@417751d3
2024-04-24T15:44:31.320-04:00 DEBUG 24340 --- [usuarios] [           main] org.hibernate.type.BasicTypeRegistry     : Adding type registration boolean -> org.hibernate.type.BasicTypeReference@417751d3
2024-04-24T15:44:31.320-04:00 DEBUG 24340 --- [usuarios] [           main] org.hibernate.type.BasicTypeRegistry     : Adding type registration java.lang.Boolean -> org.hibernate.type.BasicTypeReference@417751d3
2024-04-24T15:44:31.320-04:00 DEBUG 24340 --- [usuarios] [           main] org.hibernate.type.BasicTypeRegistry     : Adding type registration numeric_boolean -> org.hibernate.type.BasicTypeReference@5bf4dfb
2024-04-24T15:44:31.320-04:00 DEBUG 24340 --- [usuarios] [           main] org.hibernate.type.BasicTypeRegistry     : Adding type registration org.hibernate.type.NumericBooleanConverter -> org.hibernate.type.BasicTypeReference@5bf4dfb
2024-04-24T15:44:31.320-04:00 DEBUG 24340 --- [usuarios] [           main] org.hibernate.type.BasicTypeRegistry     : Adding type registration true_false -> org.hibernate.type.BasicTypeReference@8c3b634
2024-04-24T15:44:31.320-04:00 DEBUG 24340 --- [usuarios] [           main] org.hibernate.type.BasicTypeRegistry     : Adding type registration org.hibernate.type.TrueFalseConverter -> org.hibernate.type.BasicTypeReference@8c3b634
2024-04-24T15:44:31.320-04:00 DEBUG 24340 --- [usuarios] [           main] org.hibernate.type.BasicTypeRegistry     : Adding type registration yes_no -> org.hibernate.type.BasicTypeReference@65259737
2024-04-24T15:44:31.321-04:00 DEBUG 24340 --- [usuarios] [           main] org.hibernate.type.BasicTypeRegistry     : Adding type registration org.hibernate.type.YesNoConverter -> org.hibernate.type.BasicTypeReference@65259737
2024-04-24T15:44:31.321-04:00 DEBUG 24340 --- [usuarios] [           main] org.hibernate.type.BasicTypeRegistry     : Adding type registration byte -> org.hibernate.type.BasicTypeReference@1e27bb89
2024-04-24T15:44:31.321-04:00 DEBUG 24340 --- [usuarios] [           main] org.hibernate.type.BasicTypeRegistry     : Adding type registration byte -> org.hibernate.type.BasicTypeReference@1e27bb89
2024-04-24T15:44:31.321-04:00 DEBUG 24340 --- [usuarios] [           main] org.hibernate.type.BasicTypeRegistry     : Adding type registration java.lang.Byte -> org.hibernate.type.BasicTypeReference@1e27bb89
2024-04-24T15:44:31.321-04:00 DEBUG 24340 --- [usuarios] [           main] org.hibernate.type.BasicTypeRegistry     : Adding type registration binary -> org.hibernate.type.BasicTypeReference@6108fd23
2024-04-24T15:44:31.321-04:00 DEBUG 24340 --- [usuarios] [           main] org.hibernate.type.BasicTypeRegistry     : Adding type registration byte[] -> org.hibernate.type.BasicTypeReference@6108fd23
2024-04-24T15:44:31.321-04:00 DEBUG 24340 --- [usuarios] [           main] org.hibernate.type.BasicTypeRegistry     : Adding type registration [B -> org.hibernate.type.BasicTypeReference@6108fd23
2024-04-24T15:44:31.321-04:00 DEBUG 24340 --- [usuarios] [           main] org.hibernate.type.BasicTypeRegistry     : Adding type registration binary_wrapper -> org.hibernate.type.BasicTypeReference@746f8520
2024-04-24T15:44:31.321-04:00 DEBUG 24340 --- [usuarios] [           main] org.hibernate.type.BasicTypeRegistry     : Adding type registration wrapper-binary -> org.hibernate.type.BasicTypeReference@746f8520
2024-04-24T15:44:31.321-04:00 DEBUG 24340 --- [usuarios] [           main] org.hibernate.type.BasicTypeRegistry     : Adding type registration image -> org.hibernate.type.BasicTypeReference@3d3a28b5
2024-04-24T15:44:31.321-04:00 DEBUG 24340 --- [usuarios] [           main] org.hibernate.type.BasicTypeRegistry     : Adding type registration blob -> org.hibernate.type.BasicTypeReference@1ee22768
2024-04-24T15:44:31.321-04:00 DEBUG 24340 --- [usuarios] [           main] org.hibernate.type.BasicTypeRegistry     : Adding type registration java.sql.Blob -> org.hibernate.type.BasicTypeReference@1ee22768
2024-04-24T15:44:31.321-04:00 DEBUG 24340 --- [usuarios] [           main] org.hibernate.type.BasicTypeRegistry     : Adding type registration materialized_blob -> org.hibernate.type.BasicTypeReference@38a52072
2024-04-24T15:44:31.321-04:00 DEBUG 24340 --- [usuarios] [           main] org.hibernate.type.BasicTypeRegistry     : Adding type registration materialized_blob_wrapper -> org.hibernate.type.BasicTypeReference@306bf4c3
2024-04-24T15:44:31.321-04:00 DEBUG 24340 --- [usuarios] [           main] org.hibernate.type.BasicTypeRegistry     : Adding type registration short -> org.hibernate.type.BasicTypeReference@5cf80dfb
2024-04-24T15:44:31.321-04:00 DEBUG 24340 --- [usuarios] [           main] org.hibernate.type.BasicTypeRegistry     : Adding type registration short -> org.hibernate.type.BasicTypeReference@5cf80dfb
2024-04-24T15:44:31.321-04:00 DEBUG 24340 --- [usuarios] [           main] org.hibernate.type.BasicTypeRegistry     : Adding type registration java.lang.Short -> org.hibernate.type.BasicTypeReference@5cf80dfb
2024-04-24T15:44:31.322-04:00 DEBUG 24340 --- [usuarios] [           main] org.hibernate.type.BasicTypeRegistry     : Adding type registration integer -> org.hibernate.type.BasicTypeReference@532ea86b
2024-04-24T15:44:31.322-04:00 DEBUG 24340 --- [usuarios] [           main] org.hibernate.type.BasicTypeRegistry     : Adding type registration int -> org.hibernate.type.BasicTypeReference@532ea86b
2024-04-24T15:44:31.322-04:00 DEBUG 24340 --- [usuarios] [           main] org.hibernate.type.BasicTypeRegistry     : Adding type registration java.lang.Integer -> org.hibernate.type.BasicTypeReference@532ea86b
2024-04-24T15:44:31.322-04:00 DEBUG 24340 --- [usuarios] [           main] org.hibernate.type.BasicTypeRegistry     : Adding type registration long -> org.hibernate.type.BasicTypeReference@4219a4cc
2024-04-24T15:44:31.322-04:00 DEBUG 24340 --- [usuarios] [           main] org.hibernate.type.BasicTypeRegistry     : Adding type registration long -> org.hibernate.type.BasicTypeReference@4219a4cc
2024-04-24T15:44:31.322-04:00 DEBUG 24340 --- [usuarios] [           main] org.hibernate.type.BasicTypeRegistry     : Adding type registration java.lang.Long -> org.hibernate.type.BasicTypeReference@4219a4cc
2024-04-24T15:44:31.322-04:00 DEBUG 24340 --- [usuarios] [           main] org.hibernate.type.BasicTypeRegistry     : Adding type registration float -> org.hibernate.type.BasicTypeReference@2dbb8da0
2024-04-24T15:44:31.322-04:00 DEBUG 24340 --- [usuarios] [           main] org.hibernate.type.BasicTypeRegistry     : Adding type registration float -> org.hibernate.type.BasicTypeReference@2dbb8da0
2024-04-24T15:44:31.322-04:00 DEBUG 24340 --- [usuarios] [           main] org.hibernate.type.BasicTypeRegistry     : Adding type registration java.lang.Float -> org.hibernate.type.BasicTypeReference@2dbb8da0
2024-04-24T15:44:31.322-04:00 DEBUG 24340 --- [usuarios] [           main] org.hibernate.type.BasicTypeRegistry     : Adding type registration double -> org.hibernate.type.BasicTypeReference@3130ca39
2024-04-24T15:44:31.322-04:00 DEBUG 24340 --- [usuarios] [           main] org.hibernate.type.BasicTypeRegistry     : Adding type registration double -> org.hibernate.type.BasicTypeReference@3130ca39
2024-04-24T15:44:31.322-04:00 DEBUG 24340 --- [usuarios] [           main] org.hibernate.type.BasicTypeRegistry     : Adding type registration java.lang.Double -> org.hibernate.type.BasicTypeReference@3130ca39
2024-04-24T15:44:31.322-04:00 DEBUG 24340 --- [usuarios] [           main] org.hibernate.type.BasicTypeRegistry     : Adding type registration big_integer -> org.hibernate.type.BasicTypeReference@17fb5184
2024-04-24T15:44:31.322-04:00 DEBUG 24340 --- [usuarios] [           main] org.hibernate.type.BasicTypeRegistry     : Adding type registration java.math.BigInteger -> org.hibernate.type.BasicTypeReference@17fb5184
2024-04-24T15:44:31.322-04:00 DEBUG 24340 --- [usuarios] [           main] org.hibernate.type.BasicTypeRegistry     : Adding type registration big_decimal -> org.hibernate.type.BasicTypeReference@184bb873
2024-04-24T15:44:31.322-04:00 DEBUG 24340 --- [usuarios] [           main] org.hibernate.type.BasicTypeRegistry     : Adding type registration java.math.BigDecimal -> org.hibernate.type.BasicTypeReference@184bb873
2024-04-24T15:44:31.322-04:00 DEBUG 24340 --- [usuarios] [           main] org.hibernate.type.BasicTypeRegistry     : Adding type registration character -> org.hibernate.type.BasicTypeReference@696ce057
2024-04-24T15:44:31.322-04:00 DEBUG 24340 --- [usuarios] [           main] org.hibernate.type.BasicTypeRegistry     : Adding type registration char -> org.hibernate.type.BasicTypeReference@696ce057
2024-04-24T15:44:31.322-04:00 DEBUG 24340 --- [usuarios] [           main] org.hibernate.type.BasicTypeRegistry     : Adding type registration java.lang.Character -> org.hibernate.type.BasicTypeReference@696ce057
2024-04-24T15:44:31.322-04:00 DEBUG 24340 --- [usuarios] [           main] org.hibernate.type.BasicTypeRegistry     : Adding type registration character_nchar -> org.hibernate.type.BasicTypeReference@5eba9e41
2024-04-24T15:44:31.322-04:00 DEBUG 24340 --- [usuarios] [           main] org.hibernate.type.BasicTypeRegistry     : Adding type registration string -> org.hibernate.type.BasicTypeReference@13809363
2024-04-24T15:44:31.323-04:00 DEBUG 24340 --- [usuarios] [           main] org.hibernate.type.BasicTypeRegistry     : Adding type registration java.lang.String -> org.hibernate.type.BasicTypeReference@13809363
2024-04-24T15:44:31.323-04:00 DEBUG 24340 --- [usuarios] [           main] org.hibernate.type.BasicTypeRegistry     : Adding type registration nstring -> org.hibernate.type.BasicTypeReference@564d3940
2024-04-24T15:44:31.323-04:00 DEBUG 24340 --- [usuarios] [           main] org.hibernate.type.BasicTypeRegistry     : Adding type registration characters -> org.hibernate.type.BasicTypeReference@58ad0586
2024-04-24T15:44:31.323-04:00 DEBUG 24340 --- [usuarios] [           main] org.hibernate.type.BasicTypeRegistry     : Adding type registration char[] -> org.hibernate.type.BasicTypeReference@58ad0586
2024-04-24T15:44:31.323-04:00 DEBUG 24340 --- [usuarios] [           main] org.hibernate.type.BasicTypeRegistry     : Adding type registration [C -> org.hibernate.type.BasicTypeReference@58ad0586
2024-04-24T15:44:31.323-04:00 DEBUG 24340 --- [usuarios] [           main] org.hibernate.type.BasicTypeRegistry     : Adding type registration wrapper-characters -> org.hibernate.type.BasicTypeReference@526fc044
2024-04-24T15:44:31.323-04:00 DEBUG 24340 --- [usuarios] [           main] org.hibernate.type.BasicTypeRegistry     : Adding type registration text -> org.hibernate.type.BasicTypeReference@45635ae1
2024-04-24T15:44:31.323-04:00 DEBUG 24340 --- [usuarios] [           main] org.hibernate.type.BasicTypeRegistry     : Adding type registration ntext -> org.hibernate.type.BasicTypeReference@7adbec34
2024-04-24T15:44:31.323-04:00 DEBUG 24340 --- [usuarios] [           main] org.hibernate.type.BasicTypeRegistry     : Adding type registration clob -> org.hibernate.type.BasicTypeReference@4aea57dc
2024-04-24T15:44:31.323-04:00 DEBUG 24340 --- [usuarios] [           main] org.hibernate.type.BasicTypeRegistry     : Adding type registration java.sql.Clob -> org.hibernate.type.BasicTypeReference@4aea57dc
2024-04-24T15:44:31.323-04:00 DEBUG 24340 --- [usuarios] [           main] org.hibernate.type.BasicTypeRegistry     : Adding type registration nclob -> org.hibernate.type.BasicTypeReference@66abc325
2024-04-24T15:44:31.323-04:00 DEBUG 24340 --- [usuarios] [           main] org.hibernate.type.BasicTypeRegistry     : Adding type registration java.sql.NClob -> org.hibernate.type.BasicTypeReference@66abc325
2024-04-24T15:44:31.323-04:00 DEBUG 24340 --- [usuarios] [           main] org.hibernate.type.BasicTypeRegistry     : Adding type registration materialized_clob -> org.hibernate.type.BasicTypeReference@39403943
2024-04-24T15:44:31.323-04:00 DEBUG 24340 --- [usuarios] [           main] org.hibernate.type.BasicTypeRegistry     : Adding type registration materialized_clob_char_array -> org.hibernate.type.BasicTypeReference@1c5fd813
2024-04-24T15:44:31.323-04:00 DEBUG 24340 --- [usuarios] [           main] org.hibernate.type.BasicTypeRegistry     : Adding type registration materialized_clob_character_array -> org.hibernate.type.BasicTypeReference@49338f3
2024-04-24T15:44:31.323-04:00 DEBUG 24340 --- [usuarios] [           main] org.hibernate.type.BasicTypeRegistry     : Adding type registration materialized_nclob -> org.hibernate.type.BasicTypeReference@3c9971af
2024-04-24T15:44:31.324-04:00 DEBUG 24340 --- [usuarios] [           main] org.hibernate.type.BasicTypeRegistry     : Adding type registration materialized_nclob_character_array -> org.hibernate.type.BasicTypeReference@4abdd5e
2024-04-24T15:44:31.324-04:00 DEBUG 24340 --- [usuarios] [           main] org.hibernate.type.BasicTypeRegistry     : Adding type registration materialized_nclob_char_array -> org.hibernate.type.BasicTypeReference@66d61298
2024-04-24T15:44:31.324-04:00 DEBUG 24340 --- [usuarios] [           main] org.hibernate.type.BasicTypeRegistry     : Adding type registration Duration -> org.hibernate.type.BasicTypeReference@7b9fea11
2024-04-24T15:44:31.324-04:00 DEBUG 24340 --- [usuarios] [           main] org.hibernate.type.BasicTypeRegistry     : Adding type registration java.time.Duration -> org.hibernate.type.BasicTypeReference@7b9fea11
2024-04-24T15:44:31.324-04:00 DEBUG 24340 --- [usuarios] [           main] org.hibernate.type.BasicTypeRegistry     : Adding type registration LocalDateTime -> org.hibernate.type.BasicTypeReference@c7cf8c4
2024-04-24T15:44:31.324-04:00 DEBUG 24340 --- [usuarios] [           main] org.hibernate.type.BasicTypeRegistry     : Adding type registration java.time.LocalDateTime -> org.hibernate.type.BasicTypeReference@c7cf8c4
2024-04-24T15:44:31.324-04:00 DEBUG 24340 --- [usuarios] [           main] org.hibernate.type.BasicTypeRegistry     : Adding type registration LocalDate -> org.hibernate.type.BasicTypeReference@56e78538
2024-04-24T15:44:31.324-04:00 DEBUG 24340 --- [usuarios] [           main] org.hibernate.type.BasicTypeRegistry     : Adding type registration java.time.LocalDate -> org.hibernate.type.BasicTypeReference@56e78538
2024-04-24T15:44:31.324-04:00 DEBUG 24340 --- [usuarios] [           main] org.hibernate.type.BasicTypeRegistry     : Adding type registration LocalTime -> org.hibernate.type.BasicTypeReference@731fae
2024-04-24T15:44:31.324-04:00 DEBUG 24340 --- [usuarios] [           main] org.hibernate.type.BasicTypeRegistry     : Adding type registration java.time.LocalTime -> org.hibernate.type.BasicTypeReference@731fae
2024-04-24T15:44:31.324-04:00 DEBUG 24340 --- [usuarios] [           main] org.hibernate.type.BasicTypeRegistry     : Adding type registration OffsetDateTime -> org.hibernate.type.BasicTypeReference@438a2d3
2024-04-24T15:44:31.324-04:00 DEBUG 24340 --- [usuarios] [           main] org.hibernate.type.BasicTypeRegistry     : Adding type registration java.time.OffsetDateTime -> org.hibernate.type.BasicTypeReference@438a2d3
2024-04-24T15:44:31.324-04:00 DEBUG 24340 --- [usuarios] [           main] org.hibernate.type.BasicTypeRegistry     : Adding type registration OffsetDateTimeWithTimezone -> org.hibernate.type.BasicTypeReference@6fe9c048
2024-04-24T15:44:31.324-04:00 DEBUG 24340 --- [usuarios] [           main] org.hibernate.type.BasicTypeRegistry     : Adding type registration OffsetDateTimeWithoutTimezone -> org.hibernate.type.BasicTypeReference@54d46c8
2024-04-24T15:44:31.324-04:00 DEBUG 24340 --- [usuarios] [           main] org.hibernate.type.BasicTypeRegistry     : Adding type registration OffsetTime -> org.hibernate.type.BasicTypeReference@1ddba7a0
2024-04-24T15:44:31.324-04:00 DEBUG 24340 --- [usuarios] [           main] org.hibernate.type.BasicTypeRegistry     : Adding type registration java.time.OffsetTime -> org.hibernate.type.BasicTypeReference@1ddba7a0
2024-04-24T15:44:31.324-04:00 DEBUG 24340 --- [usuarios] [           main] org.hibernate.type.BasicTypeRegistry     : Adding type registration OffsetTimeUtc -> org.hibernate.type.BasicTypeReference@5c34b0f2
2024-04-24T15:44:31.325-04:00 DEBUG 24340 --- [usuarios] [           main] org.hibernate.type.BasicTypeRegistry     : Adding type registration OffsetTimeWithTimezone -> org.hibernate.type.BasicTypeReference@7dfec0bc
2024-04-24T15:44:31.325-04:00 DEBUG 24340 --- [usuarios] [           main] org.hibernate.type.BasicTypeRegistry     : Adding type registration OffsetTimeWithoutTimezone -> org.hibernate.type.BasicTypeReference@12eaa2cd
2024-04-24T15:44:31.325-04:00 DEBUG 24340 --- [usuarios] [           main] org.hibernate.type.BasicTypeRegistry     : Adding type registration ZonedDateTime -> org.hibernate.type.BasicTypeReference@52ccf197
2024-04-24T15:44:31.325-04:00 DEBUG 24340 --- [usuarios] [           main] org.hibernate.type.BasicTypeRegistry     : Adding type registration java.time.ZonedDateTime -> org.hibernate.type.BasicTypeReference@52ccf197
2024-04-24T15:44:31.325-04:00 DEBUG 24340 --- [usuarios] [           main] org.hibernate.type.BasicTypeRegistry     : Adding type registration ZonedDateTimeWithTimezone -> org.hibernate.type.BasicTypeReference@2b06681c
2024-04-24T15:44:31.325-04:00 DEBUG 24340 --- [usuarios] [           main] org.hibernate.type.BasicTypeRegistry     : Adding type registration ZonedDateTimeWithoutTimezone -> org.hibernate.type.BasicTypeReference@20f6b6e0
2024-04-24T15:44:31.325-04:00 DEBUG 24340 --- [usuarios] [           main] org.hibernate.type.BasicTypeRegistry     : Adding type registration date -> org.hibernate.type.BasicTypeReference@67cd84f9
2024-04-24T15:44:31.325-04:00 DEBUG 24340 --- [usuarios] [           main] org.hibernate.type.BasicTypeRegistry     : Adding type registration java.sql.Date -> org.hibernate.type.BasicTypeReference@67cd84f9
2024-04-24T15:44:31.325-04:00 DEBUG 24340 --- [usuarios] [           main] org.hibernate.type.BasicTypeRegistry     : Adding type registration time -> org.hibernate.type.BasicTypeReference@52b891de
2024-04-24T15:44:31.325-04:00 DEBUG 24340 --- [usuarios] [           main] org.hibernate.type.BasicTypeRegistry     : Adding type registration java.sql.Time -> org.hibernate.type.BasicTypeReference@52b891de
2024-04-24T15:44:31.325-04:00 DEBUG 24340 --- [usuarios] [           main] org.hibernate.type.BasicTypeRegistry     : Adding type registration timestamp -> org.hibernate.type.BasicTypeReference@4ae6451d
2024-04-24T15:44:31.325-04:00 DEBUG 24340 --- [usuarios] [           main] org.hibernate.type.BasicTypeRegistry     : Adding type registration java.sql.Timestamp -> org.hibernate.type.BasicTypeReference@4ae6451d
2024-04-24T15:44:31.325-04:00 DEBUG 24340 --- [usuarios] [           main] org.hibernate.type.BasicTypeRegistry     : Adding type registration java.util.Date -> org.hibernate.type.BasicTypeReference@4ae6451d
2024-04-24T15:44:31.325-04:00 DEBUG 24340 --- [usuarios] [           main] org.hibernate.type.BasicTypeRegistry     : Adding type registration calendar -> org.hibernate.type.BasicTypeReference@5f32ab17
2024-04-24T15:44:31.325-04:00 DEBUG 24340 --- [usuarios] [           main] org.hibernate.type.BasicTypeRegistry     : Adding type registration java.util.Calendar -> org.hibernate.type.BasicTypeReference@5f32ab17
2024-04-24T15:44:31.325-04:00 DEBUG 24340 --- [usuarios] [           main] org.hibernate.type.BasicTypeRegistry     : Adding type registration java.util.GregorianCalendar -> org.hibernate.type.BasicTypeReference@5f32ab17
2024-04-24T15:44:31.325-04:00 DEBUG 24340 --- [usuarios] [           main] org.hibernate.type.BasicTypeRegistry     : Adding type registration calendar_date -> org.hibernate.type.BasicTypeReference@54530644
2024-04-24T15:44:31.326-04:00 DEBUG 24340 --- [usuarios] [           main] org.hibernate.type.BasicTypeRegistry     : Adding type registration calendar_time -> org.hibernate.type.BasicTypeReference@42734b71
2024-04-24T15:44:31.326-04:00 DEBUG 24340 --- [usuarios] [           main] org.hibernate.type.BasicTypeRegistry     : Adding type registration instant -> org.hibernate.type.BasicTypeReference@3a45308f
2024-04-24T15:44:31.326-04:00 DEBUG 24340 --- [usuarios] [           main] org.hibernate.type.BasicTypeRegistry     : Adding type registration java.time.Instant -> org.hibernate.type.BasicTypeReference@3a45308f
2024-04-24T15:44:31.326-04:00 DEBUG 24340 --- [usuarios] [           main] org.hibernate.type.BasicTypeRegistry     : Adding type registration uuid -> org.hibernate.type.BasicTypeReference@70e54ec3
2024-04-24T15:44:31.326-04:00 DEBUG 24340 --- [usuarios] [           main] org.hibernate.type.BasicTypeRegistry     : Adding type registration java.util.UUID -> org.hibernate.type.BasicTypeReference@70e54ec3
2024-04-24T15:44:31.326-04:00 DEBUG 24340 --- [usuarios] [           main] org.hibernate.type.BasicTypeRegistry     : Adding type registration pg-uuid -> org.hibernate.type.BasicTypeReference@70e54ec3
2024-04-24T15:44:31.326-04:00 DEBUG 24340 --- [usuarios] [           main] org.hibernate.type.BasicTypeRegistry     : Adding type registration uuid-binary -> org.hibernate.type.BasicTypeReference@3cc817bd
2024-04-24T15:44:31.326-04:00 DEBUG 24340 --- [usuarios] [           main] org.hibernate.type.BasicTypeRegistry     : Adding type registration uuid-char -> org.hibernate.type.BasicTypeReference@64b8eb96
2024-04-24T15:44:31.326-04:00 DEBUG 24340 --- [usuarios] [           main] org.hibernate.type.BasicTypeRegistry     : Adding type registration class -> org.hibernate.type.BasicTypeReference@776a7ec6
2024-04-24T15:44:31.326-04:00 DEBUG 24340 --- [usuarios] [           main] org.hibernate.type.BasicTypeRegistry     : Adding type registration java.lang.Class -> org.hibernate.type.BasicTypeReference@776a7ec6
2024-04-24T15:44:31.326-04:00 DEBUG 24340 --- [usuarios] [           main] org.hibernate.type.BasicTypeRegistry     : Adding type registration currency -> org.hibernate.type.BasicTypeReference@2d23a5be
2024-04-24T15:44:31.326-04:00 DEBUG 24340 --- [usuarios] [           main] org.hibernate.type.BasicTypeRegistry     : Adding type registration Currency -> org.hibernate.type.BasicTypeReference@2d23a5be
2024-04-24T15:44:31.327-04:00 DEBUG 24340 --- [usuarios] [           main] org.hibernate.type.BasicTypeRegistry     : Adding type registration java.util.Currency -> org.hibernate.type.BasicTypeReference@2d23a5be
2024-04-24T15:44:31.327-04:00 DEBUG 24340 --- [usuarios] [           main] org.hibernate.type.BasicTypeRegistry     : Adding type registration locale -> org.hibernate.type.BasicTypeReference@726d8fa0
2024-04-24T15:44:31.327-04:00 DEBUG 24340 --- [usuarios] [           main] org.hibernate.type.BasicTypeRegistry     : Adding type registration java.util.Locale -> org.hibernate.type.BasicTypeReference@726d8fa0
2024-04-24T15:44:31.327-04:00 DEBUG 24340 --- [usuarios] [           main] org.hibernate.type.BasicTypeRegistry     : Adding type registration serializable -> org.hibernate.type.BasicTypeReference@56554365
2024-04-24T15:44:31.327-04:00 DEBUG 24340 --- [usuarios] [           main] org.hibernate.type.BasicTypeRegistry     : Adding type registration java.io.Serializable -> org.hibernate.type.BasicTypeReference@56554365
2024-04-24T15:44:31.328-04:00 DEBUG 24340 --- [usuarios] [           main] org.hibernate.type.BasicTypeRegistry     : Adding type registration timezone -> org.hibernate.type.BasicTypeReference@666b1244
2024-04-24T15:44:31.328-04:00 DEBUG 24340 --- [usuarios] [           main] org.hibernate.type.BasicTypeRegistry     : Adding type registration java.util.TimeZone -> org.hibernate.type.BasicTypeReference@666b1244
2024-04-24T15:44:31.328-04:00 DEBUG 24340 --- [usuarios] [           main] org.hibernate.type.BasicTypeRegistry     : Adding type registration ZoneOffset -> org.hibernate.type.BasicTypeReference@66130c3b
2024-04-24T15:44:31.328-04:00 DEBUG 24340 --- [usuarios] [           main] org.hibernate.type.BasicTypeRegistry     : Adding type registration java.time.ZoneOffset -> org.hibernate.type.BasicTypeReference@66130c3b
2024-04-24T15:44:31.328-04:00 DEBUG 24340 --- [usuarios] [           main] org.hibernate.type.BasicTypeRegistry     : Adding type registration url -> org.hibernate.type.BasicTypeReference@789d8fd6
2024-04-24T15:44:31.328-04:00 DEBUG 24340 --- [usuarios] [           main] org.hibernate.type.BasicTypeRegistry     : Adding type registration java.net.URL -> org.hibernate.type.BasicTypeReference@789d8fd6
2024-04-24T15:44:31.328-04:00 DEBUG 24340 --- [usuarios] [           main] org.hibernate.type.BasicTypeRegistry     : Adding type registration vector -> org.hibernate.type.BasicTypeReference@42fa5cb
2024-04-24T15:44:31.328-04:00 DEBUG 24340 --- [usuarios] [           main] org.hibernate.type.BasicTypeRegistry     : Adding type registration row_version -> org.hibernate.type.BasicTypeReference@3ae87e38
2024-04-24T15:44:31.335-04:00 DEBUG 24340 --- [usuarios] [           main] org.hibernate.type.BasicTypeRegistry     : Adding type registration object -> org.hibernate.type.JavaObjectType@44a485bc
2024-04-24T15:44:31.335-04:00 DEBUG 24340 --- [usuarios] [           main] org.hibernate.type.BasicTypeRegistry     : Adding type registration java.lang.Object -> org.hibernate.type.JavaObjectType@44a485bc
2024-04-24T15:44:31.336-04:00 DEBUG 24340 --- [usuarios] [           main] org.hibernate.type.BasicTypeRegistry     : Adding type registration null -> org.hibernate.type.NullType@355b53cc
2024-04-24T15:44:31.337-04:00 DEBUG 24340 --- [usuarios] [           main] org.hibernate.type.BasicTypeRegistry     : Adding type registration imm_date -> org.hibernate.type.BasicTypeReference@2568611c
2024-04-24T15:44:31.337-04:00 DEBUG 24340 --- [usuarios] [           main] org.hibernate.type.BasicTypeRegistry     : Adding type registration imm_time -> org.hibernate.type.BasicTypeReference@2bda7a5b
2024-04-24T15:44:31.337-04:00 DEBUG 24340 --- [usuarios] [           main] org.hibernate.type.BasicTypeRegistry     : Adding type registration imm_timestamp -> org.hibernate.type.BasicTypeReference@47374fa5
2024-04-24T15:44:31.337-04:00 DEBUG 24340 --- [usuarios] [           main] org.hibernate.type.BasicTypeRegistry     : Adding type registration imm_calendar -> org.hibernate.type.BasicTypeReference@289da1bc
2024-04-24T15:44:31.337-04:00 DEBUG 24340 --- [usuarios] [           main] org.hibernate.type.BasicTypeRegistry     : Adding type registration imm_calendar_date -> org.hibernate.type.BasicTypeReference@4e1b5532
2024-04-24T15:44:31.337-04:00 DEBUG 24340 --- [usuarios] [           main] org.hibernate.type.BasicTypeRegistry     : Adding type registration imm_calendar_time -> org.hibernate.type.BasicTypeReference@366bf608
2024-04-24T15:44:31.337-04:00 DEBUG 24340 --- [usuarios] [           main] org.hibernate.type.BasicTypeRegistry     : Adding type registration imm_binary -> org.hibernate.type.BasicTypeReference@4b5cdd07
2024-04-24T15:44:31.337-04:00 DEBUG 24340 --- [usuarios] [           main] org.hibernate.type.BasicTypeRegistry     : Adding type registration imm_serializable -> org.hibernate.type.BasicTypeReference@e890591
2024-04-24T15:44:31.344-04:00 DEBUG 24340 --- [usuarios] [           main] o.h.boot.internal.BootstrapContextImpl   : Injecting JPA temp ClassLoader [org.springframework.instrument.classloading.SimpleThrowawayClassLoader@3f3f554f] into BootstrapContext; was [null]
2024-04-24T15:44:31.345-04:00 DEBUG 24340 --- [usuarios] [           main] o.h.boot.internal.ClassLoaderAccessImpl  : ClassLoaderAccessImpl#injectTempClassLoader(org.springframework.instrument.classloading.SimpleThrowawayClassLoader@3f3f554f) [was null]
2024-04-24T15:44:31.345-04:00 DEBUG 24340 --- [usuarios] [           main] o.h.boot.internal.BootstrapContextImpl   : Injecting ScanEnvironment [org.hibernate.jpa.boot.internal.StandardJpaScanEnvironmentImpl@2a341e3d] into BootstrapContext; was [null]
2024-04-24T15:44:31.345-04:00 DEBUG 24340 --- [usuarios] [           main] o.h.boot.internal.BootstrapContextImpl   : Injecting ScanOptions [org.hibernate.boot.archive.scan.internal.StandardScanOptions@a4dcede] into BootstrapContext; was [org.hibernate.boot.archive.scan.internal.StandardScanOptions@7ee02968]
2024-04-24T15:44:31.378-04:00  INFO 24340 --- [usuarios] [           main] o.s.o.j.p.SpringPersistenceUnitInfo      : No LoadTimeWeaver setup: ignoring JPA class transformer
2024-04-24T15:44:31.378-04:00 DEBUG 24340 --- [usuarios] [           main] o.h.boot.internal.BootstrapContextImpl   : Injecting JPA temp ClassLoader [null] into BootstrapContext; was [org.springframework.instrument.classloading.SimpleThrowawayClassLoader@3f3f554f]
2024-04-24T15:44:31.378-04:00 DEBUG 24340 --- [usuarios] [           main] o.h.boot.internal.ClassLoaderAccessImpl  : ClassLoaderAccessImpl#injectTempClassLoader(null) [was org.springframework.instrument.classloading.SimpleThrowawayClassLoader@3f3f554f]
2024-04-24T15:44:31.411-04:00  INFO 24340 --- [usuarios] [           main] com.zaxxer.hikari.HikariDataSource       : HikariPool-1 - Starting...
2024-04-24T15:44:31.415-04:00  WARN 24340 --- [usuarios] [           main] c.zaxxer.hikari.util.DriverDataSource    : Registered driver with driverClassName=oracle.jdbc.driver.OracleDriver was not found, trying direct instantiation.
2024-04-24T15:44:32.599-04:00  INFO 24340 --- [usuarios] [           main] com.zaxxer.hikari.pool.HikariPool        : HikariPool-1 - Added connection oracle.jdbc.driver.T4CConnection@84becbe
2024-04-24T15:44:32.601-04:00  INFO 24340 --- [usuarios] [           main] com.zaxxer.hikari.HikariDataSource       : HikariPool-1 - Start completed.
2024-04-24T15:44:32.607-04:00 DEBUG 24340 --- [usuarios] [           main] o.h.e.j.e.i.JdbcEnvironmentInitiator     : Database ->
       name : Oracle
    version : Oracle Database 19c Enterprise Edition Release 19.0.0.0.0 - Production
Version 19.23.0.1.0
      major : 19
      minor : 0
2024-04-24T15:44:32.607-04:00 DEBUG 24340 --- [usuarios] [           main] o.h.e.j.e.i.JdbcEnvironmentInitiator     : Driver ->
       name : Oracle JDBC driver
    version : 21.9.0.0.0
      major : 21
      minor : 9
2024-04-24T15:44:32.607-04:00 DEBUG 24340 --- [usuarios] [           main] o.h.e.j.e.i.JdbcEnvironmentInitiator     : JDBC version : 4.3
2024-04-24T15:44:32.801-04:00  WARN 24340 --- [usuarios] [           main] org.hibernate.orm.deprecation            : HHH90000025: OracleDialect does not need to be specified explicitly using 'hibernate.dialect' (remove the property setting and it will be selected by default)
2024-04-24T15:44:32.802-04:00 DEBUG 24340 --- [usuarios] [           main] org.hibernate.orm.dialect                : HHH035001: Using dialect: org.hibernate.dialect.OracleDialect, version: 19.0
2024-04-24T15:44:32.854-04:00 DEBUG 24340 --- [usuarios] [           main] o.h.t.d.jdbc.spi.JdbcTypeRegistry        : addDescriptor(NCharTypeDescriptor) replaced previous registration(CharTypeDescriptor)
2024-04-24T15:44:32.854-04:00 DEBUG 24340 --- [usuarios] [           main] o.h.t.d.jdbc.spi.JdbcTypeRegistry        : addDescriptor(NVarcharTypeDescriptor) replaced previous registration(VarcharTypeDescriptor)
2024-04-24T15:44:32.855-04:00 DEBUG 24340 --- [usuarios] [           main] o.h.t.d.jdbc.spi.JdbcTypeRegistry        : addDescriptor(LongNVarcharTypeDescriptor) replaced previous registration(LongVarcharTypeDescriptor)
2024-04-24T15:44:32.856-04:00 DEBUG 24340 --- [usuarios] [           main] o.h.t.d.jdbc.spi.JdbcTypeRegistry        : addDescriptor(NClobTypeDescriptor(DEFAULT)) replaced previous registration(ClobTypeDescriptor(DEFAULT))
2024-04-24T15:44:32.857-04:00 DEBUG 24340 --- [usuarios] [           main] o.h.t.d.jdbc.spi.JdbcTypeRegistry        : addDescriptor(2005, ClobTypeDescriptor(STREAM_BINDING)) replaced previous registration(ClobTypeDescriptor(DEFAULT))
2024-04-24T15:44:32.858-04:00 DEBUG 24340 --- [usuarios] [           main] o.h.t.d.jdbc.spi.JdbcTypeRegistry        : addDescriptor(BooleanTypeDescriptor) replaced previous registration(BooleanTypeDescriptor)
2024-04-24T15:44:32.867-04:00 DEBUG 24340 --- [usuarios] [           main] org.hibernate.type.BasicTypeRegistry     : Adding type registration null -> org.hibernate.type.NullType@6334c0d8
2024-04-24T15:44:32.867-04:00 DEBUG 24340 --- [usuarios] [           main] org.hibernate.type.BasicTypeRegistry     : Type registration key [null] overrode previous entry : `org.hibernate.type.NullType@355b53cc`
2024-04-24T15:44:32.868-04:00 DEBUG 24340 --- [usuarios] [           main] org.hibernate.type.BasicTypeRegistry     : Adding type registration JAVA_OBJECT -> org.hibernate.type.JavaObjectType@43d84df1
2024-04-24T15:44:32.868-04:00 DEBUG 24340 --- [usuarios] [           main] org.hibernate.type.BasicTypeRegistry     : Adding type registration java.lang.Object -> org.hibernate.type.JavaObjectType@43d84df1
2024-04-24T15:44:32.868-04:00 DEBUG 24340 --- [usuarios] [           main] org.hibernate.type.BasicTypeRegistry     : Type registration key [java.lang.Object] overrode previous entry : `org.hibernate.type.JavaObjectType@44a485bc`
2024-04-24T15:44:32.871-04:00 DEBUG 24340 --- [usuarios] [           main] org.hibernate.type.BasicTypeRegistry     : Adding type registration org.hibernate.type.DurationType -> basicType@1(java.time.Duration,3015)
2024-04-24T15:44:32.872-04:00 DEBUG 24340 --- [usuarios] [           main] org.hibernate.type.BasicTypeRegistry     : Adding type registration Duration -> basicType@1(java.time.Duration,3015)
2024-04-24T15:44:32.872-04:00 DEBUG 24340 --- [usuarios] [           main] org.hibernate.type.BasicTypeRegistry     : Adding type registration java.time.Duration -> basicType@1(java.time.Duration,3015)
2024-04-24T15:44:32.875-04:00 DEBUG 24340 --- [usuarios] [           main] o.h.type.spi.TypeConfiguration$Scope     : Scoping TypeConfiguration [org.hibernate.type.spi.TypeConfiguration@40b678b3] to MetadataBuildingContext [org.hibernate.boot.internal.MetadataBuildingContextRootImpl@5f7c1de0]
2024-04-24T15:44:32.912-04:00 DEBUG 24340 --- [usuarios] [           main] o.h.boot.model.relational.Namespace      : Created database namespace [logicalName=Name{catalog=null, schema=null}, physicalName=Name{catalog=null, schema=null}]
2024-04-24T15:44:32.938-04:00 DEBUG 24340 --- [usuarios] [           main] o.h.boot.model.internal.EntityBinder     : Binding entity from annotated class: com.gestorusuario.usuarios.model.Perfil
2024-04-24T15:44:32.946-04:00 DEBUG 24340 --- [usuarios] [           main] o.h.boot.model.internal.EntityBinder     : Import with entity name Perfil
2024-04-24T15:44:32.952-04:00 DEBUG 24340 --- [usuarios] [           main] o.h.boot.model.internal.EntityBinder     : Bind entity com.gestorusuario.usuarios.model.Perfil on table perfil
2024-04-24T15:44:32.960-04:00 DEBUG 24340 --- [usuarios] [           main] o.h.boot.model.internal.AnnotatedColumn  : Binding column: AnnotatedDiscriminatorColumn(column='DTYPE')
2024-04-24T15:44:32.975-04:00 DEBUG 24340 --- [usuarios] [           main] o.h.boot.model.internal.AnnotatedColumn  : Binding column: AnnotatedColumn(column='idperfil')
2024-04-24T15:44:32.977-04:00 DEBUG 24340 --- [usuarios] [           main] o.h.boot.internal.ClassLoaderAccessImpl  : Not known whether passed class name [com.gestorusuario.usuarios.model.Perfil] is safe
2024-04-24T15:44:32.978-04:00 DEBUG 24340 --- [usuarios] [           main] o.h.boot.internal.ClassLoaderAccessImpl  : No temp ClassLoader provided; using live ClassLoader for loading potentially unsafe class : com.gestorusuario.usuarios.model.Perfil
2024-04-24T15:44:32.982-04:00 DEBUG 24340 --- [usuarios] [           main] o.h.boot.model.internal.PropertyBinder   : MetadataSourceProcessor property idperfil with lazy=false
2024-04-24T15:44:32.987-04:00 DEBUG 24340 --- [usuarios] [           main] o.h.b.m.internal.AbstractPropertyHolder  : Attempting to locate auto-apply AttributeConverter for property [com.gestorusuario.usuarios.model.Perfil:idperfil]
2024-04-24T15:44:32.991-04:00 DEBUG 24340 --- [usuarios] [           main] o.h.b.model.internal.BasicValueBinder    : building BasicValue for idperfil
2024-04-24T15:44:32.994-04:00 DEBUG 24340 --- [usuarios] [           main] org.hibernate.mapping.BasicValue         : Skipping column re-registration: perfil.idperfil
2024-04-24T15:44:32.994-04:00 DEBUG 24340 --- [usuarios] [           main] o.h.boot.model.internal.PropertyBinder   : Building property idperfil
2024-04-24T15:44:32.997-04:00 DEBUG 24340 --- [usuarios] [           main] o.h.boot.model.internal.BinderHelper     : #makeIdGenerator(BasicValue([Column(idperfil)]), idperfil, identity, , ...)
2024-04-24T15:44:32.998-04:00 DEBUG 24340 --- [usuarios] [           main] o.h.boot.model.internal.AnnotatedColumn  : Binding column: AnnotatedColumn(column='descripcion')
2024-04-24T15:44:32.999-04:00 DEBUG 24340 --- [usuarios] [           main] o.h.boot.model.internal.PropertyBinder   : MetadataSourceProcessor property descripcion with lazy=false
2024-04-24T15:44:32.999-04:00 DEBUG 24340 --- [usuarios] [           main] o.h.b.m.internal.AbstractPropertyHolder  : Attempting to locate auto-apply AttributeConverter for property [com.gestorusuario.usuarios.model.Perfil:descripcion]
2024-04-24T15:44:32.999-04:00 DEBUG 24340 --- [usuarios] [           main] o.h.b.model.internal.BasicValueBinder    : building BasicValue for descripcion
2024-04-24T15:44:32.999-04:00 DEBUG 24340 --- [usuarios] [           main] org.hibernate.mapping.BasicValue         : Skipping column re-registration: perfil.descripcion
2024-04-24T15:44:32.999-04:00 DEBUG 24340 --- [usuarios] [           main] o.h.boot.model.internal.PropertyBinder   : Building property descripcion
2024-04-24T15:44:32.999-04:00 DEBUG 24340 --- [usuarios] [           main] o.h.boot.model.internal.AnnotatedColumn  : Binding column: AnnotatedColumn(column='nombreperfil')
2024-04-24T15:44:32.999-04:00 DEBUG 24340 --- [usuarios] [           main] o.h.boot.model.internal.PropertyBinder   : MetadataSourceProcessor property nombreperfil with lazy=false
2024-04-24T15:44:33.000-04:00 DEBUG 24340 --- [usuarios] [           main] o.h.b.m.internal.AbstractPropertyHolder  : Attempting to locate auto-apply AttributeConverter for property [com.gestorusuario.usuarios.model.Perfil:nombreperfil]
2024-04-24T15:44:33.000-04:00 DEBUG 24340 --- [usuarios] [           main] o.h.b.model.internal.BasicValueBinder    : building BasicValue for nombreperfil
2024-04-24T15:44:33.000-04:00 DEBUG 24340 --- [usuarios] [           main] org.hibernate.mapping.BasicValue         : Skipping column re-registration: perfil.nombreperfil
2024-04-24T15:44:33.000-04:00 DEBUG 24340 --- [usuarios] [           main] o.h.boot.model.internal.PropertyBinder   : Building property nombreperfil
2024-04-24T15:44:33.002-04:00 DEBUG 24340 --- [usuarios] [           main] o.h.b.r.c.i.ClassLoaderServiceImpl       : HHH000194: Package not found or wo package-info.java: com.gestorusuario.usuarios.model
2024-04-24T15:44:33.010-04:00 DEBUG 24340 --- [usuarios] [           main] o.h.boot.model.internal.EntityBinder     : Binding entity from annotated class: com.gestorusuario.usuarios.model.Usuario
2024-04-24T15:44:33.011-04:00 DEBUG 24340 --- [usuarios] [           main] o.h.boot.model.internal.EntityBinder     : Import with entity name Usuario
2024-04-24T15:44:33.011-04:00 DEBUG 24340 --- [usuarios] [           main] o.h.boot.model.internal.EntityBinder     : Bind entity com.gestorusuario.usuarios.model.Usuario on table usuario
2024-04-24T15:44:33.011-04:00 DEBUG 24340 --- [usuarios] [           main] o.h.boot.model.internal.AnnotatedColumn  : Binding column: AnnotatedDiscriminatorColumn(column='DTYPE')
2024-04-24T15:44:33.012-04:00 DEBUG 24340 --- [usuarios] [           main] o.h.boot.model.internal.AnnotatedColumn  : Binding column: AnnotatedColumn(column='id')
2024-04-24T15:44:33.012-04:00 DEBUG 24340 --- [usuarios] [           main] o.h.boot.internal.ClassLoaderAccessImpl  : Not known whether passed class name [com.gestorusuario.usuarios.model.Usuario] is safe
2024-04-24T15:44:33.012-04:00 DEBUG 24340 --- [usuarios] [           main] o.h.boot.internal.ClassLoaderAccessImpl  : No temp ClassLoader provided; using live ClassLoader for loading potentially unsafe class : com.gestorusuario.usuarios.model.Usuario
2024-04-24T15:44:33.012-04:00 DEBUG 24340 --- [usuarios] [           main] o.h.boot.model.internal.PropertyBinder   : MetadataSourceProcessor property id with lazy=false
2024-04-24T15:44:33.012-04:00 DEBUG 24340 --- [usuarios] [           main] o.h.b.m.internal.AbstractPropertyHolder  : Attempting to locate auto-apply AttributeConverter for property [com.gestorusuario.usuarios.model.Usuario:id]
2024-04-24T15:44:33.012-04:00 DEBUG 24340 --- [usuarios] [           main] o.h.b.model.internal.BasicValueBinder    : building BasicValue for id
2024-04-24T15:44:33.012-04:00 DEBUG 24340 --- [usuarios] [           main] org.hibernate.mapping.BasicValue         : Skipping column re-registration: usuario.id
2024-04-24T15:44:33.012-04:00 DEBUG 24340 --- [usuarios] [           main] o.h.boot.model.internal.PropertyBinder   : Building property id
2024-04-24T15:44:33.012-04:00 DEBUG 24340 --- [usuarios] [           main] o.h.boot.model.internal.BinderHelper     : #makeIdGenerator(BasicValue([Column(id)]), id, identity, , ...)
2024-04-24T15:44:33.013-04:00 DEBUG 24340 --- [usuarios] [           main] o.h.boot.model.internal.AnnotatedColumn  : Binding column: AnnotatedColumn(column='nombre')
2024-04-24T15:44:33.013-04:00 DEBUG 24340 --- [usuarios] [           main] o.h.boot.model.internal.PropertyBinder   : MetadataSourceProcessor property nombre with lazy=false
2024-04-24T15:44:33.013-04:00 DEBUG 24340 --- [usuarios] [           main] o.h.b.m.internal.AbstractPropertyHolder  : Attempting to locate auto-apply AttributeConverter for property [com.gestorusuario.usuarios.model.Usuario:nombre]
2024-04-24T15:44:33.013-04:00 DEBUG 24340 --- [usuarios] [           main] o.h.b.model.internal.BasicValueBinder    : building BasicValue for nombre
2024-04-24T15:44:33.013-04:00 DEBUG 24340 --- [usuarios] [           main] org.hibernate.mapping.BasicValue         : Skipping column re-registration: usuario.nombre
2024-04-24T15:44:33.013-04:00 DEBUG 24340 --- [usuarios] [           main] o.h.boot.model.internal.PropertyBinder   : Building property nombre
2024-04-24T15:44:33.014-04:00 DEBUG 24340 --- [usuarios] [           main] o.h.boot.model.internal.AnnotatedColumn  : Binding column: AnnotatedColumn(column='password')
2024-04-24T15:44:33.014-04:00 DEBUG 24340 --- [usuarios] [           main] o.h.boot.model.internal.PropertyBinder   : MetadataSourceProcessor property password with lazy=false
2024-04-24T15:44:33.014-04:00 DEBUG 24340 --- [usuarios] [           main] o.h.b.m.internal.AbstractPropertyHolder  : Attempting to locate auto-apply AttributeConverter for property [com.gestorusuario.usuarios.model.Usuario:password]
2024-04-24T15:44:33.014-04:00 DEBUG 24340 --- [usuarios] [           main] o.h.b.model.internal.BasicValueBinder    : building BasicValue for password
2024-04-24T15:44:33.014-04:00 DEBUG 24340 --- [usuarios] [           main] org.hibernate.mapping.BasicValue         : Skipping column re-registration: usuario.password
2024-04-24T15:44:33.014-04:00 DEBUG 24340 --- [usuarios] [           main] o.h.boot.model.internal.PropertyBinder   : Building property password
2024-04-24T15:44:33.016-04:00 DEBUG 24340 --- [usuarios] [           main] o.h.boot.model.internal.AnnotatedColumn  : Binding column: AnnotatedJoinColumn(column='idperfil')
2024-04-24T15:44:33.019-04:00 DEBUG 24340 --- [usuarios] [           main] o.h.boot.model.internal.AnnotatedColumn  : Binding column: AnnotatedColumn()
2024-04-24T15:44:33.026-04:00 DEBUG 24340 --- [usuarios] [           main] o.h.boot.model.internal.PropertyBinder   : Building property perfil
2024-04-24T15:44:33.027-04:00 DEBUG 24340 --- [usuarios] [           main] o.h.b.r.c.i.ClassLoaderServiceImpl       : HHH000194: Package not found or wo package-info.java: com.gestorusuario.usuarios.model
2024-04-24T15:44:33.028-04:00 DEBUG 24340 --- [usuarios] [           main] o.h.b.model.internal.BasicValueBinder    : Starting `BasicValueBinder#fillSimpleValue` for idperfil
2024-04-24T15:44:33.030-04:00 DEBUG 24340 --- [usuarios] [           main] o.h.b.model.internal.BasicValueBinder    : Starting `BasicValueBinder#fillSimpleValue` for descripcion
2024-04-24T15:44:33.030-04:00 DEBUG 24340 --- [usuarios] [           main] o.h.b.model.internal.BasicValueBinder    : Starting `BasicValueBinder#fillSimpleValue` for nombreperfil
2024-04-24T15:44:33.030-04:00 DEBUG 24340 --- [usuarios] [           main] o.h.b.model.internal.BasicValueBinder    : Starting `BasicValueBinder#fillSimpleValue` for id
2024-04-24T15:44:33.030-04:00 DEBUG 24340 --- [usuarios] [           main] o.h.b.model.internal.BasicValueBinder    : Starting `BasicValueBinder#fillSimpleValue` for nombre
2024-04-24T15:44:33.030-04:00 DEBUG 24340 --- [usuarios] [           main] o.h.b.model.internal.BasicValueBinder    : Starting `BasicValueBinder#fillSimpleValue` for password
2024-04-24T15:44:33.037-04:00 DEBUG 24340 --- [usuarios] [           main] org.hibernate.mapping.PrimaryKey         : Forcing column [idperfil] to be non-null as it is part of the primary key for table [perfil]
2024-04-24T15:44:33.037-04:00 DEBUG 24340 --- [usuarios] [           main] org.hibernate.mapping.PrimaryKey         : Forcing column [id] to be non-null as it is part of the primary key for table [usuario]
2024-04-24T15:44:33.039-04:00 DEBUG 24340 --- [usuarios] [           main] o.h.b.i.InFlightMetadataCollectorImpl    : Resolving reference to class: com.gestorusuario.usuarios.model.Perfil
2024-04-24T15:44:33.052-04:00 DEBUG 24340 --- [usuarios] [           main] o.h.b.i.InFlightMetadataCollectorImpl    : Resolving reference to class: com.gestorusuario.usuarios.model.Perfil
2024-04-24T15:44:33.116-04:00 DEBUG 24340 --- [usuarios] [           main] o.hibernate.internal.SessionFactoryImpl  : Building session factory
2024-04-24T15:44:33.172-04:00 DEBUG 24340 --- [usuarios] [           main] .h.s.i.SessionFactoryServiceRegistryImpl : EventListenerRegistry access via ServiceRegistry is deprecated.  Use `sessionFactory.getEventEngine().getListenerRegistry()` instead
2024-04-24T15:44:33.173-04:00 DEBUG 24340 --- [usuarios] [           main] o.hibernate.internal.SessionFactoryImpl  : Instantiating SessionFactory with settings: {java.specification.version=21, sun.cpu.isalist=amd64, hibernate.resource.beans.container=org.springframework.orm.hibernate5.SpringBeanContainer@e0c03bd, hibernate.connection.handling_mode=DELAYED_ACQUISITION_AND_HOLD, sun.jnu.encoding=Cp1252, hibernate.dialect=org.hibernate.dialect.OracleDialect, hibernate.implicit_naming_strategy=org.springframework.boot.orm.jpa.hibernate.SpringImplicitNamingStrategy, java.class.path=C:\Springboot\Semana8\usuarios\target\test-classes;C:\Springboot\Semana8\usuarios\target\classes;C:\Users\dario\.m2\repository\org\springframework\boot\spring-boot-starter-actuator\3.2.4\spring-boot-starter-actuator-3.2.4.jar;C:\Users\dario\.m2\repository\org\springframework\boot\spring-boot-starter\3.2.4\spring-boot-starter-3.2.4.jar;C:\Users\dario\.m2\repository\org\springframework\boot\spring-boot-starter-logging\3.2.4\spring-boot-starter-logging-3.2.4.jar;C:\Users\dario\.m2\repository\ch\qos\logback\logback-classic\1.4.14\logback-classic-1.4.14.jar;C:\Users\dario\.m2\repository\ch\qos\logback\logback-core\1.4.14\logback-core-1.4.14.jar;C:\Users\dario\.m2\repository\org\apache\logging\log4j\log4j-to-slf4j\2.21.1\log4j-to-slf4j-2.21.1.jar;C:\Users\dario\.m2\repository\org\apache\logging\log4j\log4j-api\2.21.1\log4j-api-2.21.1.jar;C:\Users\dario\.m2\repository\org\slf4j\jul-to-slf4j\2.0.12\jul-to-slf4j-2.0.12.jar;C:\Users\dario\.m2\repository\jakarta\annotation\jakarta.annotation-api\2.1.1\jakarta.annotation-api-2.1.1.jar;C:\Users\dario\.m2\repository\org\yaml\snakeyaml\2.2\snakeyaml-2.2.jar;C:\Users\dario\.m2\repository\org\springframework\boot\spring-boot-actuator-autoconfigure\3.2.4\spring-boot-actuator-autoconfigure-3.2.4.jar;C:\Users\dario\.m2\repository\org\springframework\boot\spring-boot-actuator\3.2.4\spring-boot-actuator-3.2.4.jar;C:\Users\dario\.m2\repository\com\fasterxml\jackson\core\jackson-databind\2.15.4\jackson-databind-2.15.4.jar;C:\Users\dario\.m2\repository\com\fasterxml\jackson\core\jackson-annotations\2.15.4\jackson-annotations-2.15.4.jar;C:\Users\dario\.m2\repository\com\fasterxml\jackson\core\jackson-core\2.15.4\jackson-core-2.15.4.jar;C:\Users\dario\.m2\repository\com\fasterxml\jackson\datatype\jackson-datatype-jsr310\2.15.4\jackson-datatype-jsr310-2.15.4.jar;C:\Users\dario\.m2\repository\io\micrometer\micrometer-observation\1.12.4\micrometer-observation-1.12.4.jar;C:\Users\dario\.m2\repository\io\micrometer\micrometer-commons\1.12.4\micrometer-commons-1.12.4.jar;C:\Users\dario\.m2\repository\io\micrometer\micrometer-jakarta9\1.12.4\micrometer-jakarta9-1.12.4.jar;C:\Users\dario\.m2\repository\io\micrometer\micrometer-core\1.12.4\micrometer-core-1.12.4.jar;C:\Users\dario\.m2\repository\org\hdrhistogram\HdrHistogram\2.1.12\HdrHistogram-2.1.12.jar;C:\Users\dario\.m2\repository\org\latencyutils\LatencyUtils\2.0.3\LatencyUtils-2.0.3.jar;C:\Users\dario\.m2\repository\org\springframework\boot\spring-boot-starter-data-jpa\3.2.4\spring-boot-starter-data-jpa-3.2.4.jar;C:\Users\dario\.m2\repository\org\springframework\boot\spring-boot-starter-aop\3.2.4\spring-boot-starter-aop-3.2.4.jar;C:\Users\dario\.m2\repository\org\springframework\spring-aop\6.1.5\spring-aop-6.1.5.jar;C:\Users\dario\.m2\repository\org\aspectj\aspectjweaver\1.9.21\aspectjweaver-1.9.21.jar;C:\Users\dario\.m2\repository\org\springframework\boot\spring-boot-starter-jdbc\3.2.4\spring-boot-starter-jdbc-3.2.4.jar;C:\Users\dario\.m2\repository\com\zaxxer\HikariCP\5.0.1\HikariCP-5.0.1.jar;C:\Users\dario\.m2\repository\org\springframework\spring-jdbc\6.1.5\spring-jdbc-6.1.5.jar;C:\Users\dario\.m2\repository\org\hibernate\orm\hibernate-core\6.4.4.Final\hibernate-core-6.4.4.Final.jar;C:\Users\dario\.m2\repository\jakarta\persistence\jakarta.persistence-api\3.1.0\jakarta.persistence-api-3.1.0.jar;C:\Users\dario\.m2\repository\jakarta\transaction\jakarta.transaction-api\2.0.1\jakarta.transaction-api-2.0.1.jar;C:\Users\dario\.m2\repository\org\jboss\logging\jboss-logging\3.5.3.Final\jboss-logging-3.5.3.Final.jar;C:\Users\dario\.m2\repository\org\hibernate\common\hibernate-commons-annotations\6.0.6.Final\hibernate-commons-annotations-6.0.6.Final.jar;C:\Users\dario\.m2\repository\io\smallrye\jandex\3.1.2\jandex-3.1.2.jar;C:\Users\dario\.m2\repository\com\fasterxml\classmate\1.6.0\classmate-1.6.0.jar;C:\Users\dario\.m2\repository\net\bytebuddy\byte-buddy\1.14.12\byte-buddy-1.14.12.jar;C:\Users\dario\.m2\repository\org\glassfish\jaxb\jaxb-runtime\4.0.5\jaxb-runtime-4.0.5.jar;C:\Users\dario\.m2\repository\org\glassfish\jaxb\jaxb-core\4.0.5\jaxb-core-4.0.5.jar;C:\Users\dario\.m2\repository\org\eclipse\angus\angus-activation\2.0.2\angus-activation-2.0.2.jar;C:\Users\dario\.m2\repository\org\glassfish\jaxb\txw2\4.0.5\txw2-4.0.5.jar;C:\Users\dario\.m2\repository\com\sun\istack\istack-commons-runtime\4.1.2\istack-commons-runtime-4.1.2.jar;C:\Users\dario\.m2\repository\jakarta\inject\jakarta.inject-api\2.0.1\jakarta.inject-api-2.0.1.jar;C:\Users\dario\.m2\repository\org\antlr\antlr4-runtime\4.13.0\antlr4-runtime-4.13.0.jar;C:\Users\dario\.m2\repository\org\springframework\data\spring-data-jpa\3.2.4\spring-data-jpa-3.2.4.jar;C:\Users\dario\.m2\repository\org\springframework\data\spring-data-commons\3.2.4\spring-data-commons-3.2.4.jar;C:\Users\dario\.m2\repository\org\springframework\spring-orm\6.1.5\spring-orm-6.1.5.jar;C:\Users\dario\.m2\repository\org\springframework\spring-context\6.1.5\spring-context-6.1.5.jar;C:\Users\dario\.m2\repository\org\springframework\spring-tx\6.1.5\spring-tx-6.1.5.jar;C:\Users\dario\.m2\repository\org\springframework\spring-beans\6.1.5\spring-beans-6.1.5.jar;C:\Users\dario\.m2\repository\org\slf4j\slf4j-api\2.0.12\slf4j-api-2.0.12.jar;C:\Users\dario\.m2\repository\org\springframework\spring-aspects\6.1.5\spring-aspects-6.1.5.jar;C:\Users\dario\.m2\repository\org\springframework\boot\spring-boot-starter-web\3.2.4\spring-boot-starter-web-3.2.4.jar;C:\Users\dario\.m2\repository\org\springframework\boot\spring-boot-starter-json\3.2.4\spring-boot-starter-json-3.2.4.jar;C:\Users\dario\.m2\repository\com\fasterxml\jackson\datatype\jackson-datatype-jdk8\2.15.4\jackson-datatype-jdk8-2.15.4.jar;C:\Users\dario\.m2\repository\com\fasterxml\jackson\module\jackson-module-parameter-names\2.15.4\jackson-module-parameter-names-2.15.4.jar;C:\Users\dario\.m2\repository\org\springframework\boot\spring-boot-starter-tomcat\3.2.4\spring-boot-starter-tomcat-3.2.4.jar;C:\Users\dario\.m2\repository\org\apache\tomcat\embed\tomcat-embed-core\10.1.19\tomcat-embed-core-10.1.19.jar;C:\Users\dario\.m2\repository\org\apache\tomcat\embed\tomcat-embed-el\10.1.19\tomcat-embed-el-10.1.19.jar;C:\Users\dario\.m2\repository\org\apache\tomcat\embed\tomcat-embed-websocket\10.1.19\tomcat-embed-websocket-10.1.19.jar;C:\Users\dario\.m2\repository\org\springframework\spring-web\6.1.5\spring-web-6.1.5.jar;C:\Users\dario\.m2\repository\org\springframework\spring-webmvc\6.1.5\spring-webmvc-6.1.5.jar;C:\Users\dario\.m2\repository\org\springframework\spring-expression\6.1.5\spring-expression-6.1.5.jar;C:\Users\dario\.m2\repository\org\springframework\boot\spring-boot-devtools\3.2.4\spring-boot-devtools-3.2.4.jar;C:\Users\dario\.m2\repository\org\springframework\boot\spring-boot\3.2.4\spring-boot-3.2.4.jar;C:\Users\dario\.m2\repository\org\springframework\boot\spring-boot-autoconfigure\3.2.4\spring-boot-autoconfigure-3.2.4.jar;C:\Users\dario\.m2\repository\org\projectlombok\lombok\1.18.30\lombok-1.18.30.jar;C:\Users\dario\.m2\repository\org\springframework\boot\spring-boot-starter-test\3.2.4\spring-boot-starter-test-3.2.4.jar;C:\Users\dario\.m2\repository\org\springframework\boot\spring-boot-test\3.2.4\spring-boot-test-3.2.4.jar;C:\Users\dario\.m2\repository\org\springframework\boot\spring-boot-test-autoconfigure\3.2.4\spring-boot-test-autoconfigure-3.2.4.jar;C:\Users\dario\.m2\repository\com\jayway\jsonpath\json-path\2.9.0\json-path-2.9.0.jar;C:\Users\dario\.m2\repository\jakarta\xml\bind\jakarta.xml.bind-api\4.0.2\jakarta.xml.bind-api-4.0.2.jar;C:\Users\dario\.m2\repository\jakarta\activation\jakarta.activation-api\2.1.3\jakarta.activation-api-2.1.3.jar;C:\Users\dario\.m2\repository\net\minidev\json-smart\2.5.0\json-smart-2.5.0.jar;C:\Users\dario\.m2\repository\net\minidev\accessors-smart\2.5.0\accessors-smart-2.5.0.jar;C:\Users\dario\.m2\repository\org\ow2\asm\asm\9.3\asm-9.3.jar;C:\Users\dario\.m2\repository\org\assertj\assertj-core\3.24.2\assertj-core-3.24.2.jar;C:\Users\dario\.m2\repository\org\awaitility\awaitility\4.2.0\awaitility-4.2.0.jar;C:\Users\dario\.m2\repository\org\junit\jupiter\junit-jupiter\5.10.2\junit-jupiter-5.10.2.jar;C:\Users\dario\.m2\repository\org\junit\jupiter\junit-jupiter-api\5.10.2\junit-jupiter-api-5.10.2.jar;C:\Users\dario\.m2\repository\org\opentest4j\opentest4j\1.3.0\opentest4j-1.3.0.jar;C:\Users\dario\.m2\repository\org\junit\platform\junit-platform-commons\1.10.2\junit-platform-commons-1.10.2.jar;C:\Users\dario\.m2\repository\org\apiguardian\apiguardian-api\1.1.2\apiguardian-api-1.1.2.jar;C:\Users\dario\.m2\repository\org\junit\jupiter\junit-jupiter-params\5.10.2\junit-jupiter-params-5.10.2.jar;C:\Users\dario\.m2\repository\org\junit\jupiter\junit-jupiter-engine\5.10.2\junit-jupiter-engine-5.10.2.jar;C:\Users\dario\.m2\repository\org\junit\platform\junit-platform-engine\1.10.2\junit-platform-engine-1.10.2.jar;C:\Users\dario\.m2\repository\org\mockito\mockito-core\5.7.0\mockito-core-5.7.0.jar;C:\Users\dario\.m2\repository\net\bytebuddy\byte-buddy-agent\1.14.12\byte-buddy-agent-1.14.12.jar;C:\Users\dario\.m2\repository\org\objenesis\objenesis\3.3\objenesis-3.3.jar;C:\Users\dario\.m2\repository\org\mockito\mockito-junit-jupiter\5.7.0\mockito-junit-jupiter-5.7.0.jar;C:\Users\dario\.m2\repository\org\skyscreamer\jsonassert\1.5.1\jsonassert-1.5.1.jar;C:\Users\dario\.m2\repository\com\vaadin\external\google\android-json\0.0.20131108.vaadin1\android-json-0.0.20131108.vaadin1.jar;C:\Users\dario\.m2\repository\org\springframework\spring-core\6.1.5\spring-core-6.1.5.jar;C:\Users\dario\.m2\repository\org\springframework\spring-jcl\6.1.5\spring-jcl-6.1.5.jar;C:\Users\dario\.m2\repository\org\springframework\spring-test\6.1.5\spring-test-6.1.5.jar;C:\Users\dario\.m2\repository\org\xmlunit\xmlunit-core\2.9.1\xmlunit-core-2.9.1.jar;C:\Users\dario\.m2\repository\com\oracle\database\jdbc\ojdbc11\21.9.0.0\ojdbc11-21.9.0.0.jar;C:\Users\dario\.m2\repository\com\oracle\database\jdbc\ucp11\21.9.0.0\ucp11-21.9.0.0.jar;C:\Users\dario\.m2\repository\com\oracle\database\jdbc\rsi\21.9.0.0\rsi-21.9.0.0.jar;C:\Users\dario\.m2\repository\com\oracle\database\ha\simplefan\21.9.0.0\simplefan-21.9.0.0.jar;C:\Users\dario\.m2\repository\com\oracle\database\ha\ons\21.9.0.0\ons-21.9.0.0.jar;C:\Users\dario\.m2\repository\com\oracle\database\nls\orai18n\21.9.0.0\orai18n-21.9.0.0.jar;C:\Users\dario\.m2\repository\com\oracle\database\xml\xdb\21.9.0.0\xdb-21.9.0.0.jar;C:\Users\dario\.m2\repository\com\oracle\database\xml\xmlparserv2\21.9.0.0\xmlparserv2-21.9.0.0.jar;C:\Users\dario\.m2\repository\com\oracle\database\security\oraclepki\21.5.0.0\oraclepki-21.5.0.0.jar;C:\Users\dario\.m2\repository\com\oracle\database\security\osdt_cert\21.5.0.0\osdt_cert-21.5.0.0.jar;C:\Users\dario\.m2\repository\com\oracle\database\security\osdt_core\21.5.0.0\osdt_core-21.5.0.0.jar;C:\Users\dario\.m2\repository\org\springframework\boot\spring-boot-starter-hateoas\3.2.4\spring-boot-starter-hateoas-3.2.4.jar;C:\Users\dario\.m2\repository\org\springframework\hateoas\spring-hateoas\2.2.1\spring-hateoas-2.2.1.jar;C:\Users\dario\.m2\repository\org\springframework\plugin\spring-plugin-core\3.0.0\spring-plugin-core-3.0.0.jar;C:\Users\dario\.m2\repository\org\hamcrest\hamcrest\2.2\hamcrest-2.2.jar;, java.vm.vendor=Oracle Corporation, sun.arch.data.model=64, user.variant=, java.vendor.url=https://java.oracle.com/, user.timezone=America/Santiago, jakarta.persistence.sharedCache.mode=UNSPECIFIED, org.jboss.logging.provider=slf4j, java.vm.specification.version=21, os.name=Windows 10, jakarta.persistence.nonJtaDataSource=HikariDataSource (HikariPool-1), sun.java.launcher=SUN_STANDARD, user.country=MX, sun.boot.library.path=C:\Program Files\Java\jdk-21\bin, sun.java.command=C:\Users\dario\AppData\Local\Temp\surefire11575259350501346857\surefirebooter-20240424154424210_3.jar C:\Users\dario\AppData\Local\Temp\surefire11575259350501346857 2024-04-24T15-44-24_061-jvmRun1 surefire-20240424154424210_1tmp surefire_0-20240424154424210_2tmp, javax.persistence.nonJtaDataSource=HikariDataSource (HikariPool-1), hibernate.transaction.jta.platform=org.hibernate.engine.transaction.jta.platform.internal.NoJtaPlatform@61e4a072, jdk.debug=release, surefire.test.class.path=C:\Springboot\Semana8\usuarios\target\test-classes;C:\Springboot\Semana8\usuarios\target\classes;C:\Users\dario\.m2\repository\org\springframework\boot\spring-boot-starter-actuator\3.2.4\spring-boot-starter-actuator-3.2.4.jar;C:\Users\dario\.m2\repository\org\springframework\boot\spring-boot-starter\3.2.4\spring-boot-starter-3.2.4.jar;C:\Users\dario\.m2\repository\org\springframework\boot\spring-boot-starter-logging\3.2.4\spring-boot-starter-logging-3.2.4.jar;C:\Users\dario\.m2\repository\ch\qos\logback\logback-classic\1.4.14\logback-classic-1.4.14.jar;C:\Users\dario\.m2\repository\ch\qos\logback\logback-core\1.4.14\logback-core-1.4.14.jar;C:\Users\dario\.m2\repository\org\apache\logging\log4j\log4j-to-slf4j\2.21.1\log4j-to-slf4j-2.21.1.jar;C:\Users\dario\.m2\repository\org\apache\logging\log4j\log4j-api\2.21.1\log4j-api-2.21.1.jar;C:\Users\dario\.m2\repository\org\slf4j\jul-to-slf4j\2.0.12\jul-to-slf4j-2.0.12.jar;C:\Users\dario\.m2\repository\jakarta\annotation\jakarta.annotation-api\2.1.1\jakarta.annotation-api-2.1.1.jar;C:\Users\dario\.m2\repository\org\yaml\snakeyaml\2.2\snakeyaml-2.2.jar;C:\Users\dario\.m2\repository\org\springframework\boot\spring-boot-actuator-autoconfigure\3.2.4\spring-boot-actuator-autoconfigure-3.2.4.jar;C:\Users\dario\.m2\repository\org\springframework\boot\spring-boot-actuator\3.2.4\spring-boot-actuator-3.2.4.jar;C:\Users\dario\.m2\repository\com\fasterxml\jackson\core\jackson-databind\2.15.4\jackson-databind-2.15.4.jar;C:\Users\dario\.m2\repository\com\fasterxml\jackson\core\jackson-annotations\2.15.4\jackson-annotations-2.15.4.jar;C:\Users\dario\.m2\repository\com\fasterxml\jackson\core\jackson-core\2.15.4\jackson-core-2.15.4.jar;C:\Users\dario\.m2\repository\com\fasterxml\jackson\datatype\jackson-datatype-jsr310\2.15.4\jackson-datatype-jsr310-2.15.4.jar;C:\Users\dario\.m2\repository\io\micrometer\micrometer-observation\1.12.4\micrometer-observation-1.12.4.jar;C:\Users\dario\.m2\repository\io\micrometer\micrometer-commons\1.12.4\micrometer-commons-1.12.4.jar;C:\Users\dario\.m2\repository\io\micrometer\micrometer-jakarta9\1.12.4\micrometer-jakarta9-1.12.4.jar;C:\Users\dario\.m2\repository\io\micrometer\micrometer-core\1.12.4\micrometer-core-1.12.4.jar;C:\Users\dario\.m2\repository\org\hdrhistogram\HdrHistogram\2.1.12\HdrHistogram-2.1.12.jar;C:\Users\dario\.m2\repository\org\latencyutils\LatencyUtils\2.0.3\LatencyUtils-2.0.3.jar;C:\Users\dario\.m2\repository\org\springframework\boot\spring-boot-starter-data-jpa\3.2.4\spring-boot-starter-data-jpa-3.2.4.jar;C:\Users\dario\.m2\repository\org\springframework\boot\spring-boot-starter-aop\3.2.4\spring-boot-starter-aop-3.2.4.jar;C:\Users\dario\.m2\repository\org\springframework\spring-aop\6.1.5\spring-aop-6.1.5.jar;C:\Users\dario\.m2\repository\org\aspectj\aspectjweaver\1.9.21\aspectjweaver-1.9.21.jar;C:\Users\dario\.m2\repository\org\springframework\boot\spring-boot-starter-jdbc\3.2.4\spring-boot-starter-jdbc-3.2.4.jar;C:\Users\dario\.m2\repository\com\zaxxer\HikariCP\5.0.1\HikariCP-5.0.1.jar;C:\Users\dario\.m2\repository\org\springframework\spring-jdbc\6.1.5\spring-jdbc-6.1.5.jar;C:\Users\dario\.m2\repository\org\hibernate\orm\hibernate-core\6.4.4.Final\hibernate-core-6.4.4.Final.jar;C:\Users\dario\.m2\repository\jakarta\persistence\jakarta.persistence-api\3.1.0\jakarta.persistence-api-3.1.0.jar;C:\Users\dario\.m2\repository\jakarta\transaction\jakarta.transaction-api\2.0.1\jakarta.transaction-api-2.0.1.jar;C:\Users\dario\.m2\repository\org\jboss\logging\jboss-logging\3.5.3.Final\jboss-logging-3.5.3.Final.jar;C:\Users\dario\.m2\repository\org\hibernate\common\hibernate-commons-annotations\6.0.6.Final\hibernate-commons-annotations-6.0.6.Final.jar;C:\Users\dario\.m2\repository\io\smallrye\jandex\3.1.2\jandex-3.1.2.jar;C:\Users\dario\.m2\repository\com\fasterxml\classmate\1.6.0\classmate-1.6.0.jar;C:\Users\dario\.m2\repository\net\bytebuddy\byte-buddy\1.14.12\byte-buddy-1.14.12.jar;C:\Users\dario\.m2\repository\org\glassfish\jaxb\jaxb-runtime\4.0.5\jaxb-runtime-4.0.5.jar;C:\Users\dario\.m2\repository\org\glassfish\jaxb\jaxb-core\4.0.5\jaxb-core-4.0.5.jar;C:\Users\dario\.m2\repository\org\eclipse\angus\angus-activation\2.0.2\angus-activation-2.0.2.jar;C:\Users\dario\.m2\repository\org\glassfish\jaxb\txw2\4.0.5\txw2-4.0.5.jar;C:\Users\dario\.m2\repository\com\sun\istack\istack-commons-runtime\4.1.2\istack-commons-runtime-4.1.2.jar;C:\Users\dario\.m2\repository\jakarta\inject\jakarta.inject-api\2.0.1\jakarta.inject-api-2.0.1.jar;C:\Users\dario\.m2\repository\org\antlr\antlr4-runtime\4.13.0\antlr4-runtime-4.13.0.jar;C:\Users\dario\.m2\repository\org\springframework\data\spring-data-jpa\3.2.4\spring-data-jpa-3.2.4.jar;C:\Users\dario\.m2\repository\org\springframework\data\spring-data-commons\3.2.4\spring-data-commons-3.2.4.jar;C:\Users\dario\.m2\repository\org\springframework\spring-orm\6.1.5\spring-orm-6.1.5.jar;C:\Users\dario\.m2\repository\org\springframework\spring-context\6.1.5\spring-context-6.1.5.jar;C:\Users\dario\.m2\repository\org\springframework\spring-tx\6.1.5\spring-tx-6.1.5.jar;C:\Users\dario\.m2\repository\org\springframework\spring-beans\6.1.5\spring-beans-6.1.5.jar;C:\Users\dario\.m2\repository\org\slf4j\slf4j-api\2.0.12\slf4j-api-2.0.12.jar;C:\Users\dario\.m2\repository\org\springframework\spring-aspects\6.1.5\spring-aspects-6.1.5.jar;C:\Users\dario\.m2\repository\org\springframework\boot\spring-boot-starter-web\3.2.4\spring-boot-starter-web-3.2.4.jar;C:\Users\dario\.m2\repository\org\springframework\boot\spring-boot-starter-json\3.2.4\spring-boot-starter-json-3.2.4.jar;C:\Users\dario\.m2\repository\com\fasterxml\jackson\datatype\jackson-datatype-jdk8\2.15.4\jackson-datatype-jdk8-2.15.4.jar;C:\Users\dario\.m2\repository\com\fasterxml\jackson\module\jackson-module-parameter-names\2.15.4\jackson-module-parameter-names-2.15.4.jar;C:\Users\dario\.m2\repository\org\springframework\boot\spring-boot-starter-tomcat\3.2.4\spring-boot-starter-tomcat-3.2.4.jar;C:\Users\dario\.m2\repository\org\apache\tomcat\embed\tomcat-embed-core\10.1.19\tomcat-embed-core-10.1.19.jar;C:\Users\dario\.m2\repository\org\apache\tomcat\embed\tomcat-embed-el\10.1.19\tomcat-embed-el-10.1.19.jar;C:\Users\dario\.m2\repository\org\apache\tomcat\embed\tomcat-embed-websocket\10.1.19\tomcat-embed-websocket-10.1.19.jar;C:\Users\dario\.m2\repository\org\springframework\spring-web\6.1.5\spring-web-6.1.5.jar;C:\Users\dario\.m2\repository\org\springframework\spring-webmvc\6.1.5\spring-webmvc-6.1.5.jar;C:\Users\dario\.m2\repository\org\springframework\spring-expression\6.1.5\spring-expression-6.1.5.jar;C:\Users\dario\.m2\repository\org\springframework\boot\spring-boot-devtools\3.2.4\spring-boot-devtools-3.2.4.jar;C:\Users\dario\.m2\repository\org\springframework\boot\spring-boot\3.2.4\spring-boot-3.2.4.jar;C:\Users\dario\.m2\repository\org\springframework\boot\spring-boot-autoconfigure\3.2.4\spring-boot-autoconfigure-3.2.4.jar;C:\Users\dario\.m2\repository\org\projectlombok\lombok\1.18.30\lombok-1.18.30.jar;C:\Users\dario\.m2\repository\org\springframework\boot\spring-boot-starter-test\3.2.4\spring-boot-starter-test-3.2.4.jar;C:\Users\dario\.m2\repository\org\springframework\boot\spring-boot-test\3.2.4\spring-boot-test-3.2.4.jar;C:\Users\dario\.m2\repository\org\springframework\boot\spring-boot-test-autoconfigure\3.2.4\spring-boot-test-autoconfigure-3.2.4.jar;C:\Users\dario\.m2\repository\com\jayway\jsonpath\json-path\2.9.0\json-path-2.9.0.jar;C:\Users\dario\.m2\repository\jakarta\xml\bind\jakarta.xml.bind-api\4.0.2\jakarta.xml.bind-api-4.0.2.jar;C:\Users\dario\.m2\repository\jakarta\activation\jakarta.activation-api\2.1.3\jakarta.activation-api-2.1.3.jar;C:\Users\dario\.m2\repository\net\minidev\json-smart\2.5.0\json-smart-2.5.0.jar;C:\Users\dario\.m2\repository\net\minidev\accessors-smart\2.5.0\accessors-smart-2.5.0.jar;C:\Users\dario\.m2\repository\org\ow2\asm\asm\9.3\asm-9.3.jar;C:\Users\dario\.m2\repository\org\assertj\assertj-core\3.24.2\assertj-core-3.24.2.jar;C:\Users\dario\.m2\repository\org\awaitility\awaitility\4.2.0\awaitility-4.2.0.jar;C:\Users\dario\.m2\repository\org\junit\jupiter\junit-jupiter\5.10.2\junit-jupiter-5.10.2.jar;C:\Users\dario\.m2\repository\org\junit\jupiter\junit-jupiter-api\5.10.2\junit-jupiter-api-5.10.2.jar;C:\Users\dario\.m2\repository\org\opentest4j\opentest4j\1.3.0\opentest4j-1.3.0.jar;C:\Users\dario\.m2\repository\org\junit\platform\junit-platform-commons\1.10.2\junit-platform-commons-1.10.2.jar;C:\Users\dario\.m2\repository\org\apiguardian\apiguardian-api\1.1.2\apiguardian-api-1.1.2.jar;C:\Users\dario\.m2\repository\org\junit\jupiter\junit-jupiter-params\5.10.2\junit-jupiter-params-5.10.2.jar;C:\Users\dario\.m2\repository\org\junit\jupiter\junit-jupiter-engine\5.10.2\junit-jupiter-engine-5.10.2.jar;C:\Users\dario\.m2\repository\org\junit\platform\junit-platform-engine\1.10.2\junit-platform-engine-1.10.2.jar;C:\Users\dario\.m2\repository\org\mockito\mockito-core\5.7.0\mockito-core-5.7.0.jar;C:\Users\dario\.m2\repository\net\bytebuddy\byte-buddy-agent\1.14.12\byte-buddy-agent-1.14.12.jar;C:\Users\dario\.m2\repository\org\objenesis\objenesis\3.3\objenesis-3.3.jar;C:\Users\dario\.m2\repository\org\mockito\mockito-junit-jupiter\5.7.0\mockito-junit-jupiter-5.7.0.jar;C:\Users\dario\.m2\repository\org\skyscreamer\jsonassert\1.5.1\jsonassert-1.5.1.jar;C:\Users\dario\.m2\repository\com\vaadin\external\google\android-json\0.0.20131108.vaadin1\android-json-0.0.20131108.vaadin1.jar;C:\Users\dario\.m2\repository\org\springframework\spring-core\6.1.5\spring-core-6.1.5.jar;C:\Users\dario\.m2\repository\org\springframework\spring-jcl\6.1.5\spring-jcl-6.1.5.jar;C:\Users\dario\.m2\repository\org\springframework\spring-test\6.1.5\spring-test-6.1.5.jar;C:\Users\dario\.m2\repository\org\xmlunit\xmlunit-core\2.9.1\xmlunit-core-2.9.1.jar;C:\Users\dario\.m2\repository\com\oracle\database\jdbc\ojdbc11\21.9.0.0\ojdbc11-21.9.0.0.jar;C:\Users\dario\.m2\repository\com\oracle\database\jdbc\ucp11\21.9.0.0\ucp11-21.9.0.0.jar;C:\Users\dario\.m2\repository\com\oracle\database\jdbc\rsi\21.9.0.0\rsi-21.9.0.0.jar;C:\Users\dario\.m2\repository\com\oracle\database\ha\simplefan\21.9.0.0\simplefan-21.9.0.0.jar;C:\Users\dario\.m2\repository\com\oracle\database\ha\ons\21.9.0.0\ons-21.9.0.0.jar;C:\Users\dario\.m2\repository\com\oracle\database\nls\orai18n\21.9.0.0\orai18n-21.9.0.0.jar;C:\Users\dario\.m2\repository\com\oracle\database\xml\xdb\21.9.0.0\xdb-21.9.0.0.jar;C:\Users\dario\.m2\repository\com\oracle\database\xml\xmlparserv2\21.9.0.0\xmlparserv2-21.9.0.0.jar;C:\Users\dario\.m2\repository\com\oracle\database\security\oraclepki\21.5.0.0\oraclepki-21.5.0.0.jar;C:\Users\dario\.m2\repository\com\oracle\database\security\osdt_cert\21.5.0.0\osdt_cert-21.5.0.0.jar;C:\Users\dario\.m2\repository\com\oracle\database\security\osdt_core\21.5.0.0\osdt_core-21.5.0.0.jar;C:\Users\dario\.m2\repository\org\springframework\boot\spring-boot-starter-hateoas\3.2.4\spring-boot-starter-hateoas-3.2.4.jar;C:\Users\dario\.m2\repository\org\springframework\hateoas\spring-hateoas\2.2.1\spring-hateoas-2.2.1.jar;C:\Users\dario\.m2\repository\org\springframework\plugin\spring-plugin-core\3.0.0\spring-plugin-core-3.0.0.jar;C:\Users\dario\.m2\repository\org\hamcrest\hamcrest\2.2\hamcrest-2.2.jar;, sun.cpu.endian=little, hibernate.cdi.extensions=true, user.home=C:\Users\dario, user.language=es, java.specification.vendor=Oracle Corporation, java.version.date=2024-01-16, java.home=C:\Program Files\Java\jdk-21, file.separator=\, basedir=C:\Springboot\Semana8\usuarios, java.vm.compressedOopsMode=Zero based, line.separator=
, hibernate.persistenceUnitName=default, java.vm.specification.vendor=Oracle Corporation, java.specification.name=Java Platform API Specification, FILE_LOG_CHARSET=UTF-8, hibernate.transaction.coordinator_class=class org.hibernate.resource.transaction.backend.jdbc.internal.JdbcResourceLocalTransactionCoordinatorBuilderImpl, java.awt.headless=true, surefire.real.class.path=C:\Users\dario\AppData\Local\Temp\surefire11575259350501346857\surefirebooter-20240424154424210_3.jar, jakarta.persistence.validation.mode=AUTO, user.script=, sun.management.compiler=HotSpot 64-Bit Tiered Compilers, java.runtime.version=21.0.2+13-LTS-58, user.name=dario, stdout.encoding=Cp1252, path.separator=;, os.version=10.0, java.runtime.name=Java(TM) SE Runtime Environment, file.encoding=UTF-8, java.vm.name=Java HotSpot(TM) 64-Bit Server VM, hibernate.show_sql=true, localRepository=C:\Users\dario\.m2\repository, java.vendor.url.bug=https://bugreport.java.com/bugreport/, java.io.tmpdir=C:\Users\dario\AppData\Local\Temp\, java.version=21.0.2, hibernate.physical_naming_strategy=org.hibernate.boot.model.naming.CamelCaseToUnderscoresNamingStrategy, user.dir=C:\Springboot\Semana8\usuarios, os.arch=amd64, java.vm.specification.name=Java Virtual Machine Specification, PID=24340, sun.os.patch.level=, CONSOLE_LOG_CHARSET=UTF-8, hibernate.boot.CfgXmlAccessService.key=org.hibernate.boot.registry.StandardServiceRegistryBuilder$1@32f2de5c, native.encoding=Cp1252, java.library.path=C:\Program Files\Java\jdk-21\bin;C:\Windows\Sun\Java\bin;C:\Windows\system32;C:\Windows;C:\Program Files\Common Files\Oracle\Java\javapath;C:\app\dario\product\21c\dbhomeXE\bin;C:\Program Files (x86)\Intel\Intel(R) Management Engine Components\iCLS\;C:\Program Files\Intel\Intel(R) Management Engine Components\iCLS\;C:\Windows\system32;C:\Windows;C:\Windows\System32\Wbem;C:\Windows\System32\WindowsPowerShell\v1.0\;C:\Windows\System32\OpenSSH\;C:\Program Files (x86)\Microsoft SQL Server\110\Tools\Binn\;C:\Program Files\Microsoft SQL Server\110\Tools\Binn\;C:\Program Files\Microsoft SQL Server\110\DTS\Binn\;C:\Program Files (x86)\Microsoft SQL Server\110\Tools\Binn\ManagementStudio\;C:\Program Files (x86)\Microsoft Visual Studio 10.0\Common7\IDE\PrivateAssemblies\;C:\Program Files (x86)\Microsoft SQL Server\110\DTS\Binn\;C:\Program Files\Microsoft SQL Server\150\Tools\Binn\;C:\Program Files (x86)\Microsoft SQL Server\150\DTS\Binn\;C:\Program Files\Microsoft SQL Server\Client SDK\ODBC\170\Tools\Binn\;C:\Program Files\nodejs\;C:\ProgramData\chocolatey\bin;C:\Program Files\Git\cmd;C:\Program Files (x86)\Intel\Intel(R) Management Engine Components\DAL;C:\Program Files\Intel\Intel(R) Management Engine Components\DAL;C:\Program Files (x86)\Intel\Intel(R) Management Engine Components\IPT;C:\Program Files\Intel\Intel(R) Management Engine Components\IPT;C:\Program Files\dotnet\;C:\apache-maven-3.9.6\bin;;C:\Program Files\Docker\Docker\resources\bin;C:\Users\dario\.console-ninja\.bin;C:\Users\dario\AppData\Local\Microsoft\WindowsApps;C:\Users\dario\AppData\Local\Programs\Microsoft VS Code\bin;C:\Users\dario\AppData\Roaming\npm;C:\Users\dario\.dotnet\tools;C:\Users\dario\AppData\Local\gitkraken\bin;C:\Curso\SpringCloud\jdk-17.0.2\bin;C:\Users\dario\AppData\Local\GitHubDesktop\bin;., stderr.encoding=Cp1252, java.vendor=Oracle Corporation, java.vm.info=mixed mode, sharing, java.vm.version=21.0.2+13-LTS-58, sun.io.unicode.encoding=UnicodeLittle, hibernate.archive.scanner=org.hibernate.boot.archive.scan.internal.DisabledScanner, hibernate.connection.datasource=HikariDataSource (HikariPool-1), java.class.version=65.0, LOGGED_APPLICATION_NAME=[usuarios] }
2024-04-24T15:44:33.177-04:00 DEBUG 24340 --- [usuarios] [           main] o.hibernate.internal.SessionFactoryImpl  : Session factory constructed with filter configurations : {}
2024-04-24T15:44:33.186-04:00 DEBUG 24340 --- [usuarios] [           main] .h.t.s.s.SchemaManagementToolCoordinator : No schema actions specified for contributor `orm`; doing nothing
2024-04-24T15:44:33.227-04:00 DEBUG 24340 --- [usuarios] [           main] o.h.q.sqm.function.SqmFunctionRegistry   : Registered SqmFunctionTemplate [NamedSqmFunctionTemplate(max)] under max; prior registration was null
2024-04-24T15:44:33.227-04:00 DEBUG 24340 --- [usuarios] [           main] o.h.q.sqm.function.SqmFunctionRegistry   : Registered SqmFunctionTemplate [NamedSqmFunctionTemplate(min)] under min; prior registration was null
2024-04-24T15:44:33.228-04:00 DEBUG 24340 --- [usuarios] [           main] o.h.q.sqm.function.SqmFunctionRegistry   : Registered SqmFunctionTemplate [NamedSqmFunctionTemplate(sum)] under sum; prior registration was null
2024-04-24T15:44:33.229-04:00 DEBUG 24340 --- [usuarios] [           main] o.h.q.sqm.function.SqmFunctionRegistry   : Registered SqmFunctionTemplate [NamedSqmFunctionTemplate(avg)] under avg; prior registration was null
2024-04-24T15:44:33.231-04:00 DEBUG 24340 --- [usuarios] [           main] o.h.q.sqm.function.SqmFunctionRegistry   : Registered SqmFunctionTemplate [org.hibernate.dialect.function.CountFunction@19a799cb] under count; prior registration was null
2024-04-24T15:44:33.232-04:00 DEBUG 24340 --- [usuarios] [           main] o.h.q.sqm.function.SqmFunctionRegistry   : Registered SqmFunctionTemplate [org.hibernate.dialect.function.EveryAnyEmulation@1a899fcd] under every; prior registration was null
2024-04-24T15:44:33.232-04:00 DEBUG 24340 --- [usuarios] [           main] o.h.q.sqm.function.SqmFunctionRegistry   : Registered SqmFunctionTemplate [org.hibernate.dialect.function.EveryAnyEmulation@14a5d7ee] under any; prior registration was null
2024-04-24T15:44:33.232-04:00 DEBUG 24340 --- [usuarios] [           main] o.h.q.sqm.function.SqmFunctionRegistry   : Registered SqmFunctionTemplate [NamedSqmFunctionTemplate(floor)] under floor; prior registration was null
2024-04-24T15:44:33.232-04:00 DEBUG 24340 --- [usuarios] [           main] o.h.q.sqm.function.SqmFunctionRegistry   : Registered SqmFunctionTemplate [NamedSqmFunctionTemplate(ceiling)] under ceiling; prior registration was null
2024-04-24T15:44:33.232-04:00 DEBUG 24340 --- [usuarios] [           main] o.h.q.sqm.function.SqmFunctionRegistry   : Registered SqmFunctionTemplate [NamedSqmFunctionTemplate(mod)] under mod; prior registration was null
2024-04-24T15:44:33.233-04:00 DEBUG 24340 --- [usuarios] [           main] o.h.q.sqm.function.SqmFunctionRegistry   : Registered SqmFunctionTemplate [NamedSqmFunctionTemplate(abs)] under abs; prior registration was null
2024-04-24T15:44:33.233-04:00 DEBUG 24340 --- [usuarios] [           main] o.h.q.sqm.function.SqmFunctionRegistry   : Registered SqmFunctionTemplate [NamedSqmFunctionTemplate(sign)] under sign; prior registration was null
2024-04-24T15:44:33.233-04:00 DEBUG 24340 --- [usuarios] [           main] o.h.q.sqm.function.SqmFunctionRegistry   : Registered SqmFunctionTemplate [NamedSqmFunctionTemplate(sqrt)] under sqrt; prior registration was null
2024-04-24T15:44:33.233-04:00 DEBUG 24340 --- [usuarios] [           main] o.h.q.sqm.function.SqmFunctionRegistry   : Registered SqmFunctionTemplate [NamedSqmFunctionTemplate(ln)] under ln; prior registration was null
2024-04-24T15:44:33.233-04:00 DEBUG 24340 --- [usuarios] [           main] o.h.q.sqm.function.SqmFunctionRegistry   : Registered SqmFunctionTemplate [NamedSqmFunctionTemplate(exp)] under exp; prior registration was null
2024-04-24T15:44:33.233-04:00 DEBUG 24340 --- [usuarios] [           main] o.h.q.sqm.function.SqmFunctionRegistry   : Registered SqmFunctionTemplate [NamedSqmFunctionTemplate(power)] under power; prior registration was null
2024-04-24T15:44:33.234-04:00 DEBUG 24340 --- [usuarios] [           main] o.h.q.sqm.function.SqmFunctionRegistry   : Registered SqmFunctionTemplate [NamedSqmFunctionTemplate(round)] under round; prior registration was null
2024-04-24T15:44:33.234-04:00 DEBUG 24340 --- [usuarios] [           main] o.h.q.sqm.function.SqmFunctionRegistry   : Registered SqmFunctionTemplate [NamedSqmFunctionTemplate(sin)] under sin; prior registration was null
2024-04-24T15:44:33.234-04:00 DEBUG 24340 --- [usuarios] [           main] o.h.q.sqm.function.SqmFunctionRegistry   : Registered SqmFunctionTemplate [NamedSqmFunctionTemplate(cos)] under cos; prior registration was null
2024-04-24T15:44:33.235-04:00 DEBUG 24340 --- [usuarios] [           main] o.h.q.sqm.function.SqmFunctionRegistry   : Registered SqmFunctionTemplate [NamedSqmFunctionTemplate(tan)] under tan; prior registration was null
2024-04-24T15:44:33.235-04:00 DEBUG 24340 --- [usuarios] [           main] o.h.q.sqm.function.SqmFunctionRegistry   : Registered SqmFunctionTemplate [NamedSqmFunctionTemplate(asin)] under asin; prior registration was null
2024-04-24T15:44:33.235-04:00 DEBUG 24340 --- [usuarios] [           main] o.h.q.sqm.function.SqmFunctionRegistry   : Registered SqmFunctionTemplate [NamedSqmFunctionTemplate(acos)] under acos; prior registration was null
2024-04-24T15:44:33.235-04:00 DEBUG 24340 --- [usuarios] [           main] o.h.q.sqm.function.SqmFunctionRegistry   : Registered SqmFunctionTemplate [NamedSqmFunctionTemplate(atan)] under atan; prior registration was null
2024-04-24T15:44:33.235-04:00 DEBUG 24340 --- [usuarios] [           main] o.h.q.sqm.function.SqmFunctionRegistry   : Registered SqmFunctionTemplate [NamedSqmFunctionTemplate(atan2)] under atan2; prior registration was null
2024-04-24T15:44:33.237-04:00 DEBUG 24340 --- [usuarios] [           main] o.h.q.sqm.function.SqmFunctionRegistry   : Registered SqmFunctionTemplate [org.hibernate.query.sqm.function.PatternBasedSqmFunctionDescriptor@642b2176] under sinh; prior registration was null
2024-04-24T15:44:33.238-04:00 DEBUG 24340 --- [usuarios] [           main] o.h.q.sqm.function.SqmFunctionRegistry   : Registered SqmFunctionTemplate [org.hibernate.query.sqm.function.PatternBasedSqmFunctionDescriptor@3985175e] under cosh; prior registration was null
2024-04-24T15:44:33.238-04:00 DEBUG 24340 --- [usuarios] [           main] o.h.q.sqm.function.SqmFunctionRegistry   : Registered SqmFunctionTemplate [org.hibernate.query.sqm.function.PatternBasedSqmFunctionDescriptor@d91e8c7] under tanh; prior registration was null
2024-04-24T15:44:33.238-04:00 DEBUG 24340 --- [usuarios] [           main] o.h.q.sqm.function.SqmFunctionRegistry   : Registered SqmFunctionTemplate [org.hibernate.query.sqm.function.PatternBasedSqmFunctionDescriptor@5b9ca528] under pi; prior registration was null
2024-04-24T15:44:33.238-04:00 DEBUG 24340 --- [usuarios] [           main] o.h.q.sqm.function.SqmFunctionRegistry   : Registered SqmFunctionTemplate [org.hibernate.query.sqm.function.PatternBasedSqmFunctionDescriptor@66011fbc] under log; prior registration was null
2024-04-24T15:44:33.239-04:00 DEBUG 24340 --- [usuarios] [           main] o.h.q.sqm.function.SqmFunctionRegistry   : Registered SqmFunctionTemplate [NamedSqmFunctionTemplate(coalesce)] under coalesce; prior registration was null
2024-04-24T15:44:33.239-04:00 DEBUG 24340 --- [usuarios] [           main] o.h.q.sqm.function.SqmFunctionRegistry   : Registered SqmFunctionTemplate [NamedSqmFunctionTemplate(nullif)] under nullif; prior registration was null
2024-04-24T15:44:33.239-04:00 DEBUG 24340 --- [usuarios] [           main] o.h.q.sqm.function.SqmFunctionRegistry   : Registered SqmFunctionTemplate [NamedSqmFunctionTemplate(left)] under left; prior registration was null
2024-04-24T15:44:33.239-04:00 DEBUG 24340 --- [usuarios] [           main] o.h.q.sqm.function.SqmFunctionRegistry   : Registered SqmFunctionTemplate [NamedSqmFunctionTemplate(right)] under right; prior registration was null
2024-04-24T15:44:33.239-04:00 DEBUG 24340 --- [usuarios] [           main] o.h.q.sqm.function.SqmFunctionRegistry   : Registered SqmFunctionTemplate [NamedSqmFunctionTemplate(replace)] under replace; prior registration was null
2024-04-24T15:44:33.239-04:00 DEBUG 24340 --- [usuarios] [           main] o.h.q.sqm.function.SqmFunctionRegistry   : Registered SqmFunctionTemplate [NamedSqmFunctionTemplate(concat)] under concat; prior registration was null
2024-04-24T15:44:33.239-04:00 DEBUG 24340 --- [usuarios] [           main] o.h.q.sqm.function.SqmFunctionRegistry   : Registered SqmFunctionTemplate [NamedSqmFunctionTemplate(lower)] under lower; prior registration was null
2024-04-24T15:44:33.239-04:00 DEBUG 24340 --- [usuarios] [           main] o.h.q.sqm.function.SqmFunctionRegistry   : Registered SqmFunctionTemplate [NamedSqmFunctionTemplate(upper)] under upper; prior registration was null
2024-04-24T15:44:33.239-04:00 DEBUG 24340 --- [usuarios] [           main] o.h.q.sqm.function.SqmFunctionRegistry   : Registered SqmFunctionTemplate [NamedSqmFunctionTemplate(substring)] under substring; prior registration was null
2024-04-24T15:44:33.239-04:00 DEBUG 24340 --- [usuarios] [           main] o.h.q.sqm.function.SqmFunctionRegistry   : Registered SqmFunctionTemplate [NamedSqmFunctionTemplate(locate)] under locate; prior registration was null
2024-04-24T15:44:33.240-04:00 DEBUG 24340 --- [usuarios] [           main] o.h.q.sqm.function.SqmFunctionRegistry   : Registered SqmFunctionTemplate [NamedSqmFunctionTemplate(character_length)] under character_length; prior registration was null
2024-04-24T15:44:33.240-04:00 DEBUG 24340 --- [usuarios] [           main] o.h.q.sqm.function.SqmFunctionRegistry   : Registering alternate key : length -> character_length
2024-04-24T15:44:33.241-04:00 DEBUG 24340 --- [usuarios] [           main] o.h.q.sqm.function.SqmFunctionRegistry   : Registered SqmFunctionTemplate [org.hibernate.dialect.function.LocatePositionEmulation@1267adbe] under position; prior registration was null
2024-04-24T15:44:33.242-04:00 DEBUG 24340 --- [usuarios] [           main] o.h.q.sqm.function.SqmFunctionRegistry   : Registered SqmFunctionTemplate [org.hibernate.dialect.function.InsertSubstringOverlayEmulation@1798c749] under overlay; prior registration was null
2024-04-24T15:44:33.243-04:00 DEBUG 24340 --- [usuarios] [           main] o.h.q.sqm.function.SqmFunctionRegistry   : Registered SqmFunctionTemplate [org.hibernate.dialect.function.TrimFunction@33315925] under trim; prior registration was null
2024-04-24T15:44:33.245-04:00 DEBUG 24340 --- [usuarios] [           main] o.h.q.sqm.function.SqmFunctionRegistry   : Registered SqmFunctionTemplate [org.hibernate.dialect.function.CastFunction@38224635] under cast; prior registration was null
2024-04-24T15:44:33.245-04:00 DEBUG 24340 --- [usuarios] [           main] o.h.q.sqm.function.SqmFunctionRegistry   : Registered SqmFunctionTemplate [org.hibernate.query.sqm.function.PatternBasedSqmFunctionDescriptor@7385a72f] under collate; prior registration was null
2024-04-24T15:44:33.245-04:00 DEBUG 24340 --- [usuarios] [           main] o.h.q.sqm.function.SqmFunctionRegistry   : Registered SqmFunctionTemplate [org.hibernate.dialect.function.ExtractFunction@2a9fd482] under extract; prior registration was null
2024-04-24T15:44:33.245-04:00 DEBUG 24340 --- [usuarios] [           main] o.h.q.sqm.function.SqmFunctionRegistry   : Registered SqmFunctionTemplate [NamedSqmFunctionTemplate(least)] under least; prior registration was null
2024-04-24T15:44:33.245-04:00 DEBUG 24340 --- [usuarios] [           main] o.h.q.sqm.function.SqmFunctionRegistry   : Registered SqmFunctionTemplate [NamedSqmFunctionTemplate(greatest)] under greatest; prior registration was null
2024-04-24T15:44:33.246-04:00 DEBUG 24340 --- [usuarios] [           main] o.h.q.sqm.function.SqmFunctionRegistry   : Registered SqmFunctionTemplate [org.hibernate.dialect.function.CoalesceIfnullEmulation@4d21b505] under ifnull; prior registration was null
2024-04-24T15:44:33.246-04:00 DEBUG 24340 --- [usuarios] [           main] o.h.q.sqm.function.SqmFunctionRegistry   : Registered SqmFunctionTemplate [NamedSqmFunctionTemplate(lpad)] under lpad; prior registration was null
2024-04-24T15:44:33.246-04:00 DEBUG 24340 --- [usuarios] [           main] o.h.q.sqm.function.SqmFunctionRegistry   : Registered SqmFunctionTemplate [NamedSqmFunctionTemplate(rpad)] under rpad; prior registration was null
2024-04-24T15:44:33.246-04:00 DEBUG 24340 --- [usuarios] [           main] o.h.q.sqm.function.SqmFunctionRegistry   : Registered SqmFunctionTemplate [org.hibernate.dialect.function.LpadRpadPadEmulation@22db974d] under pad; prior registration was null
2024-04-24T15:44:33.247-04:00 DEBUG 24340 --- [usuarios] [           main] o.h.q.sqm.function.SqmFunctionRegistry   : Registered SqmFunctionTemplate [org.hibernate.dialect.function.CastStrEmulation@7154a248] under str; prior registration was null
2024-04-24T15:44:33.248-04:00 DEBUG 24340 --- [usuarios] [           main] o.h.q.sqm.function.SqmFunctionRegistry   : Registered SqmFunctionTemplate [org.hibernate.dialect.function.FormatFunction@834b0f7] under format; prior registration was null
2024-04-24T15:44:33.249-04:00 DEBUG 24340 --- [usuarios] [           main] o.h.q.sqm.function.SqmFunctionRegistry   : Registered SqmFunctionTemplate [org.hibernate.dialect.function.TimestampaddFunction@60c33609] under timestampadd; prior registration was null
2024-04-24T15:44:33.250-04:00 DEBUG 24340 --- [usuarios] [           main] o.h.q.sqm.function.SqmFunctionRegistry   : Registered SqmFunctionTemplate [org.hibernate.dialect.function.TimestampdiffFunction@701996e9] under timestampdiff; prior registration was null
2024-04-24T15:44:33.250-04:00 DEBUG 24340 --- [usuarios] [           main] o.h.q.sqm.function.SqmFunctionRegistry   : Registering alternate key : dateadd -> timestampadd
2024-04-24T15:44:33.250-04:00 DEBUG 24340 --- [usuarios] [           main] o.h.q.sqm.function.SqmFunctionRegistry   : Registering alternate key : datediff -> timestampdiff
2024-04-24T15:44:33.250-04:00 DEBUG 24340 --- [usuarios] [           main] o.h.q.sqm.function.SqmFunctionRegistry   : Registered SqmFunctionTemplate [org.hibernate.dialect.function.CurrentFunction@121f97fb] under current_date; prior registration was null
2024-04-24T15:44:33.250-04:00 DEBUG 24340 --- [usuarios] [           main] o.h.q.sqm.function.SqmFunctionRegistry   : Registered SqmFunctionTemplate [org.hibernate.dialect.function.CurrentFunction@70a3b] under current_time; prior registration was null
2024-04-24T15:44:33.250-04:00 DEBUG 24340 --- [usuarios] [           main] o.h.q.sqm.function.SqmFunctionRegistry   : Registered SqmFunctionTemplate [org.hibernate.dialect.function.CurrentFunction@18baee88] under current_timestamp; prior registration was null
2024-04-24T15:44:33.250-04:00 DEBUG 24340 --- [usuarios] [           main] o.h.q.sqm.function.SqmFunctionRegistry   : Registering alternate key : current date -> current_date
2024-04-24T15:44:33.250-04:00 DEBUG 24340 --- [usuarios] [           main] o.h.q.sqm.function.SqmFunctionRegistry   : Registering alternate key : current time -> current_time
2024-04-24T15:44:33.250-04:00 DEBUG 24340 --- [usuarios] [           main] o.h.q.sqm.function.SqmFunctionRegistry   : Registering alternate key : current timestamp -> current_timestamp
2024-04-24T15:44:33.250-04:00 DEBUG 24340 --- [usuarios] [           main] o.h.q.sqm.function.SqmFunctionRegistry   : Registered SqmFunctionTemplate [org.hibernate.dialect.function.CurrentFunction@59e67a18] under local_date; prior registration was null
2024-04-24T15:44:33.250-04:00 DEBUG 24340 --- [usuarios] [           main] o.h.q.sqm.function.SqmFunctionRegistry   : Registered SqmFunctionTemplate [org.hibernate.dialect.function.CurrentFunction@37289e90] under local_time; prior registration was null
2024-04-24T15:44:33.250-04:00 DEBUG 24340 --- [usuarios] [           main] o.h.q.sqm.function.SqmFunctionRegistry   : Registered SqmFunctionTemplate [org.hibernate.dialect.function.CurrentFunction@f461c9c] under local_datetime; prior registration was null
2024-04-24T15:44:33.250-04:00 DEBUG 24340 --- [usuarios] [           main] o.h.q.sqm.function.SqmFunctionRegistry   : Registered SqmFunctionTemplate [org.hibernate.dialect.function.CurrentFunction@40477d52] under offset_datetime; prior registration was null
2024-04-24T15:44:33.251-04:00 DEBUG 24340 --- [usuarios] [           main] o.h.q.sqm.function.SqmFunctionRegistry   : Registering alternate key : local date -> local_date
2024-04-24T15:44:33.251-04:00 DEBUG 24340 --- [usuarios] [           main] o.h.q.sqm.function.SqmFunctionRegistry   : Registering alternate key : local time -> local_time
2024-04-24T15:44:33.251-04:00 DEBUG 24340 --- [usuarios] [           main] o.h.q.sqm.function.SqmFunctionRegistry   : Registering alternate key : local datetime -> local_datetime
2024-04-24T15:44:33.251-04:00 DEBUG 24340 --- [usuarios] [           main] o.h.q.sqm.function.SqmFunctionRegistry   : Registering alternate key : offset datetime -> offset_datetime
2024-04-24T15:44:33.251-04:00 DEBUG 24340 --- [usuarios] [           main] o.h.q.sqm.function.SqmFunctionRegistry   : Registered SqmFunctionTemplate [org.hibernate.dialect.function.CurrentFunction@2a1be9f8] under instant; prior registration was null
2024-04-24T15:44:33.251-04:00 DEBUG 24340 --- [usuarios] [           main] o.h.q.sqm.function.SqmFunctionRegistry   : Registering alternate key : current_instant -> instant
2024-04-24T15:44:33.252-04:00 DEBUG 24340 --- [usuarios] [           main] o.h.q.sqm.function.SqmFunctionRegistry   : Registered SqmFunctionTemplate [org.hibernate.dialect.function.SqlFunction@685e5967] under sql; prior registration was null
2024-04-24T15:44:33.252-04:00 DEBUG 24340 --- [usuarios] [           main] o.h.q.sqm.function.SqmFunctionRegistry   : Registered SqmFunctionTemplate [NamedSqmFunctionTemplate(ascii)] under ascii; prior registration was null
2024-04-24T15:44:33.252-04:00 DEBUG 24340 --- [usuarios] [           main] o.h.q.sqm.function.SqmFunctionRegistry   : Registered SqmFunctionTemplate [NamedSqmFunctionTemplate(chr)] under chr; prior registration was null
2024-04-24T15:44:33.252-04:00 DEBUG 24340 --- [usuarios] [           main] o.h.q.sqm.function.SqmFunctionRegistry   : Registering alternate key : char -> chr
2024-04-24T15:44:33.252-04:00 DEBUG 24340 --- [usuarios] [           main] o.h.q.sqm.function.SqmFunctionRegistry   : Registered SqmFunctionTemplate [NamedSqmFunctionTemplate(cosh)] under cosh; prior registration was org.hibernate.query.sqm.function.PatternBasedSqmFunctionDescriptor@3985175e
2024-04-24T15:44:33.252-04:00 DEBUG 24340 --- [usuarios] [           main] o.h.q.sqm.function.SqmFunctionRegistry   : Registered SqmFunctionTemplate [NamedSqmFunctionTemplate(sinh)] under sinh; prior registration was org.hibernate.query.sqm.function.PatternBasedSqmFunctionDescriptor@642b2176
2024-04-24T15:44:33.252-04:00 DEBUG 24340 --- [usuarios] [           main] o.h.q.sqm.function.SqmFunctionRegistry   : Registered SqmFunctionTemplate [NamedSqmFunctionTemplate(tanh)] under tanh; prior registration was org.hibernate.query.sqm.function.PatternBasedSqmFunctionDescriptor@d91e8c7
2024-04-24T15:44:33.252-04:00 DEBUG 24340 --- [usuarios] [           main] o.h.q.sqm.function.SqmFunctionRegistry   : Registered SqmFunctionTemplate [NamedSqmFunctionTemplate(log)] under log; prior registration was org.hibernate.query.sqm.function.PatternBasedSqmFunctionDescriptor@66011fbc
2024-04-24T15:44:33.252-04:00 DEBUG 24340 --- [usuarios] [           main] o.h.q.sqm.function.SqmFunctionRegistry   : Registered SqmFunctionTemplate [org.hibernate.query.sqm.function.PatternBasedSqmFunctionDescriptor@106387cf] under log10; prior registration was null
2024-04-24T15:44:33.252-04:00 DEBUG 24340 --- [usuarios] [           main] o.h.q.sqm.function.SqmFunctionRegistry   : Registered SqmFunctionTemplate [NamedSqmFunctionTemplate(soundex)] under soundex; prior registration was null
2024-04-24T15:44:33.252-04:00 DEBUG 24340 --- [usuarios] [           main] o.h.q.sqm.function.SqmFunctionRegistry   : Registered SqmFunctionTemplate [NamedSqmFunctionTemplate(ltrim)] under ltrim; prior registration was null
2024-04-24T15:44:33.252-04:00 DEBUG 24340 --- [usuarios] [           main] o.h.q.sqm.function.SqmFunctionRegistry   : Registered SqmFunctionTemplate [NamedSqmFunctionTemplate(rtrim)] under rtrim; prior registration was null
2024-04-24T15:44:33.252-04:00 DEBUG 24340 --- [usuarios] [           main] o.h.q.sqm.function.SqmFunctionRegistry   : Registered SqmFunctionTemplate [NamedSqmFunctionTemplate(initcap)] under initcap; prior registration was null
2024-04-24T15:44:33.252-04:00 DEBUG 24340 --- [usuarios] [           main] o.h.q.sqm.function.SqmFunctionRegistry   : Registered SqmFunctionTemplate [NamedSqmFunctionTemplate(instr)] under instr; prior registration was null
2024-04-24T15:44:33.252-04:00 DEBUG 24340 --- [usuarios] [           main] o.h.q.sqm.function.SqmFunctionRegistry   : Registered SqmFunctionTemplate [NamedSqmFunctionTemplate(substr)] under substr; prior registration was null
2024-04-24T15:44:33.252-04:00 DEBUG 24340 --- [usuarios] [           main] o.h.q.sqm.function.SqmFunctionRegistry   : Registered SqmFunctionTemplate [NamedSqmFunctionTemplate(substr)] under substring; prior registration was NamedSqmFunctionTemplate(substring)
2024-04-24T15:44:33.252-04:00 DEBUG 24340 --- [usuarios] [           main] o.h.q.sqm.function.SqmFunctionRegistry   : Registered SqmFunctionTemplate [org.hibernate.query.sqm.function.PatternBasedSqmFunctionDescriptor@3d3c14c3] under left; prior registration was NamedSqmFunctionTemplate(left)
2024-04-24T15:44:33.252-04:00 DEBUG 24340 --- [usuarios] [           main] o.h.q.sqm.function.SqmFunctionRegistry   : Registered SqmFunctionTemplate [org.hibernate.query.sqm.function.PatternBasedSqmFunctionDescriptor@599fab92] under right; prior registration was NamedSqmFunctionTemplate(right)
2024-04-24T15:44:33.252-04:00 DEBUG 24340 --- [usuarios] [           main] o.h.q.sqm.function.SqmFunctionRegistry   : Registered SqmFunctionTemplate [NamedSqmFunctionTemplate(translate)] under translate; prior registration was null
2024-04-24T15:44:33.252-04:00 DEBUG 24340 --- [usuarios] [           main] o.h.q.sqm.function.SqmFunctionRegistry   : Registered SqmFunctionTemplate [NamedSqmFunctionTemplate(bitand)] under bitand; prior registration was null
2024-04-24T15:44:33.252-04:00 DEBUG 24340 --- [usuarios] [           main] o.h.q.sqm.function.SqmFunctionRegistry   : Registered SqmFunctionTemplate [NamedSqmFunctionTemplate(last_day)] under last_day; prior registration was null
2024-04-24T15:44:33.252-04:00 DEBUG 24340 --- [usuarios] [           main] o.h.q.sqm.function.SqmFunctionRegistry   : Registered SqmFunctionTemplate [NamedSqmFunctionTemplate(to_number)] under to_number; prior registration was null
2024-04-24T15:44:33.252-04:00 DEBUG 24340 --- [usuarios] [           main] o.h.q.sqm.function.SqmFunctionRegistry   : Registered SqmFunctionTemplate [NamedSqmFunctionTemplate(to_char)] under to_char; prior registration was null
2024-04-24T15:44:33.252-04:00 DEBUG 24340 --- [usuarios] [           main] o.h.q.sqm.function.SqmFunctionRegistry   : Registered SqmFunctionTemplate [NamedSqmFunctionTemplate(to_date)] under to_date; prior registration was null
2024-04-24T15:44:33.252-04:00 DEBUG 24340 --- [usuarios] [           main] o.h.q.sqm.function.SqmFunctionRegistry   : Registered SqmFunctionTemplate [NamedSqmFunctionTemplate(to_timestamp)] under to_timestamp; prior registration was null
2024-04-24T15:44:33.253-04:00 DEBUG 24340 --- [usuarios] [           main] o.h.q.sqm.function.SqmFunctionRegistry   : Registered SqmFunctionTemplate [NamedSqmFunctionTemplate(ceil)] under ceil; prior registration was null
2024-04-24T15:44:33.253-04:00 DEBUG 24340 --- [usuarios] [           main] o.h.q.sqm.function.SqmFunctionRegistry   : Registering alternate key : ceiling -> ceil
2024-04-24T15:44:33.253-04:00 DEBUG 24340 --- [usuarios] [           main] o.h.q.sqm.function.SqmFunctionRegistry   : Registered SqmFunctionTemplate [org.hibernate.query.sqm.function.PatternBasedSqmFunctionDescriptor@439054a7] under concat; prior registration was NamedSqmFunctionTemplate(concat)
2024-04-24T15:44:33.253-04:00 DEBUG 24340 --- [usuarios] [           main] o.h.q.sqm.function.SqmFunctionRegistry   : Registered SqmFunctionTemplate [NamedSqmFunctionTemplate(rowid)] under rowid; prior registration was null
2024-04-24T15:44:33.253-04:00 DEBUG 24340 --- [usuarios] [           main] o.h.q.sqm.function.SqmFunctionRegistry   : Registered SqmFunctionTemplate [NamedSqmFunctionTemplate(rownum)] under rownum; prior registration was null
2024-04-24T15:44:33.253-04:00 DEBUG 24340 --- [usuarios] [           main] o.h.q.sqm.function.SqmFunctionRegistry   : Registered SqmFunctionTemplate [NamedSqmFunctionTemplate(sysdate)] under sysdate; prior registration was null
2024-04-24T15:44:33.253-04:00 DEBUG 24340 --- [usuarios] [           main] o.h.q.sqm.function.SqmFunctionRegistry   : Registered SqmFunctionTemplate [NamedSqmFunctionTemplate(systimestamp)] under systimestamp; prior registration was null
2024-04-24T15:44:33.253-04:00 DEBUG 24340 --- [usuarios] [           main] o.h.q.sqm.function.SqmFunctionRegistry   : Registered SqmFunctionTemplate [NamedSqmFunctionTemplate(add_months)] under add_months; prior registration was null
2024-04-24T15:44:33.253-04:00 DEBUG 24340 --- [usuarios] [           main] o.h.q.sqm.function.SqmFunctionRegistry   : Registered SqmFunctionTemplate [NamedSqmFunctionTemplate(months_between)] under months_between; prior registration was null
2024-04-24T15:44:33.254-04:00 DEBUG 24340 --- [usuarios] [           main] o.h.q.sqm.function.SqmFunctionRegistry   : Registered SqmFunctionTemplate [org.hibernate.dialect.function.MinMaxCaseEveryAnyEmulation@7715d43c] under every; prior registration was org.hibernate.dialect.function.EveryAnyEmulation@1a899fcd
2024-04-24T15:44:33.254-04:00 DEBUG 24340 --- [usuarios] [           main] o.h.q.sqm.function.SqmFunctionRegistry   : Registered SqmFunctionTemplate [org.hibernate.dialect.function.MinMaxCaseEveryAnyEmulation@3763aafd] under any; prior registration was org.hibernate.dialect.function.EveryAnyEmulation@14a5d7ee
2024-04-24T15:44:33.254-04:00 DEBUG 24340 --- [usuarios] [           main] o.h.q.sqm.function.SqmFunctionRegistry   : Registered SqmFunctionTemplate [org.hibernate.query.sqm.function.PatternBasedSqmFunctionDescriptor@16ca4532] under repeat; prior registration was null
2024-04-24T15:44:33.254-04:00 DEBUG 24340 --- [usuarios] [           main] o.h.q.sqm.function.SqmFunctionRegistry   : Registered SqmFunctionTemplate [org.hibernate.query.sqm.function.PatternBasedSqmFunctionDescriptor@2cc82c83] under radians; prior registration was null
2024-04-24T15:44:33.254-04:00 DEBUG 24340 --- [usuarios] [           main] o.h.q.sqm.function.SqmFunctionRegistry   : Registered SqmFunctionTemplate [org.hibernate.query.sqm.function.PatternBasedSqmFunctionDescriptor@75a5a912] under degrees; prior registration was null
2024-04-24T15:44:33.254-04:00 DEBUG 24340 --- [usuarios] [           main] o.h.q.sqm.function.SqmFunctionRegistry   : Registered SqmFunctionTemplate [NamedSqmFunctionTemplate(median)] under median; prior registration was null
2024-04-24T15:44:33.254-04:00 DEBUG 24340 --- [usuarios] [           main] o.h.q.sqm.function.SqmFunctionRegistry   : Registered SqmFunctionTemplate [NamedSqmFunctionTemplate(stddev)] under stddev; prior registration was null
2024-04-24T15:44:33.254-04:00 DEBUG 24340 --- [usuarios] [           main] o.h.q.sqm.function.SqmFunctionRegistry   : Registered SqmFunctionTemplate [NamedSqmFunctionTemplate(stddev_pop)] under stddev_pop; prior registration was null
2024-04-24T15:44:33.254-04:00 DEBUG 24340 --- [usuarios] [           main] o.h.q.sqm.function.SqmFunctionRegistry   : Registered SqmFunctionTemplate [NamedSqmFunctionTemplate(stddev_samp)] under stddev_samp; prior registration was null
2024-04-24T15:44:33.254-04:00 DEBUG 24340 --- [usuarios] [           main] o.h.q.sqm.function.SqmFunctionRegistry   : Registered SqmFunctionTemplate [NamedSqmFunctionTemplate(variance)] under variance; prior registration was null
2024-04-24T15:44:33.254-04:00 DEBUG 24340 --- [usuarios] [           main] o.h.q.sqm.function.SqmFunctionRegistry   : Registered SqmFunctionTemplate [NamedSqmFunctionTemplate(var_pop)] under var_pop; prior registration was null
2024-04-24T15:44:33.254-04:00 DEBUG 24340 --- [usuarios] [           main] o.h.q.sqm.function.SqmFunctionRegistry   : Registered SqmFunctionTemplate [NamedSqmFunctionTemplate(var_samp)] under var_samp; prior registration was null
2024-04-24T15:44:33.254-04:00 DEBUG 24340 --- [usuarios] [           main] o.h.q.sqm.function.SqmFunctionRegistry   : Registered SqmFunctionTemplate [NamedSqmFunctionTemplate(covar_pop)] under covar_pop; prior registration was null
2024-04-24T15:44:33.254-04:00 DEBUG 24340 --- [usuarios] [           main] o.h.q.sqm.function.SqmFunctionRegistry   : Registered SqmFunctionTemplate [NamedSqmFunctionTemplate(covar_samp)] under covar_samp; prior registration was null
2024-04-24T15:44:33.254-04:00 DEBUG 24340 --- [usuarios] [           main] o.h.q.sqm.function.SqmFunctionRegistry   : Registered SqmFunctionTemplate [NamedSqmFunctionTemplate(corr)] under corr; prior registration was null
2024-04-24T15:44:33.255-04:00 DEBUG 24340 --- [usuarios] [           main] o.h.q.sqm.function.SqmFunctionRegistry   : Registered SqmFunctionTemplate [NamedSqmFunctionTemplate(regr_avgx)] under regr_avgx; prior registration was null
2024-04-24T15:44:33.255-04:00 DEBUG 24340 --- [usuarios] [           main] o.h.q.sqm.function.SqmFunctionRegistry   : Registered SqmFunctionTemplate [NamedSqmFunctionTemplate(regr_avgy)] under regr_avgy; prior registration was null
2024-04-24T15:44:33.256-04:00 DEBUG 24340 --- [usuarios] [           main] o.h.q.sqm.function.SqmFunctionRegistry   : Registered SqmFunctionTemplate [NamedSqmFunctionTemplate(regr_count)] under regr_count; prior registration was null
2024-04-24T15:44:33.256-04:00 DEBUG 24340 --- [usuarios] [           main] o.h.q.sqm.function.SqmFunctionRegistry   : Registered SqmFunctionTemplate [NamedSqmFunctionTemplate(regr_intercept)] under regr_intercept; prior registration was null
2024-04-24T15:44:33.256-04:00 DEBUG 24340 --- [usuarios] [           main] o.h.q.sqm.function.SqmFunctionRegistry   : Registered SqmFunctionTemplate [NamedSqmFunctionTemplate(regr_r2)] under regr_r2; prior registration was null
2024-04-24T15:44:33.256-04:00 DEBUG 24340 --- [usuarios] [           main] o.h.q.sqm.function.SqmFunctionRegistry   : Registered SqmFunctionTemplate [NamedSqmFunctionTemplate(regr_slope)] under regr_slope; prior registration was null
2024-04-24T15:44:33.256-04:00 DEBUG 24340 --- [usuarios] [           main] o.h.q.sqm.function.SqmFunctionRegistry   : Registered SqmFunctionTemplate [NamedSqmFunctionTemplate(regr_sxx)] under regr_sxx; prior registration was null
2024-04-24T15:44:33.257-04:00 DEBUG 24340 --- [usuarios] [           main] o.h.q.sqm.function.SqmFunctionRegistry   : Registered SqmFunctionTemplate [NamedSqmFunctionTemplate(regr_sxy)] under regr_sxy; prior registration was null
2024-04-24T15:44:33.257-04:00 DEBUG 24340 --- [usuarios] [           main] o.h.q.sqm.function.SqmFunctionRegistry   : Registered SqmFunctionTemplate [NamedSqmFunctionTemplate(regr_syy)] under regr_syy; prior registration was null
2024-04-24T15:44:33.268-04:00 DEBUG 24340 --- [usuarios] [           main] o.h.q.sqm.function.SqmFunctionRegistry   : Registered SqmFunctionTemplate [org.hibernate.dialect.function.LengthFunction@2fda92e0] under length; prior registration was null
2024-04-24T15:44:33.268-04:00 DEBUG 24340 --- [usuarios] [           main] o.h.q.sqm.function.SqmFunctionRegistry   : Registering alternate key : character_length -> length
2024-04-24T15:44:33.268-04:00 DEBUG 24340 --- [usuarios] [           main] o.h.q.sqm.function.SqmFunctionRegistry   : Registered SqmFunctionTemplate [org.hibernate.dialect.function.LengthFunction@535adf36] under octet_length; prior registration was null
2024-04-24T15:44:33.268-04:00 DEBUG 24340 --- [usuarios] [           main] o.h.q.sqm.function.SqmFunctionRegistry   : Registered SqmFunctionTemplate [org.hibernate.dialect.function.LengthFunction@4ea4290f] under bit_length; prior registration was null
2024-04-24T15:44:33.268-04:00 DEBUG 24340 --- [usuarios] [           main] o.h.q.sqm.function.SqmFunctionRegistry   : Registered SqmFunctionTemplate [NamedSqmFunctionTemplate(coalesce)] under coalesce; prior registration was NamedSqmFunctionTemplate(coalesce)
2024-04-24T15:44:33.272-04:00 DEBUG 24340 --- [usuarios] [           main] o.h.q.sqm.function.SqmFunctionRegistry   : Registered SqmFunctionTemplate [org.hibernate.query.sqm.function.MultipatternSqmFunctionDescriptor@345d4ecb] under locate; prior registration was NamedSqmFunctionTemplate(locate)
2024-04-24T15:44:33.273-04:00 DEBUG 24340 --- [usuarios] [           main] o.h.q.sqm.function.SqmFunctionRegistry   : Registered SqmFunctionTemplate [org.hibernate.dialect.function.ListaggFunction@bb896e9] under listagg; prior registration was null
2024-04-24T15:44:33.274-04:00 DEBUG 24340 --- [usuarios] [           main] o.h.q.sqm.function.SqmFunctionRegistry   : Registered SqmFunctionTemplate [NamedSqmFunctionTemplate(row_number)] under row_number; prior registration was null
2024-04-24T15:44:33.275-04:00 DEBUG 24340 --- [usuarios] [           main] o.h.q.sqm.function.SqmFunctionRegistry   : Registered SqmFunctionTemplate [NamedSqmFunctionTemplate(lag)] under lag; prior registration was null
2024-04-24T15:44:33.275-04:00 DEBUG 24340 --- [usuarios] [           main] o.h.q.sqm.function.SqmFunctionRegistry   : Registered SqmFunctionTemplate [NamedSqmFunctionTemplate(lead)] under lead; prior registration was null
2024-04-24T15:44:33.275-04:00 DEBUG 24340 --- [usuarios] [           main] o.h.q.sqm.function.SqmFunctionRegistry   : Registered SqmFunctionTemplate [NamedSqmFunctionTemplate(first_value)] under first_value; prior registration was null
2024-04-24T15:44:33.275-04:00 DEBUG 24340 --- [usuarios] [           main] o.h.q.sqm.function.SqmFunctionRegistry   : Registered SqmFunctionTemplate [NamedSqmFunctionTemplate(last_value)] under last_value; prior registration was null
2024-04-24T15:44:33.275-04:00 DEBUG 24340 --- [usuarios] [           main] o.h.q.sqm.function.SqmFunctionRegistry   : Registered SqmFunctionTemplate [NamedSqmFunctionTemplate(nth_value)] under nth_value; prior registration was null
2024-04-24T15:44:33.276-04:00 DEBUG 24340 --- [usuarios] [           main] o.h.q.sqm.function.SqmFunctionRegistry   : Registered SqmFunctionTemplate [org.hibernate.dialect.function.HypotheticalSetFunction@1e14ed59] under rank; prior registration was null
2024-04-24T15:44:33.276-04:00 DEBUG 24340 --- [usuarios] [           main] o.h.q.sqm.function.SqmFunctionRegistry   : Registered SqmFunctionTemplate [org.hibernate.dialect.function.HypotheticalSetFunction@5dfb078] under dense_rank; prior registration was null
2024-04-24T15:44:33.277-04:00 DEBUG 24340 --- [usuarios] [           main] o.h.q.sqm.function.SqmFunctionRegistry   : Registered SqmFunctionTemplate [org.hibernate.dialect.function.HypotheticalSetFunction@2d21d12b] under percent_rank; prior registration was null
2024-04-24T15:44:33.277-04:00 DEBUG 24340 --- [usuarios] [           main] o.h.q.sqm.function.SqmFunctionRegistry   : Registered SqmFunctionTemplate [org.hibernate.dialect.function.HypotheticalSetFunction@669b8190] under cume_dist; prior registration was null
2024-04-24T15:44:33.279-04:00 DEBUG 24340 --- [usuarios] [           main] o.h.q.sqm.function.SqmFunctionRegistry   : Registered SqmFunctionTemplate [org.hibernate.dialect.function.InverseDistributionFunction@671c71e8] under mode; prior registration was null
2024-04-24T15:44:33.279-04:00 DEBUG 24340 --- [usuarios] [           main] o.h.q.sqm.function.SqmFunctionRegistry   : Registered SqmFunctionTemplate [org.hibernate.dialect.function.InverseDistributionFunction@7d5176d6] under percentile_cont; prior registration was null
2024-04-24T15:44:33.279-04:00 DEBUG 24340 --- [usuarios] [           main] o.h.q.sqm.function.SqmFunctionRegistry   : Registered SqmFunctionTemplate [org.hibernate.dialect.function.InverseDistributionFunction@31d791c0] under percentile_disc; prior registration was null
2024-04-24T15:44:33.281-04:00 DEBUG 24340 --- [usuarios] [           main] o.h.q.sqm.function.SqmFunctionRegistry   : Registered SqmFunctionTemplate [org.hibernate.dialect.function.ModeStatsModeEmulation@1d6ed085] under mode; prior registration was org.hibernate.dialect.function.InverseDistributionFunction@671c71e8
2024-04-24T15:44:33.287-04:00 DEBUG 24340 --- [usuarios] [           main] o.h.q.sqm.function.SqmFunctionRegistry   : Registered SqmFunctionTemplate [org.hibernate.dialect.function.OracleTruncFunction@16422f27] under trunc; prior registration was null
2024-04-24T15:44:33.287-04:00 DEBUG 24340 --- [usuarios] [           main] o.h.q.sqm.function.SqmFunctionRegistry   : Registering alternate key : truncate -> trunc
2024-04-24T15:44:33.290-04:00 DEBUG 24340 --- [usuarios] [           main] o.h.q.sqm.function.SqmFunctionRegistry   : Registered SqmFunctionTemplate [org.hibernate.dialect.function.array.OracleArrayConstructorFunction@579cfcc4] under array; prior registration was null
2024-04-24T15:44:33.290-04:00 DEBUG 24340 --- [usuarios] [           main] o.h.q.sqm.function.SqmFunctionRegistry   : Registered SqmFunctionTemplate [org.hibernate.dialect.function.array.OracleArrayConstructorFunction@57eb2555] under array_list; prior registration was null
2024-04-24T15:44:33.293-04:00 DEBUG 24340 --- [usuarios] [           main] o.h.q.sqm.function.SqmFunctionRegistry   : Registered SqmFunctionTemplate [org.hibernate.dialect.function.array.OracleArrayAggEmulation@74f9004c] under array_agg; prior registration was null
2024-04-24T15:44:33.300-04:00 DEBUG 24340 --- [usuarios] [           main] o.h.q.sqm.function.SqmFunctionRegistry   : Registered SqmFunctionTemplate [org.hibernate.dialect.function.array.OracleArrayPositionFunction@4ad57db1] under array_position; prior registration was null
2024-04-24T15:44:33.316-04:00 DEBUG 24340 --- [usuarios] [           main] o.h.q.sqm.function.SqmFunctionRegistry   : Registered SqmFunctionTemplate [org.hibernate.dialect.function.array.OracleArrayPositionsFunction@13f255ed] under array_positions; prior registration was null
2024-04-24T15:44:33.326-04:00 DEBUG 24340 --- [usuarios] [           main] o.h.q.sqm.function.SqmFunctionRegistry   : Registered SqmFunctionTemplate [org.hibernate.dialect.function.array.OracleArrayPositionsFunction@1ee5792a] under array_positions_list; prior registration was null
2024-04-24T15:44:33.328-04:00 DEBUG 24340 --- [usuarios] [           main] o.h.q.sqm.function.SqmFunctionRegistry   : Registered SqmFunctionTemplate [org.hibernate.dialect.function.array.OracleArrayLengthFunction@4205d1c9] under array_length; prior registration was null
2024-04-24T15:44:33.332-04:00 DEBUG 24340 --- [usuarios] [           main] o.h.q.sqm.function.SqmFunctionRegistry   : Registered SqmFunctionTemplate [org.hibernate.dialect.function.array.OracleArrayConcatFunction@5603632c] under array_concat; prior registration was null
2024-04-24T15:44:33.334-04:00 DEBUG 24340 --- [usuarios] [           main] o.h.q.sqm.function.SqmFunctionRegistry   : Registered SqmFunctionTemplate [org.hibernate.dialect.function.array.OracleArrayConcatElementFunction@1722ede1] under array_prepend; prior registration was null
2024-04-24T15:44:33.335-04:00 DEBUG 24340 --- [usuarios] [           main] o.h.q.sqm.function.SqmFunctionRegistry   : Registered SqmFunctionTemplate [org.hibernate.dialect.function.array.OracleArrayConcatElementFunction@307ba188] under array_append; prior registration was null
2024-04-24T15:44:33.338-04:00 DEBUG 24340 --- [usuarios] [           main] o.h.q.sqm.function.SqmFunctionRegistry   : Registered SqmFunctionTemplate [org.hibernate.dialect.function.array.OracleArrayContainsFunction@39e91bda] under array_contains; prior registration was null
2024-04-24T15:44:33.339-04:00 DEBUG 24340 --- [usuarios] [           main] o.h.q.sqm.function.SqmFunctionRegistry   : Registered SqmFunctionTemplate [org.hibernate.dialect.function.array.OracleArrayContainsFunction@2c3f81ef] under array_contains_nullable; prior registration was null
2024-04-24T15:44:33.342-04:00 DEBUG 24340 --- [usuarios] [           main] o.h.q.sqm.function.SqmFunctionRegistry   : Registered SqmFunctionTemplate [org.hibernate.dialect.function.array.OracleArrayOverlapsFunction@21f27bb5] under array_overlaps; prior registration was null
2024-04-24T15:44:33.343-04:00 DEBUG 24340 --- [usuarios] [           main] o.h.q.sqm.function.SqmFunctionRegistry   : Registered SqmFunctionTemplate [org.hibernate.dialect.function.array.OracleArrayOverlapsFunction@2e2a2b07] under array_overlaps_nullable; prior registration was null
2024-04-24T15:44:33.348-04:00 DEBUG 24340 --- [usuarios] [           main] o.h.q.sqm.function.SqmFunctionRegistry   : Registered SqmFunctionTemplate [org.hibernate.dialect.function.array.OracleArrayGetFunction@569026df] under array_get; prior registration was null
2024-04-24T15:44:33.350-04:00 DEBUG 24340 --- [usuarios] [           main] o.h.q.sqm.function.SqmFunctionRegistry   : Registered SqmFunctionTemplate [org.hibernate.dialect.function.array.OracleArraySetFunction@5a8149f6] under array_set; prior registration was null
2024-04-24T15:44:33.351-04:00 DEBUG 24340 --- [usuarios] [           main] o.h.q.sqm.function.SqmFunctionRegistry   : Registered SqmFunctionTemplate [org.hibernate.dialect.function.array.OracleArrayRemoveFunction@7cddc50f] under array_remove; prior registration was null
2024-04-24T15:44:33.353-04:00 DEBUG 24340 --- [usuarios] [           main] o.h.q.sqm.function.SqmFunctionRegistry   : Registered SqmFunctionTemplate [org.hibernate.dialect.function.array.OracleArrayRemoveIndexFunction@292b7a02] under array_remove_index; prior registration was null
2024-04-24T15:44:33.357-04:00 DEBUG 24340 --- [usuarios] [           main] o.h.q.sqm.function.SqmFunctionRegistry   : Registered SqmFunctionTemplate [org.hibernate.dialect.function.array.OracleArraySliceFunction@21d561c9] under array_slice; prior registration was null
2024-04-24T15:44:33.359-04:00 DEBUG 24340 --- [usuarios] [           main] o.h.q.sqm.function.SqmFunctionRegistry   : Registered SqmFunctionTemplate [org.hibernate.dialect.function.array.OracleArrayReplaceFunction@53850535] under array_replace; prior registration was null
2024-04-24T15:44:33.361-04:00 DEBUG 24340 --- [usuarios] [           main] o.h.q.sqm.function.SqmFunctionRegistry   : Registered SqmFunctionTemplate [org.hibernate.dialect.function.array.OracleArrayTrimFunction@3a0f5141] under array_trim; prior registration was null
2024-04-24T15:44:33.363-04:00 DEBUG 24340 --- [usuarios] [           main] o.h.q.sqm.function.SqmFunctionRegistry   : Registered SqmFunctionTemplate [org.hibernate.dialect.function.array.OracleArrayFillFunction@347f0950] under array_fill; prior registration was null
2024-04-24T15:44:33.363-04:00 DEBUG 24340 --- [usuarios] [           main] o.h.q.sqm.function.SqmFunctionRegistry   : Registered SqmFunctionTemplate [org.hibernate.dialect.function.array.OracleArrayFillFunction@5ab1107d] under array_fill_list; prior registration was null
2024-04-24T15:44:33.364-04:00 DEBUG 24340 --- [usuarios] [           main] o.h.q.sqm.function.SqmFunctionRegistry   : Registered SqmFunctionTemplate [org.hibernate.dialect.function.array.OracleArrayToStringFunction@507e3e77] under array_to_string; prior registration was null
2024-04-24T15:44:33.366-04:00 DEBUG 24340 --- [usuarios] [           main] org.hibernate.HQL_FUNCTIONS              : abs(NUMERIC arg)
2024-04-24T15:44:33.366-04:00 DEBUG 24340 --- [usuarios] [           main] org.hibernate.HQL_FUNCTIONS              : Double acos(NUMERIC arg)
2024-04-24T15:44:33.366-04:00 DEBUG 24340 --- [usuarios] [           main] org.hibernate.HQL_FUNCTIONS              : add_months(DATE datetime, INTEGER months)
2024-04-24T15:44:33.366-04:00 DEBUG 24340 --- [usuarios] [           main] org.hibernate.HQL_FUNCTIONS              : Boolean any(BOOLEAN arg)
2024-04-24T15:44:33.366-04:00 DEBUG 24340 --- [usuarios] [           main] org.hibernate.HQL_FUNCTIONS              : array( ... )
2024-04-24T15:44:33.366-04:00 DEBUG 24340 --- [usuarios] [           main] org.hibernate.HQL_FUNCTIONS              : array_agg(arg)
2024-04-24T15:44:33.366-04:00 DEBUG 24340 --- [usuarios] [           main] org.hibernate.HQL_FUNCTIONS              : array_append( ... )
2024-04-24T15:44:33.366-04:00 DEBUG 24340 --- [usuarios] [           main] org.hibernate.HQL_FUNCTIONS              : array_concat( ... )
2024-04-24T15:44:33.366-04:00 DEBUG 24340 --- [usuarios] [           main] org.hibernate.HQL_FUNCTIONS              : Boolean array_contains(ARRAY haystackArray, OBJECT needleElementOrArray)
2024-04-24T15:44:33.366-04:00 DEBUG 24340 --- [usuarios] [           main] org.hibernate.HQL_FUNCTIONS              : Boolean array_contains_nullable(ARRAY haystackArray, OBJECT needleElementOrArray)
2024-04-24T15:44:33.366-04:00 DEBUG 24340 --- [usuarios] [           main] org.hibernate.HQL_FUNCTIONS              : array_fill(OBJECT element, INTEGER elementCount)
2024-04-24T15:44:33.366-04:00 DEBUG 24340 --- [usuarios] [           main] org.hibernate.HQL_FUNCTIONS              : array_fill_list(OBJECT element, INTEGER elementCount)
2024-04-24T15:44:33.366-04:00 DEBUG 24340 --- [usuarios] [           main] org.hibernate.HQL_FUNCTIONS              : array_get( ... )
2024-04-24T15:44:33.366-04:00 DEBUG 24340 --- [usuarios] [           main] org.hibernate.HQL_FUNCTIONS              : Integer array_length(ARRAY array)
2024-04-24T15:44:33.366-04:00 DEBUG 24340 --- [usuarios] [           main] org.hibernate.HQL_FUNCTIONS              : array_list( ... )
2024-04-24T15:44:33.366-04:00 DEBUG 24340 --- [usuarios] [           main] org.hibernate.HQL_FUNCTIONS              : Boolean array_overlaps(ARRAY array0, OBJECT array1)
2024-04-24T15:44:33.366-04:00 DEBUG 24340 --- [usuarios] [           main] org.hibernate.HQL_FUNCTIONS              : Boolean array_overlaps_nullable(ARRAY array0, OBJECT array1)
2024-04-24T15:44:33.366-04:00 DEBUG 24340 --- [usuarios] [           main] org.hibernate.HQL_FUNCTIONS              : Integer array_position(ARRAY array, OBJECT element[, INTEGER startPosition])
2024-04-24T15:44:33.366-04:00 DEBUG 24340 --- [usuarios] [           main] org.hibernate.HQL_FUNCTIONS              : int[] array_positions(ARRAY array, OBJECT element)
2024-04-24T15:44:33.366-04:00 DEBUG 24340 --- [usuarios] [           main] org.hibernate.HQL_FUNCTIONS              : List array_positions_list(ARRAY array, OBJECT element)
2024-04-24T15:44:33.366-04:00 DEBUG 24340 --- [usuarios] [           main] org.hibernate.HQL_FUNCTIONS              : array_prepend( ... )
2024-04-24T15:44:33.366-04:00 DEBUG 24340 --- [usuarios] [           main] org.hibernate.HQL_FUNCTIONS              : array_remove( ... )
2024-04-24T15:44:33.366-04:00 DEBUG 24340 --- [usuarios] [           main] org.hibernate.HQL_FUNCTIONS              : array_remove_index( ... )
2024-04-24T15:44:33.366-04:00 DEBUG 24340 --- [usuarios] [           main] org.hibernate.HQL_FUNCTIONS              : array_replace( ... )
2024-04-24T15:44:33.366-04:00 DEBUG 24340 --- [usuarios] [           main] org.hibernate.HQL_FUNCTIONS              : array_set( ... )
2024-04-24T15:44:33.366-04:00 DEBUG 24340 --- [usuarios] [           main] org.hibernate.HQL_FUNCTIONS              : array_slice( ... )
2024-04-24T15:44:33.366-04:00 DEBUG 24340 --- [usuarios] [           main] org.hibernate.HQL_FUNCTIONS              : String array_to_string( ... )
2024-04-24T15:44:33.366-04:00 DEBUG 24340 --- [usuarios] [           main] org.hibernate.HQL_FUNCTIONS              : array_trim( ... )
2024-04-24T15:44:33.366-04:00 DEBUG 24340 --- [usuarios] [           main] org.hibernate.HQL_FUNCTIONS              : Integer ascii(STRING arg)
2024-04-24T15:44:33.366-04:00 DEBUG 24340 --- [usuarios] [           main] org.hibernate.HQL_FUNCTIONS              : Double asin(NUMERIC arg)
2024-04-24T15:44:33.367-04:00 DEBUG 24340 --- [usuarios] [           main] org.hibernate.HQL_FUNCTIONS              : Double atan(NUMERIC arg)
2024-04-24T15:44:33.367-04:00 DEBUG 24340 --- [usuarios] [           main] org.hibernate.HQL_FUNCTIONS              : Double atan2(NUMERIC arg0, NUMERIC arg1)
2024-04-24T15:44:33.367-04:00 DEBUG 24340 --- [usuarios] [           main] org.hibernate.HQL_FUNCTIONS              : avg(arg)
2024-04-24T15:44:33.367-04:00 DEBUG 24340 --- [usuarios] [           main] org.hibernate.HQL_FUNCTIONS              : Integer bit_length(STRING_OR_CLOB arg)
2024-04-24T15:44:33.367-04:00 DEBUG 24340 --- [usuarios] [           main] org.hibernate.HQL_FUNCTIONS              : bitand(arg0, arg1)
2024-04-24T15:44:33.367-04:00 DEBUG 24340 --- [usuarios] [           main] org.hibernate.HQL_FUNCTIONS              : cast(arg as Type)
2024-04-24T15:44:33.367-04:00 DEBUG 24340 --- [usuarios] [           main] org.hibernate.HQL_FUNCTIONS              : ceil(NUMERIC arg)
2024-04-24T15:44:33.367-04:00 DEBUG 24340 --- [usuarios] [           main] org.hibernate.HQL_FUNCTIONS              : ceiling(NUMERIC arg)
2024-04-24T15:44:33.367-04:00 DEBUG 24340 --- [usuarios] [           main] org.hibernate.HQL_FUNCTIONS              : Character char(INTEGER arg)
2024-04-24T15:44:33.367-04:00 DEBUG 24340 --- [usuarios] [           main] org.hibernate.HQL_FUNCTIONS              : Integer character_length(STRING_OR_CLOB arg)
2024-04-24T15:44:33.367-04:00 DEBUG 24340 --- [usuarios] [           main] org.hibernate.HQL_FUNCTIONS              : Character chr(INTEGER arg)
2024-04-24T15:44:33.367-04:00 DEBUG 24340 --- [usuarios] [           main] org.hibernate.HQL_FUNCTIONS              : coalesce(arg0[, arg1[, ...]])
2024-04-24T15:44:33.367-04:00 DEBUG 24340 --- [usuarios] [           main] org.hibernate.HQL_FUNCTIONS              : String collate(STRING string as COLLATION collation)
2024-04-24T15:44:33.367-04:00 DEBUG 24340 --- [usuarios] [           main] org.hibernate.HQL_FUNCTIONS              : String concat(STRING string0[, STRING string1[, ...]])
2024-04-24T15:44:33.367-04:00 DEBUG 24340 --- [usuarios] [           main] org.hibernate.HQL_FUNCTIONS              : Double corr(NUMERIC arg0, NUMERIC arg1)
2024-04-24T15:44:33.367-04:00 DEBUG 24340 --- [usuarios] [           main] org.hibernate.HQL_FUNCTIONS              : Double cos(NUMERIC arg)
2024-04-24T15:44:33.367-04:00 DEBUG 24340 --- [usuarios] [           main] org.hibernate.HQL_FUNCTIONS              : Double cosh(NUMERIC arg)
2024-04-24T15:44:33.367-04:00 DEBUG 24340 --- [usuarios] [           main] org.hibernate.HQL_FUNCTIONS              : Long count([distinct ]{arg|*})
2024-04-24T15:44:33.368-04:00 DEBUG 24340 --- [usuarios] [           main] org.hibernate.HQL_FUNCTIONS              : Double covar_pop(NUMERIC arg0, NUMERIC arg1)
2024-04-24T15:44:33.368-04:00 DEBUG 24340 --- [usuarios] [           main] org.hibernate.HQL_FUNCTIONS              : Double covar_samp(NUMERIC arg0, NUMERIC arg1)
2024-04-24T15:44:33.368-04:00 DEBUG 24340 --- [usuarios] [           main] org.hibernate.HQL_FUNCTIONS              : Double cume_dist([arg0[, ...]])
2024-04-24T15:44:33.368-04:00 DEBUG 24340 --- [usuarios] [           main] org.hibernate.HQL_FUNCTIONS              : Date current date
2024-04-24T15:44:33.368-04:00 DEBUG 24340 --- [usuarios] [           main] org.hibernate.HQL_FUNCTIONS              : Time current time
2024-04-24T15:44:33.368-04:00 DEBUG 24340 --- [usuarios] [           main] org.hibernate.HQL_FUNCTIONS              : Timestamp current timestamp
2024-04-24T15:44:33.368-04:00 DEBUG 24340 --- [usuarios] [           main] org.hibernate.HQL_FUNCTIONS              : Date current_date
2024-04-24T15:44:33.368-04:00 DEBUG 24340 --- [usuarios] [           main] org.hibernate.HQL_FUNCTIONS              : Instant current_instant
2024-04-24T15:44:33.368-04:00 DEBUG 24340 --- [usuarios] [           main] org.hibernate.HQL_FUNCTIONS              : Time current_time
2024-04-24T15:44:33.368-04:00 DEBUG 24340 --- [usuarios] [           main] org.hibernate.HQL_FUNCTIONS              : Timestamp current_timestamp
2024-04-24T15:44:33.368-04:00 DEBUG 24340 --- [usuarios] [           main] org.hibernate.HQL_FUNCTIONS              : dateadd(TEMPORAL_UNIT field, INTEGER magnitude, TEMPORAL datetime)
2024-04-24T15:44:33.368-04:00 DEBUG 24340 --- [usuarios] [           main] org.hibernate.HQL_FUNCTIONS              : basicType@2(java.lang.Long,-5)|basicType@15(java.lang.Double,8) datediff(TEMPORAL_UNIT field, TEMPORAL start, TEMPORAL end)
2024-04-24T15:44:33.369-04:00 DEBUG 24340 --- [usuarios] [           main] org.hibernate.HQL_FUNCTIONS              : Double degrees(NUMERIC arg)
2024-04-24T15:44:33.369-04:00 DEBUG 24340 --- [usuarios] [           main] org.hibernate.HQL_FUNCTIONS              : Long dense_rank([arg0[, ...]])
2024-04-24T15:44:33.369-04:00 DEBUG 24340 --- [usuarios] [           main] org.hibernate.HQL_FUNCTIONS              : Boolean every(BOOLEAN arg)
2024-04-24T15:44:33.369-04:00 DEBUG 24340 --- [usuarios] [           main] org.hibernate.HQL_FUNCTIONS              : Double exp(NUMERIC arg)
2024-04-24T15:44:33.369-04:00 DEBUG 24340 --- [usuarios] [           main] org.hibernate.HQL_FUNCTIONS              : extract(TEMPORAL_UNIT field from TEMPORAL arg)
2024-04-24T15:44:33.369-04:00 DEBUG 24340 --- [usuarios] [           main] org.hibernate.HQL_FUNCTIONS              : first_valueANY value
2024-04-24T15:44:33.369-04:00 DEBUG 24340 --- [usuarios] [           main] org.hibernate.HQL_FUNCTIONS              : floor(NUMERIC arg)
2024-04-24T15:44:33.369-04:00 DEBUG 24340 --- [usuarios] [           main] org.hibernate.HQL_FUNCTIONS              : String format(TEMPORAL datetime as STRING pattern)
2024-04-24T15:44:33.369-04:00 DEBUG 24340 --- [usuarios] [           main] org.hibernate.HQL_FUNCTIONS              : greatest(COMPARABLE arg0, COMPARABLE arg1[, arg2[, ...]])
2024-04-24T15:44:33.369-04:00 DEBUG 24340 --- [usuarios] [           main] org.hibernate.HQL_FUNCTIONS              : ifnull(arg0, arg1)
2024-04-24T15:44:33.369-04:00 DEBUG 24340 --- [usuarios] [           main] org.hibernate.HQL_FUNCTIONS              : String initcap(arg)
2024-04-24T15:44:33.369-04:00 DEBUG 24340 --- [usuarios] [           main] org.hibernate.HQL_FUNCTIONS              : Instant instant
2024-04-24T15:44:33.369-04:00 DEBUG 24340 --- [usuarios] [           main] org.hibernate.HQL_FUNCTIONS              : Integer instr(STRING string, STRING pattern[, INTEGER start[, INTEGER occurrence]])
2024-04-24T15:44:33.369-04:00 DEBUG 24340 --- [usuarios] [           main] org.hibernate.HQL_FUNCTIONS              : lagANY value[, INTEGER offset[, ANY default]]
2024-04-24T15:44:33.369-04:00 DEBUG 24340 --- [usuarios] [           main] org.hibernate.HQL_FUNCTIONS              : Date last_day(DATE arg)
2024-04-24T15:44:33.369-04:00 DEBUG 24340 --- [usuarios] [           main] org.hibernate.HQL_FUNCTIONS              : last_valueANY value
2024-04-24T15:44:33.369-04:00 DEBUG 24340 --- [usuarios] [           main] org.hibernate.HQL_FUNCTIONS              : leadANY value[, INTEGER offset[, ANY default]]
2024-04-24T15:44:33.370-04:00 DEBUG 24340 --- [usuarios] [           main] org.hibernate.HQL_FUNCTIONS              : least(COMPARABLE arg0, COMPARABLE arg1[, arg2[, ...]])
2024-04-24T15:44:33.370-04:00 DEBUG 24340 --- [usuarios] [           main] org.hibernate.HQL_FUNCTIONS              : String left(STRING string, INTEGER length)
2024-04-24T15:44:33.370-04:00 DEBUG 24340 --- [usuarios] [           main] org.hibernate.HQL_FUNCTIONS              : Integer length(STRING_OR_CLOB arg)
2024-04-24T15:44:33.370-04:00 DEBUG 24340 --- [usuarios] [           main] org.hibernate.HQL_FUNCTIONS              : String listagg(STRING arg0, STRING arg1)
2024-04-24T15:44:33.370-04:00 DEBUG 24340 --- [usuarios] [           main] org.hibernate.HQL_FUNCTIONS              : Double ln(NUMERIC arg)
2024-04-24T15:44:33.370-04:00 DEBUG 24340 --- [usuarios] [           main] org.hibernate.HQL_FUNCTIONS              : LocalDate local date
2024-04-24T15:44:33.370-04:00 DEBUG 24340 --- [usuarios] [           main] org.hibernate.HQL_FUNCTIONS              : LocalDateTime local datetime
2024-04-24T15:44:33.370-04:00 DEBUG 24340 --- [usuarios] [           main] org.hibernate.HQL_FUNCTIONS              : LocalTime local time
2024-04-24T15:44:33.370-04:00 DEBUG 24340 --- [usuarios] [           main] org.hibernate.HQL_FUNCTIONS              : LocalDate local_date
2024-04-24T15:44:33.370-04:00 DEBUG 24340 --- [usuarios] [           main] org.hibernate.HQL_FUNCTIONS              : LocalDateTime local_datetime
2024-04-24T15:44:33.370-04:00 DEBUG 24340 --- [usuarios] [           main] org.hibernate.HQL_FUNCTIONS              : LocalTime local_time
2024-04-24T15:44:33.370-04:00 DEBUG 24340 --- [usuarios] [           main] org.hibernate.HQL_FUNCTIONS              : Integer locate(pattern, string[, start])
2024-04-24T15:44:33.370-04:00 DEBUG 24340 --- [usuarios] [           main] org.hibernate.HQL_FUNCTIONS              : Double log(NUMERIC arg0[, NUMERIC arg1])
2024-04-24T15:44:33.370-04:00 DEBUG 24340 --- [usuarios] [           main] org.hibernate.HQL_FUNCTIONS              : Double log10(NUMERIC arg)
2024-04-24T15:44:33.370-04:00 DEBUG 24340 --- [usuarios] [           main] org.hibernate.HQL_FUNCTIONS              : String lower(STRING string)
2024-04-24T15:44:33.370-04:00 DEBUG 24340 --- [usuarios] [           main] org.hibernate.HQL_FUNCTIONS              : String lpad(STRING string, INTEGER length[, STRING padding])
2024-04-24T15:44:33.370-04:00 DEBUG 24340 --- [usuarios] [           main] org.hibernate.HQL_FUNCTIONS              : String ltrim(STRING string[, STRING characters])
2024-04-24T15:44:33.370-04:00 DEBUG 24340 --- [usuarios] [           main] org.hibernate.HQL_FUNCTIONS              : max(COMPARABLE arg)
2024-04-24T15:44:33.370-04:00 DEBUG 24340 --- [usuarios] [           main] org.hibernate.HQL_FUNCTIONS              : Double median(NUMERIC arg)
2024-04-24T15:44:33.370-04:00 DEBUG 24340 --- [usuarios] [           main] org.hibernate.HQL_FUNCTIONS              : min(COMPARABLE arg)
2024-04-24T15:44:33.371-04:00 DEBUG 24340 --- [usuarios] [           main] org.hibernate.HQL_FUNCTIONS              : Integer mod(INTEGER arg0, INTEGER arg1)
2024-04-24T15:44:33.371-04:00 DEBUG 24340 --- [usuarios] [           main] org.hibernate.HQL_FUNCTIONS              : mode()
2024-04-24T15:44:33.371-04:00 DEBUG 24340 --- [usuarios] [           main] org.hibernate.HQL_FUNCTIONS              : Integer months_between(DATE end, DATE start)
2024-04-24T15:44:33.371-04:00 DEBUG 24340 --- [usuarios] [           main] org.hibernate.HQL_FUNCTIONS              : nth_valueANY value, INTEGER nth
2024-04-24T15:44:33.371-04:00 DEBUG 24340 --- [usuarios] [           main] org.hibernate.HQL_FUNCTIONS              : nullif(arg0, arg1)
2024-04-24T15:44:33.371-04:00 DEBUG 24340 --- [usuarios] [           main] org.hibernate.HQL_FUNCTIONS              : Integer octet_length(STRING_OR_CLOB arg)
2024-04-24T15:44:33.371-04:00 DEBUG 24340 --- [usuarios] [           main] org.hibernate.HQL_FUNCTIONS              : OffsetDateTime offset datetime
2024-04-24T15:44:33.371-04:00 DEBUG 24340 --- [usuarios] [           main] org.hibernate.HQL_FUNCTIONS              : OffsetDateTime offset_datetime
2024-04-24T15:44:33.371-04:00 DEBUG 24340 --- [usuarios] [           main] org.hibernate.HQL_FUNCTIONS              : String overlay(STRING string placing STRING replacement from INTEGER start[ for INTEGER length])
2024-04-24T15:44:33.371-04:00 DEBUG 24340 --- [usuarios] [           main] org.hibernate.HQL_FUNCTIONS              : String pad(STRING string with INTEGER length {leading|trailing}[ STRING character])
2024-04-24T15:44:33.371-04:00 DEBUG 24340 --- [usuarios] [           main] org.hibernate.HQL_FUNCTIONS              : Double percent_rank([arg0[, ...]])
2024-04-24T15:44:33.371-04:00 DEBUG 24340 --- [usuarios] [           main] org.hibernate.HQL_FUNCTIONS              : percentile_cont(NUMERIC arg)
2024-04-24T15:44:33.371-04:00 DEBUG 24340 --- [usuarios] [           main] org.hibernate.HQL_FUNCTIONS              : percentile_disc(NUMERIC arg)
2024-04-24T15:44:33.371-04:00 DEBUG 24340 --- [usuarios] [           main] org.hibernate.HQL_FUNCTIONS              : Double pi
2024-04-24T15:44:33.371-04:00 DEBUG 24340 --- [usuarios] [           main] org.hibernate.HQL_FUNCTIONS              : Integer position(STRING pattern in STRING string)
2024-04-24T15:44:33.371-04:00 DEBUG 24340 --- [usuarios] [           main] org.hibernate.HQL_FUNCTIONS              : Double power(NUMERIC arg0, NUMERIC arg1)
2024-04-24T15:44:33.371-04:00 DEBUG 24340 --- [usuarios] [           main] org.hibernate.HQL_FUNCTIONS              : Double radians(NUMERIC arg)
2024-04-24T15:44:33.371-04:00 DEBUG 24340 --- [usuarios] [           main] org.hibernate.HQL_FUNCTIONS              : Long rank([arg0[, ...]])
2024-04-24T15:44:33.371-04:00 DEBUG 24340 --- [usuarios] [           main] org.hibernate.HQL_FUNCTIONS              : Double regr_avgx(NUMERIC arg0, NUMERIC arg1)
2024-04-24T15:44:33.371-04:00 DEBUG 24340 --- [usuarios] [           main] org.hibernate.HQL_FUNCTIONS              : Double regr_avgy(NUMERIC arg0, NUMERIC arg1)
2024-04-24T15:44:33.371-04:00 DEBUG 24340 --- [usuarios] [           main] org.hibernate.HQL_FUNCTIONS              : Double regr_count(NUMERIC arg0, NUMERIC arg1)
2024-04-24T15:44:33.371-04:00 DEBUG 24340 --- [usuarios] [           main] org.hibernate.HQL_FUNCTIONS              : Double regr_intercept(NUMERIC arg0, NUMERIC arg1)
2024-04-24T15:44:33.371-04:00 DEBUG 24340 --- [usuarios] [           main] org.hibernate.HQL_FUNCTIONS              : Double regr_r2(NUMERIC arg0, NUMERIC arg1)
2024-04-24T15:44:33.371-04:00 DEBUG 24340 --- [usuarios] [           main] org.hibernate.HQL_FUNCTIONS              : Double regr_slope(NUMERIC arg0, NUMERIC arg1)
2024-04-24T15:44:33.371-04:00 DEBUG 24340 --- [usuarios] [           main] org.hibernate.HQL_FUNCTIONS              : Double regr_sxx(NUMERIC arg0, NUMERIC arg1)
2024-04-24T15:44:33.371-04:00 DEBUG 24340 --- [usuarios] [           main] org.hibernate.HQL_FUNCTIONS              : Double regr_sxy(NUMERIC arg0, NUMERIC arg1)
2024-04-24T15:44:33.371-04:00 DEBUG 24340 --- [usuarios] [           main] org.hibernate.HQL_FUNCTIONS              : Double regr_syy(NUMERIC arg0, NUMERIC arg1)
2024-04-24T15:44:33.371-04:00 DEBUG 24340 --- [usuarios] [           main] org.hibernate.HQL_FUNCTIONS              : String repeat(STRING string, INTEGER times)
2024-04-24T15:44:33.371-04:00 DEBUG 24340 --- [usuarios] [           main] org.hibernate.HQL_FUNCTIONS              : String replace(STRING string, STRING pattern, STRING replacement)
2024-04-24T15:44:33.371-04:00 DEBUG 24340 --- [usuarios] [           main] org.hibernate.HQL_FUNCTIONS              : String right(STRING string, INTEGER length)
2024-04-24T15:44:33.371-04:00 DEBUG 24340 --- [usuarios] [           main] org.hibernate.HQL_FUNCTIONS              : round(NUMERIC number[, INTEGER places])
2024-04-24T15:44:33.372-04:00 DEBUG 24340 --- [usuarios] [           main] org.hibernate.HQL_FUNCTIONS              : Long row_number()
2024-04-24T15:44:33.372-04:00 DEBUG 24340 --- [usuarios] [           main] org.hibernate.HQL_FUNCTIONS              : Long rowid
2024-04-24T15:44:33.372-04:00 DEBUG 24340 --- [usuarios] [           main] org.hibernate.HQL_FUNCTIONS              : Long rownum
2024-04-24T15:44:33.372-04:00 DEBUG 24340 --- [usuarios] [           main] org.hibernate.HQL_FUNCTIONS              : String rpad(STRING string, INTEGER length[, STRING padding])
2024-04-24T15:44:33.372-04:00 DEBUG 24340 --- [usuarios] [           main] org.hibernate.HQL_FUNCTIONS              : String rtrim(STRING string[, STRING characters])
2024-04-24T15:44:33.372-04:00 DEBUG 24340 --- [usuarios] [           main] org.hibernate.HQL_FUNCTIONS              : Integer sign(NUMERIC arg)
2024-04-24T15:44:33.372-04:00 DEBUG 24340 --- [usuarios] [           main] org.hibernate.HQL_FUNCTIONS              : Double sin(NUMERIC arg)
2024-04-24T15:44:33.372-04:00 DEBUG 24340 --- [usuarios] [           main] org.hibernate.HQL_FUNCTIONS              : Double sinh(NUMERIC arg)
2024-04-24T15:44:33.372-04:00 DEBUG 24340 --- [usuarios] [           main] org.hibernate.HQL_FUNCTIONS              : String soundex(arg)
2024-04-24T15:44:33.372-04:00 DEBUG 24340 --- [usuarios] [           main] org.hibernate.HQL_FUNCTIONS              : Object sql
2024-04-24T15:44:33.372-04:00 DEBUG 24340 --- [usuarios] [           main] org.hibernate.HQL_FUNCTIONS              : Double sqrt(NUMERIC arg)
2024-04-24T15:44:33.372-04:00 DEBUG 24340 --- [usuarios] [           main] org.hibernate.HQL_FUNCTIONS              : Double stddev(NUMERIC arg)
2024-04-24T15:44:33.372-04:00 DEBUG 24340 --- [usuarios] [           main] org.hibernate.HQL_FUNCTIONS              : Double stddev_pop(NUMERIC arg)
2024-04-24T15:44:33.372-04:00 DEBUG 24340 --- [usuarios] [           main] org.hibernate.HQL_FUNCTIONS              : Double stddev_samp(NUMERIC arg)
2024-04-24T15:44:33.372-04:00 DEBUG 24340 --- [usuarios] [           main] org.hibernate.HQL_FUNCTIONS              : String str(arg)
2024-04-24T15:44:33.372-04:00 DEBUG 24340 --- [usuarios] [           main] org.hibernate.HQL_FUNCTIONS              : String substr(STRING string, INTEGER start[, INTEGER length])
2024-04-24T15:44:33.372-04:00 DEBUG 24340 --- [usuarios] [           main] org.hibernate.HQL_FUNCTIONS              : String substring(STRING string{ from|,} INTEGER start[{ for|,} INTEGER length])
2024-04-24T15:44:33.372-04:00 DEBUG 24340 --- [usuarios] [           main] org.hibernate.HQL_FUNCTIONS              : sum(arg)
2024-04-24T15:44:33.372-04:00 DEBUG 24340 --- [usuarios] [           main] org.hibernate.HQL_FUNCTIONS              : Timestamp sysdate
2024-04-24T15:44:33.372-04:00 DEBUG 24340 --- [usuarios] [           main] org.hibernate.HQL_FUNCTIONS              : Timestamp systimestamp
2024-04-24T15:44:33.372-04:00 DEBUG 24340 --- [usuarios] [           main] org.hibernate.HQL_FUNCTIONS              : Double tan(NUMERIC arg)
2024-04-24T15:44:33.372-04:00 DEBUG 24340 --- [usuarios] [           main] org.hibernate.HQL_FUNCTIONS              : Double tanh(NUMERIC arg)
2024-04-24T15:44:33.372-04:00 DEBUG 24340 --- [usuarios] [           main] org.hibernate.HQL_FUNCTIONS              : timestampadd(TEMPORAL_UNIT field, INTEGER magnitude, TEMPORAL datetime)
2024-04-24T15:44:33.372-04:00 DEBUG 24340 --- [usuarios] [           main] org.hibernate.HQL_FUNCTIONS              : basicType@2(java.lang.Long,-5)|basicType@15(java.lang.Double,8) timestampdiff(TEMPORAL_UNIT field, TEMPORAL start, TEMPORAL end)
2024-04-24T15:44:33.372-04:00 DEBUG 24340 --- [usuarios] [           main] org.hibernate.HQL_FUNCTIONS              : String to_char(ANY arg0[, STRING arg1, STRING arg2])
2024-04-24T15:44:33.372-04:00 DEBUG 24340 --- [usuarios] [           main] org.hibernate.HQL_FUNCTIONS              : Date to_date(STRING arg0[, STRING arg1, STRING arg2])
2024-04-24T15:44:33.372-04:00 DEBUG 24340 --- [usuarios] [           main] org.hibernate.HQL_FUNCTIONS              : Double to_number(STRING arg0[, STRING arg1, STRING arg2])
2024-04-24T15:44:33.372-04:00 DEBUG 24340 --- [usuarios] [           main] org.hibernate.HQL_FUNCTIONS              : Timestamp to_timestamp(STRING arg0[, STRING arg1, STRING arg2])
2024-04-24T15:44:33.372-04:00 DEBUG 24340 --- [usuarios] [           main] org.hibernate.HQL_FUNCTIONS              : String translate(STRING arg0, STRING arg1, STRING arg2)
2024-04-24T15:44:33.372-04:00 DEBUG 24340 --- [usuarios] [           main] org.hibernate.HQL_FUNCTIONS              : String trim([[{leading|trailing|both} ][STRING arg0 ]from] STRING arg1)
2024-04-24T15:44:33.372-04:00 DEBUG 24340 --- [usuarios] [           main] org.hibernate.HQL_FUNCTIONS              : trunc( ... )
2024-04-24T15:44:33.372-04:00 DEBUG 24340 --- [usuarios] [           main] org.hibernate.HQL_FUNCTIONS              : truncate( ... )
2024-04-24T15:44:33.372-04:00 DEBUG 24340 --- [usuarios] [           main] org.hibernate.HQL_FUNCTIONS              : String upper(STRING string)
2024-04-24T15:44:33.372-04:00 DEBUG 24340 --- [usuarios] [           main] org.hibernate.HQL_FUNCTIONS              : Double var_pop(NUMERIC arg)
2024-04-24T15:44:33.372-04:00 DEBUG 24340 --- [usuarios] [           main] org.hibernate.HQL_FUNCTIONS              : Double var_samp(NUMERIC arg)
2024-04-24T15:44:33.372-04:00 DEBUG 24340 --- [usuarios] [           main] org.hibernate.HQL_FUNCTIONS              : Double variance(NUMERIC arg)
2024-04-24T15:44:33.379-04:00 DEBUG 24340 --- [usuarios] [           main] org.hibernate.orm.query.plan.cache       : Starting QueryInterpretationCache(2048)
2024-04-24T15:44:33.480-04:00 DEBUG 24340 --- [usuarios] [           main] .h.s.i.SessionFactoryServiceRegistryImpl : EventListenerRegistry access via ServiceRegistry is deprecated.  Use `sessionFactory.getEventEngine().getListenerRegistry()` instead
2024-04-24T15:44:33.482-04:00 DEBUG 24340 --- [usuarios] [           main] h.e.i.EntityCopyObserverFactoryInitiator : Configured EntityCopyObserver strategy: disallow
2024-04-24T15:44:33.651-04:00 DEBUG 24340 --- [usuarios] [           main] org.hibernate.ormbytecode.interceptor    : To-one property `com.gestorusuario.usuarios.model.Usuario#perfil` was mapped with LAZY + NO_PROXY but the class was not enhanced
2024-04-24T15:44:33.652-04:00 DEBUG 24340 --- [usuarios] [           main] org.hibernate.ormbytecode.interceptor    : To-one property `com.gestorusuario.usuarios.model.Usuario#perfil` was mapped with LAZY + NO_PROXY but the class was not enhanced
2024-04-24T15:44:33.653-04:00 DEBUG 24340 --- [usuarios] [           main] o.h.boot.internal.ClassLoaderAccessImpl  : Not known whether passed class name [com.gestorusuario.usuarios.model.Usuario] is safe
2024-04-24T15:44:33.653-04:00 DEBUG 24340 --- [usuarios] [           main] o.h.boot.internal.ClassLoaderAccessImpl  : No temp ClassLoader provided; using live ClassLoader for loading potentially unsafe class : com.gestorusuario.usuarios.model.Usuario
2024-04-24T15:44:33.727-04:00 DEBUG 24340 --- [usuarios] [           main] o.h.b.i.bytebuddy.BytecodeProviderImpl   : HHH000513: Unable to create the ReflectionOptimizer for [com.gestorusuario.usuarios.model.Usuario]: private accessor [nombre]
2024-04-24T15:44:33.735-04:00 DEBUG 24340 --- [usuarios] [           main] org.hibernate.ormbytecode.interceptor    : To-one property `com.gestorusuario.usuarios.model.Usuario#perfil` was mapped with LAZY + NO_PROXY but the class was not enhanced
2024-04-24T15:44:33.773-04:00 DEBUG 24340 --- [usuarios] [           main] o.h.boot.internal.ClassLoaderAccessImpl  : Not known whether passed class name [com.gestorusuario.usuarios.model.Perfil] is safe
2024-04-24T15:44:33.773-04:00 DEBUG 24340 --- [usuarios] [           main] o.h.boot.internal.ClassLoaderAccessImpl  : No temp ClassLoader provided; using live ClassLoader for loading potentially unsafe class : com.gestorusuario.usuarios.model.Perfil
2024-04-24T15:44:33.785-04:00 DEBUG 24340 --- [usuarios] [           main] o.h.b.i.bytebuddy.BytecodeProviderImpl   : HHH000513: Unable to create the ReflectionOptimizer for [com.gestorusuario.usuarios.model.Perfil]: private accessor [descripcion]
2024-04-24T15:44:33.821-04:00 DEBUG 24340 --- [usuarios] [           main] o.hibernate.orm.model.mapping.creation   : Starting post-init callbacks
2024-04-24T15:44:33.822-04:00 DEBUG 24340 --- [usuarios] [           main] o.hibernate.orm.model.mapping.creation   : Starting PostInitCallbackEntry : To-one key - NavigableRole[com.gestorusuario.usuarios.model.Usuario.perfil]
2024-04-24T15:44:33.827-04:00 DEBUG 24340 --- [usuarios] [           main] o.hibernate.orm.model.mapping.creation   : Starting PostInitCallbackEntry : Entity(com.gestorusuario.usuarios.model.Usuario) `staticFetchableList` generator
2024-04-24T15:44:33.827-04:00 DEBUG 24340 --- [usuarios] [           main] o.hibernate.orm.model.mapping.creation   : Starting PostInitCallbackEntry : Entity(com.gestorusuario.usuarios.model.Perfil) `staticFetchableList` generator
2024-04-24T15:44:33.950-04:00 DEBUG 24340 --- [usuarios] [           main] org.hibernate.orm.sql.ast.create         : Created new SQL alias : u1_0
2024-04-24T15:44:33.955-04:00 DEBUG 24340 --- [usuarios] [           main] org.hibernate.orm.sql.ast.create         : Registration of TableGroup [StandardTableGroup(com.gestorusuario.usuarios.model.Usuario)] with identifierForTableGroup [com.gestorusuario.usuarios.model.Usuario] for NavigablePath [com.gestorusuario.usuarios.model.Usuario] 
2024-04-24T15:44:33.974-04:00 DEBUG 24340 --- [usuarios] [           main] org.hibernate.orm.sql.ast.create         : Registration of TableGroup [org.hibernate.sql.ast.tree.from.LazyTableGroup@27a8bfa1] with identifierForTableGroup [com.gestorusuario.usuarios.model.Usuario.perfil] for NavigablePath [com.gestorusuario.usuarios.model.Usuario.perfil] 
2024-04-24T15:44:33.976-04:00 DEBUG 24340 --- [usuarios] [           main] org.hibernate.orm.sql.ast.create         : Created new SQL alias : p1_0
2024-04-24T15:44:33.989-04:00 DEBUG 24340 --- [usuarios] [           main] org.hibernate.orm.results.graph.AST      : DomainResult Graph:
 \-EntityResultImpl [com.gestorusuario.usuarios.model.Usuario]
 |  +-BasicFetch [com.gestorusuario.usuarios.model.Usuario.nombre]
 |  +-BasicFetch [com.gestorusuario.usuarios.model.Usuario.password]
 |  \-EntityFetchJoinedImpl [com.gestorusuario.usuarios.model.Usuario.perfil]

2024-04-24T15:44:33.992-04:00 DEBUG 24340 --- [usuarios] [           main] org.hibernate.orm.sql.ast.tree           : SQL AST Tree:
    SelectStatement {
      FromClause {
        StandardTableGroup (u1 : com.gestorusuario.usuarios.model.Usuario) {
          primaryTableReference : usuario as u1_0
          TableGroupJoins {
            left  join LazyTableGroup (p1 : com.gestorusuario.usuarios.model.Usuario.perfil) {
              primaryTableReference : perfil as p1_0
            }
          }
        }
      }
    }

2024-04-24T15:44:33.999-04:00 DEBUG 24340 --- [usuarios] [           main] o.h.p.entity.AbstractEntityPersister     : Static SQL for entity: com.gestorusuario.usuarios.model.Usuario
2024-04-24T15:44:33.999-04:00 DEBUG 24340 --- [usuarios] [           main] o.h.p.entity.AbstractEntityPersister     :  Version select: select id from usuario where id=?
2024-04-24T15:44:33.999-04:00 DEBUG 24340 --- [usuarios] [           main] o.h.p.entity.AbstractEntityPersister     :  Insert (0): insert into usuario (nombre,password,idperfil,id) values (?,?,?,default)
2024-04-24T15:44:33.999-04:00 DEBUG 24340 --- [usuarios] [           main] o.h.p.entity.AbstractEntityPersister     :  Update (0): update usuario set nombre=?,password=?,idperfil=? where id=?
2024-04-24T15:44:33.999-04:00 DEBUG 24340 --- [usuarios] [           main] o.h.p.entity.AbstractEntityPersister     :  Delete (0): delete from usuario where id=?
2024-04-24T15:44:33.999-04:00 DEBUG 24340 --- [usuarios] [           main] org.hibernate.orm.sql.ast.create         : Created new SQL alias : p1_0
2024-04-24T15:44:33.999-04:00 DEBUG 24340 --- [usuarios] [           main] org.hibernate.orm.sql.ast.create         : Registration of TableGroup [StandardTableGroup(com.gestorusuario.usuarios.model.Perfil)] with identifierForTableGroup [com.gestorusuario.usuarios.model.Perfil] for NavigablePath [com.gestorusuario.usuarios.model.Perfil] 
2024-04-24T15:44:34.000-04:00 DEBUG 24340 --- [usuarios] [           main] org.hibernate.orm.results.graph.AST      : DomainResult Graph:
 \-EntityResultImpl [com.gestorusuario.usuarios.model.Perfil]
 |  +-BasicFetch [com.gestorusuario.usuarios.model.Perfil.descripcion]
 |  \-BasicFetch [com.gestorusuario.usuarios.model.Perfil.nombreperfil]

2024-04-24T15:44:34.000-04:00 DEBUG 24340 --- [usuarios] [           main] org.hibernate.orm.sql.ast.tree           : SQL AST Tree:
    SelectStatement {
      FromClause {
        StandardTableGroup (p1 : com.gestorusuario.usuarios.model.Perfil) {
          primaryTableReference : perfil as p1_0
        }
      }
    }

2024-04-24T15:44:34.000-04:00 DEBUG 24340 --- [usuarios] [           main] o.h.p.entity.AbstractEntityPersister     : Static SQL for entity: com.gestorusuario.usuarios.model.Perfil
2024-04-24T15:44:34.000-04:00 DEBUG 24340 --- [usuarios] [           main] o.h.p.entity.AbstractEntityPersister     :  Version select: select idperfil from perfil where idperfil=?
2024-04-24T15:44:34.000-04:00 DEBUG 24340 --- [usuarios] [           main] o.h.p.entity.AbstractEntityPersister     :  Insert (0): insert into perfil (descripcion,nombreperfil,idperfil) values (?,?,default)
2024-04-24T15:44:34.000-04:00 DEBUG 24340 --- [usuarios] [           main] o.h.p.entity.AbstractEntityPersister     :  Update (0): update perfil set descripcion=?,nombreperfil=? where idperfil=?
2024-04-24T15:44:34.000-04:00 DEBUG 24340 --- [usuarios] [           main] o.h.p.entity.AbstractEntityPersister     :  Delete (0): delete from perfil where idperfil=?
2024-04-24T15:44:34.030-04:00  INFO 24340 --- [usuarios] [           main] o.h.e.t.j.p.i.JtaPlatformInitiator       : HHH000489: No JTA platform available (set 'hibernate.transaction.jta.platform' to enable JTA platform integration)
2024-04-24T15:44:34.031-04:00 DEBUG 24340 --- [usuarios] [           main] o.h.type.spi.TypeConfiguration$Scope     : Scoping TypeConfiguration [org.hibernate.type.spi.TypeConfiguration@40b678b3] to SessionFactoryImplementor [org.hibernate.internal.SessionFactoryImpl@4c2812aa]
2024-04-24T15:44:34.032-04:00 DEBUG 24340 --- [usuarios] [           main] o.h.query.named.NamedObjectRepository    : Checking 0 named HQL queries
2024-04-24T15:44:34.032-04:00 DEBUG 24340 --- [usuarios] [           main] o.h.query.named.NamedObjectRepository    : Checking 0 named SQL queries
2024-04-24T15:44:34.032-04:00 DEBUG 24340 --- [usuarios] [           main] .h.t.s.s.SchemaManagementToolCoordinator : No schema actions specified for contributor `orm`; doing nothing
2024-04-24T15:44:34.032-04:00 DEBUG 24340 --- [usuarios] [           main] .h.t.s.s.SchemaManagementToolCoordinator : No actions found; doing nothing
2024-04-24T15:44:34.033-04:00 DEBUG 24340 --- [usuarios] [           main] o.h.internal.SessionFactoryRegistry      : Initializing SessionFactoryRegistry : org.hibernate.internal.SessionFactoryRegistry@60eb9c29
2024-04-24T15:44:34.033-04:00 DEBUG 24340 --- [usuarios] [           main] o.h.internal.SessionFactoryRegistry      : Registering SessionFactory: 73ed1745-e9d8-4972-9d10-77b08f545737 (<unnamed>)
2024-04-24T15:44:34.034-04:00 DEBUG 24340 --- [usuarios] [           main] o.h.internal.SessionFactoryRegistry      : Not binding SessionFactory to JNDI, no JNDI name configured
2024-04-24T15:44:34.034-04:00 DEBUG 24340 --- [usuarios] [           main] o.hibernate.internal.SessionFactoryImpl  : Instantiated SessionFactory
2024-04-24T15:44:34.034-04:00  INFO 24340 --- [usuarios] [           main] j.LocalContainerEntityManagerFactoryBean : Initialized JPA EntityManagerFactory for persistence unit 'default'
2024-04-24T15:44:34.038-04:00 DEBUG 24340 --- [usuarios] [           main] o.s.b.f.s.DefaultListableBeanFactory     : Creating shared instance of singleton bean 'usuariosApplication'
2024-04-24T15:44:34.039-04:00 DEBUG 24340 --- [usuarios] [           main] o.s.b.f.s.DefaultListableBeanFactory     : Creating shared instance of singleton bean 'org.springframework.boot.test.autoconfigure.jdbc.TestDatabaseAutoConfiguration'
2024-04-24T15:44:34.041-04:00 DEBUG 24340 --- [usuarios] [           main] o.s.b.f.s.DefaultListableBeanFactory     : Creating shared instance of singleton bean 'org.springframework.boot.autoconfigure.jdbc.metadata.DataSourcePoolMetadataProvidersConfiguration'
2024-04-24T15:44:34.041-04:00 DEBUG 24340 --- [usuarios] [           main] o.s.b.f.s.DefaultListableBeanFactory     : Creating shared instance of singleton bean 'org.springframework.boot.autoconfigure.jdbc.DataSourceAutoConfiguration'
2024-04-24T15:44:34.042-04:00 DEBUG 24340 --- [usuarios] [           main] o.s.b.f.s.DefaultListableBeanFactory     : Creating shared instance of singleton bean 'org.springframework.boot.context.properties.EnableConfigurationPropertiesRegistrar.methodValidationExcludeFilter'
2024-04-24T15:44:34.043-04:00 DEBUG 24340 --- [usuarios] [           main] o.s.b.f.s.DefaultListableBeanFactory     : Creating shared instance of singleton bean 'org.springframework.boot.autoconfigure.orm.jpa.JpaBaseConfiguration$PersistenceManagedTypesConfiguration'
2024-04-24T15:44:34.043-04:00 DEBUG 24340 --- [usuarios] [           main] o.s.b.f.s.DefaultListableBeanFactory     : Creating shared instance of singleton bean 'transactionManager'
2024-04-24T15:44:34.058-04:00 DEBUG 24340 --- [usuarios] [           main] o.s.b.f.s.DefaultListableBeanFactory     : Creating shared instance of singleton bean 'org.springframework.boot.autoconfigure.orm.jpa.HibernateJpaAutoConfiguration'
2024-04-24T15:44:34.059-04:00 DEBUG 24340 --- [usuarios] [           main] o.s.b.f.s.DefaultListableBeanFactory     : Creating shared instance of singleton bean 'org.springframework.boot.autoconfigure.data.jpa.JpaRepositoriesAutoConfiguration'
2024-04-24T15:44:34.060-04:00 DEBUG 24340 --- [usuarios] [           main] o.s.b.f.s.DefaultListableBeanFactory     : Creating shared instance of singleton bean 'jpaSharedEM_entityManagerFactory'
2024-04-24T15:44:34.109-04:00 DEBUG 24340 --- [usuarios] [           main] o.s.b.f.s.DefaultListableBeanFactory     : Creating shared instance of singleton bean 'org.springframework.data.jpa.util.JpaMetamodelCacheCleanup'
2024-04-24T15:44:34.110-04:00 DEBUG 24340 --- [usuarios] [           main] o.s.b.f.s.DefaultListableBeanFactory     : Creating shared instance of singleton bean 'org.springframework.data.jpa.repository.support.JpaEvaluationContextExtension'
2024-04-24T15:44:34.115-04:00 DEBUG 24340 --- [usuarios] [           main] o.s.b.f.s.DefaultListableBeanFactory     : Creating shared instance of singleton bean 'jpa.named-queries#0'
2024-04-24T15:44:34.120-04:00 DEBUG 24340 --- [usuarios] [           main] o.s.b.f.s.DefaultListableBeanFactory     : Creating shared instance of singleton bean 'jpa.PerfilRepository.fragments#0'
2024-04-24T15:44:34.122-04:00 DEBUG 24340 --- [usuarios] [           main] o.s.b.f.s.DefaultListableBeanFactory     : Creating shared instance of singleton bean 'perfilRepository'
2024-04-24T15:44:34.136-04:00 DEBUG 24340 --- [usuarios] [           main] o.s.b.f.s.DefaultListableBeanFactory     : Creating shared instance of singleton bean 'jpaMappingContext'
2024-04-24T15:44:34.137-04:00 DEBUG 24340 --- [usuarios] [           main] .c.JpaMetamodelMappingContextFactoryBean : Initializing JpaMetamodelMappingContext…
2024-04-24T15:44:34.169-04:00 DEBUG 24340 --- [usuarios] [           main] .c.JpaMetamodelMappingContextFactoryBean : Finished initializing JpaMetamodelMappingContext
2024-04-24T15:44:34.202-04:00 DEBUG 24340 --- [usuarios] [           main] tor$SharedEntityManagerInvocationHandler : Creating new EntityManager for shared EntityManager invocation
2024-04-24T15:44:34.266-04:00 DEBUG 24340 --- [usuarios] [           main] o.h.stat.internal.StatisticsInitiator    : Statistics initialized [enabled=false]
2024-04-24T15:44:34.277-04:00 DEBUG 24340 --- [usuarios] [           main] tor$SharedEntityManagerInvocationHandler : Creating new EntityManager for shared EntityManager invocation
2024-04-24T15:44:34.324-04:00 DEBUG 24340 --- [usuarios] [           main] o.s.d.r.c.s.RepositoryFactorySupport     : Initializing repository instance for com.gestorusuario.usuarios.repository.PerfilRepository…
2024-04-24T15:44:34.343-04:00 DEBUG 24340 --- [usuarios] [           main] tor$SharedEntityManagerInvocationHandler : Creating new EntityManager for shared EntityManager invocation
2024-04-24T15:44:34.413-04:00 DEBUG 24340 --- [usuarios] [           main] o.s.d.r.c.s.RepositoryFactorySupport     : Finished creation of repository instance for com.gestorusuario.usuarios.repository.PerfilRepository.
2024-04-24T15:44:34.415-04:00 DEBUG 24340 --- [usuarios] [           main] o.s.b.f.s.DefaultListableBeanFactory     : Creating shared instance of singleton bean 'jpa.named-queries#1'
2024-04-24T15:44:34.416-04:00 DEBUG 24340 --- [usuarios] [           main] o.s.b.f.s.DefaultListableBeanFactory     : Creating shared instance of singleton bean 'jpa.UsuarioRepository.fragments#0'
2024-04-24T15:44:34.416-04:00 DEBUG 24340 --- [usuarios] [           main] o.s.b.f.s.DefaultListableBeanFactory     : Creating shared instance of singleton bean 'usuarioRepository'
2024-04-24T15:44:34.417-04:00 DEBUG 24340 --- [usuarios] [           main] tor$SharedEntityManagerInvocationHandler : Creating new EntityManager for shared EntityManager invocation
2024-04-24T15:44:34.423-04:00 DEBUG 24340 --- [usuarios] [           main] o.s.d.r.c.s.RepositoryFactorySupport     : Initializing repository instance for com.gestorusuario.usuarios.repository.UsuarioRepository…
2024-04-24T15:44:34.423-04:00 DEBUG 24340 --- [usuarios] [           main] tor$SharedEntityManagerInvocationHandler : Creating new EntityManager for shared EntityManager invocation
2024-04-24T15:44:34.440-04:00 DEBUG 24340 --- [usuarios] [           main] o.s.d.r.c.s.RepositoryFactorySupport     : Finished creation of repository instance for com.gestorusuario.usuarios.repository.UsuarioRepository.
2024-04-24T15:44:34.440-04:00 DEBUG 24340 --- [usuarios] [           main] o.s.b.f.s.DefaultListableBeanFactory     : Creating shared instance of singleton bean 'data-jpa.repository-aot-processor#0'
2024-04-24T15:44:34.445-04:00 DEBUG 24340 --- [usuarios] [           main] o.s.b.f.s.DefaultListableBeanFactory     : Creating shared instance of singleton bean 'org.springframework.boot.autoconfigure.jdbc.JdbcTemplateConfiguration'
2024-04-24T15:44:34.445-04:00 DEBUG 24340 --- [usuarios] [           main] o.s.b.f.s.DefaultListableBeanFactory     : Creating shared instance of singleton bean 'jdbcTemplate'
2024-04-24T15:44:34.446-04:00 DEBUG 24340 --- [usuarios] [           main] o.s.b.f.s.DefaultListableBeanFactory     : Creating shared instance of singleton bean 'spring.jdbc-org.springframework.boot.autoconfigure.jdbc.JdbcProperties'
2024-04-24T15:44:34.447-04:00 DEBUG 24340 --- [usuarios] [           main] o.s.b.f.s.DefaultListableBeanFactory     : Autowiring by type from bean name 'jdbcTemplate' via factory method to bean named 'dataSource'
2024-04-24T15:44:34.447-04:00 DEBUG 24340 --- [usuarios] [           main] o.s.b.f.s.DefaultListableBeanFactory     : Autowiring by type from bean name 'jdbcTemplate' via factory method to bean named 'spring.jdbc-org.springframework.boot.autoconfigure.jdbc.JdbcProperties'
2024-04-24T15:44:34.461-04:00 DEBUG 24340 --- [usuarios] [           main] o.s.b.f.s.DefaultListableBeanFactory     : Creating shared instance of singleton bean 'org.springframework.boot.autoconfigure.jdbc.NamedParameterJdbcTemplateConfiguration'
2024-04-24T15:44:34.461-04:00 DEBUG 24340 --- [usuarios] [           main] o.s.b.f.s.DefaultListableBeanFactory     : Creating shared instance of singleton bean 'namedParameterJdbcTemplate'
2024-04-24T15:44:34.461-04:00 DEBUG 24340 --- [usuarios] [           main] o.s.b.f.s.DefaultListableBeanFactory     : Autowiring by type from bean name 'namedParameterJdbcTemplate' via factory method to bean named 'jdbcTemplate'
2024-04-24T15:44:34.467-04:00 DEBUG 24340 --- [usuarios] [           main] o.s.b.f.s.DefaultListableBeanFactory     : Creating shared instance of singleton bean 'org.springframework.boot.autoconfigure.jdbc.JdbcTemplateAutoConfiguration'
2024-04-24T15:44:34.467-04:00 DEBUG 24340 --- [usuarios] [           main] o.s.b.f.s.DefaultListableBeanFactory     : Creating shared instance of singleton bean 'org.springframework.boot.autoconfigure.jdbc.JdbcClientAutoConfiguration'
2024-04-24T15:44:34.468-04:00 DEBUG 24340 --- [usuarios] [           main] o.s.b.f.s.DefaultListableBeanFactory     : Creating shared instance of singleton bean 'jdbcClient'
2024-04-24T15:44:34.468-04:00 DEBUG 24340 --- [usuarios] [           main] o.s.b.f.s.DefaultListableBeanFactory     : Autowiring by type from bean name 'jdbcClient' via factory method to bean named 'namedParameterJdbcTemplate'
2024-04-24T15:44:34.471-04:00 DEBUG 24340 --- [usuarios] [           main] o.s.b.f.s.DefaultListableBeanFactory     : Creating shared instance of singleton bean 'org.springframework.boot.autoconfigure.sql.init.SqlInitializationAutoConfiguration'
2024-04-24T15:44:34.471-04:00 DEBUG 24340 --- [usuarios] [           main] o.s.b.f.s.DefaultListableBeanFactory     : Creating shared instance of singleton bean 'org.springframework.boot.autoconfigure.jdbc.DataSourceTransactionManagerAutoConfiguration$JdbcTransactionManagerConfiguration'
2024-04-24T15:44:34.472-04:00 DEBUG 24340 --- [usuarios] [           main] o.s.b.f.s.DefaultListableBeanFactory     : Creating shared instance of singleton bean 'org.springframework.boot.autoconfigure.jdbc.DataSourceTransactionManagerAutoConfiguration'
2024-04-24T15:44:34.473-04:00 DEBUG 24340 --- [usuarios] [           main] o.s.b.f.s.DefaultListableBeanFactory     : Creating shared instance of singleton bean 'org.springframework.boot.autoconfigure.transaction.TransactionAutoConfiguration$EnableTransactionManagementConfiguration$CglibAutoProxyConfiguration'
2024-04-24T15:44:34.473-04:00 DEBUG 24340 --- [usuarios] [           main] o.s.b.f.s.DefaultListableBeanFactory     : Creating shared instance of singleton bean 'org.springframework.boot.autoconfigure.transaction.TransactionAutoConfiguration$EnableTransactionManagementConfiguration'
2024-04-24T15:44:34.473-04:00 DEBUG 24340 --- [usuarios] [           main] o.s.b.f.s.DefaultListableBeanFactory     : Creating shared instance of singleton bean 'org.springframework.boot.autoconfigure.transaction.TransactionAutoConfiguration$TransactionTemplateConfiguration'
2024-04-24T15:44:34.474-04:00 DEBUG 24340 --- [usuarios] [           main] o.s.b.f.s.DefaultListableBeanFactory     : Creating shared instance of singleton bean 'transactionTemplate'
2024-04-24T15:44:34.474-04:00 DEBUG 24340 --- [usuarios] [           main] o.s.b.f.s.DefaultListableBeanFactory     : Autowiring by type from bean name 'transactionTemplate' via factory method to bean named 'transactionManager'
2024-04-24T15:44:34.477-04:00 DEBUG 24340 --- [usuarios] [           main] o.s.b.f.s.DefaultListableBeanFactory     : Creating shared instance of singleton bean 'org.springframework.boot.autoconfigure.transaction.TransactionAutoConfiguration'
2024-04-24T15:44:34.479-04:00 DEBUG 24340 --- [usuarios] [           main] o.s.b.f.s.DefaultListableBeanFactory     : Creating shared instance of singleton bean 'org.springframework.boot.test.autoconfigure.orm.jpa.TestEntityManagerAutoConfiguration'
2024-04-24T15:44:34.479-04:00 DEBUG 24340 --- [usuarios] [           main] o.s.b.f.s.DefaultListableBeanFactory     : Creating shared instance of singleton bean 'testEntityManager'
2024-04-24T15:44:34.480-04:00 DEBUG 24340 --- [usuarios] [           main] o.s.b.f.s.DefaultListableBeanFactory     : Autowiring by type from bean name 'testEntityManager' via factory method to bean named 'entityManagerFactory'
2024-04-24T15:44:34.483-04:00 DEBUG 24340 --- [usuarios] [           main] o.s.c.support.DefaultLifecycleProcessor  : Starting beans in phase -2147483647
2024-04-24T15:44:34.483-04:00 DEBUG 24340 --- [usuarios] [           main] o.s.c.support.DefaultLifecycleProcessor  : Successfully started bean 'springBootLoggingLifecycle'
2024-04-24T15:44:34.484-04:00 DEBUG 24340 --- [usuarios] [           main] .s.b.a.l.ConditionEvaluationReportLogger : 


============================
CONDITIONS EVALUATION REPORT
============================


Positive matches:
-----------------

   DataSourceAutoConfiguration matched:
      - @ConditionalOnClass found required classes 'javax.sql.DataSource', 'org.springframework.jdbc.datasource.embedded.EmbeddedDatabaseType' (OnClassCondition)
      - @ConditionalOnMissingBean (types: io.r2dbc.spi.ConnectionFactory; SearchStrategy: all) did not find any beans (OnBeanCondition)

   DataSourceAutoConfiguration.PooledDataSourceConfiguration matched:
      - AnyNestedCondition 1 matched 1 did not; NestedCondition on DataSourceAutoConfiguration.PooledDataSourceCondition.PooledDataSourceAvailable PooledDataSource found supported DataSource; NestedCondition on DataSourceAutoConfiguration.PooledDataSourceCondition.ExplicitType @ConditionalOnProperty (spring.datasource.type) did not find property 'type' (DataSourceAutoConfiguration.PooledDataSourceCondition)
      - @ConditionalOnMissingBean (types: javax.sql.DataSource,javax.sql.XADataSource; SearchStrategy: all) did not find any beans (OnBeanCondition)

   DataSourceAutoConfiguration.PooledDataSourceConfiguration#jdbcConnectionDetails matched:
      - @ConditionalOnMissingBean (types: org.springframework.boot.autoconfigure.jdbc.JdbcConnectionDetails; SearchStrategy: all) did not find any beans (OnBeanCondition)

   DataSourceConfiguration.Hikari matched:
      - @ConditionalOnClass found required class 'com.zaxxer.hikari.HikariDataSource' (OnClassCondition)
      - @ConditionalOnProperty (spring.datasource.type=com.zaxxer.hikari.HikariDataSource) matched (OnPropertyCondition)
      - @ConditionalOnMissingBean (types: javax.sql.DataSource; SearchStrategy: all) did not find any beans (OnBeanCondition)

   DataSourceInitializationConfiguration matched:
      - @ConditionalOnClass found required class 'org.springframework.jdbc.datasource.init.DatabasePopulator' (OnClassCondition)
      - @ConditionalOnSingleCandidate (types: javax.sql.DataSource; SearchStrategy: all) found a single bean 'dataSource'; @ConditionalOnMissingBean (types: org.springframework.boot.autoconfigure.sql.init.SqlDataSourceScriptDatabaseInitializer,org.springframework.boot.autoconfigure.sql.init.SqlR2dbcScriptDatabaseInitializer; SearchStrategy: all) did not find any beans (OnBeanCondition)

   DataSourcePoolMetadataProvidersConfiguration.HikariPoolDataSourceMetadataProviderConfiguration matched:
      - @ConditionalOnClass found required class 'com.zaxxer.hikari.HikariDataSource' (OnClassCondition)

   DataSourcePoolMetadataProvidersConfiguration.OracleUcpPoolDataSourceMetadataProviderConfiguration matched:
      - @ConditionalOnClass found required classes 'oracle.ucp.jdbc.PoolDataSource', 'oracle.jdbc.OracleConnection' (OnClassCondition)

   DataSourceTransactionManagerAutoConfiguration matched:
      - @ConditionalOnClass found required classes 'org.springframework.jdbc.core.JdbcTemplate', 'org.springframework.transaction.TransactionManager' (OnClassCondition)

   DataSourceTransactionManagerAutoConfiguration.JdbcTransactionManagerConfiguration matched:
      - @ConditionalOnSingleCandidate (types: javax.sql.DataSource; SearchStrategy: all) found a single bean 'dataSource' (OnBeanCondition)

   HibernateJpaAutoConfiguration matched:
      - @ConditionalOnClass found required classes 'org.springframework.orm.jpa.LocalContainerEntityManagerFactoryBean', 'jakarta.persistence.EntityManager', 'org.hibernate.engine.spi.SessionImplementor' (OnClassCondition)

   HibernateJpaConfiguration matched:
      - @ConditionalOnSingleCandidate (types: javax.sql.DataSource; SearchStrategy: all) found a single bean 'dataSource' (OnBeanCondition)

   JdbcClientAutoConfiguration matched:
      - @ConditionalOnSingleCandidate (types: org.springframework.jdbc.core.namedparam.NamedParameterJdbcTemplate; SearchStrategy: all) found a single bean 'namedParameterJdbcTemplate'; @ConditionalOnMissingBean (types: org.springframework.jdbc.core.simple.JdbcClient; SearchStrategy: all) did not find any beans (OnBeanCondition)

   JdbcTemplateAutoConfiguration matched:
      - @ConditionalOnClass found required classes 'javax.sql.DataSource', 'org.springframework.jdbc.core.JdbcTemplate' (OnClassCondition)
      - @ConditionalOnSingleCandidate (types: javax.sql.DataSource; SearchStrategy: all) found a single bean 'dataSource' (OnBeanCondition)

   JdbcTemplateConfiguration matched:
      - @ConditionalOnMissingBean (types: org.springframework.jdbc.core.JdbcOperations; SearchStrategy: all) did not find any beans (OnBeanCondition)

   JpaBaseConfiguration#entityManagerFactory matched:
      - @ConditionalOnMissingBean (types: org.springframework.orm.jpa.LocalContainerEntityManagerFactoryBean,jakarta.persistence.EntityManagerFactory; SearchStrategy: all) did not find any beans (OnBeanCondition)

   JpaBaseConfiguration#entityManagerFactoryBuilder matched:
      - @ConditionalOnMissingBean (types: org.springframework.boot.orm.jpa.EntityManagerFactoryBuilder; SearchStrategy: all) did not find any beans (OnBeanCondition)

   JpaBaseConfiguration#jpaVendorAdapter matched:
      - @ConditionalOnMissingBean (types: org.springframework.orm.jpa.JpaVendorAdapter; SearchStrategy: all) did not find any beans (OnBeanCondition)

   JpaBaseConfiguration#transactionManager matched:
      - @ConditionalOnMissingBean (types: org.springframework.transaction.TransactionManager; SearchStrategy: all) did not find any beans (OnBeanCondition)

   JpaBaseConfiguration.PersistenceManagedTypesConfiguration matched:
      - @ConditionalOnMissingBean (types: org.springframework.orm.jpa.LocalContainerEntityManagerFactoryBean,jakarta.persistence.EntityManagerFactory; SearchStrategy: all) did not find any beans (OnBeanCondition)

   JpaBaseConfiguration.PersistenceManagedTypesConfiguration#persistenceManagedTypes matched:
      - @ConditionalOnMissingBean (types: org.springframework.orm.jpa.persistenceunit.PersistenceManagedTypes; SearchStrategy: all) did not find any beans (OnBeanCondition)

   JpaRepositoriesAutoConfiguration matched:
      - @ConditionalOnClass found required class 'org.springframework.data.jpa.repository.JpaRepository' (OnClassCondition)
      - @ConditionalOnProperty (spring.data.jpa.repositories.enabled=true) matched (OnPropertyCondition)
      - @ConditionalOnBean (types: javax.sql.DataSource; SearchStrategy: all) found bean 'dataSource'; @ConditionalOnMissingBean (types: org.springframework.data.jpa.repository.support.JpaRepositoryFactoryBean,org.springframework.data.jpa.repository.config.JpaRepositoryConfigExtension; SearchStrategy: all) did not find any beans (OnBeanCondition)

   NamedParameterJdbcTemplateConfiguration matched:
      - @ConditionalOnSingleCandidate (types: org.springframework.jdbc.core.JdbcTemplate; SearchStrategy: all) found a single bean 'jdbcTemplate'; @ConditionalOnMissingBean (types: org.springframework.jdbc.core.namedparam.NamedParameterJdbcOperations; SearchStrategy: all) did not find any beans (OnBeanCondition)

   NoOpCacheConfiguration matched:
      - Cache org.springframework.boot.autoconfigure.cache.NoOpCacheConfiguration NONE cache type (CacheCondition)

   SqlInitializationAutoConfiguration matched:
      - @ConditionalOnProperty (spring.sql.init.enabled) matched (OnPropertyCondition)
      - NoneNestedConditions 0 matched 1 did not; NestedCondition on SqlInitializationAutoConfiguration.SqlInitializationModeCondition.ModeIsNever @ConditionalOnProperty (spring.sql.init.mode=never) did not find property 'mode' (SqlInitializationAutoConfiguration.SqlInitializationModeCondition)

   TestEntityManagerAutoConfiguration matched:
      - @ConditionalOnClass found required class 'jakarta.persistence.EntityManagerFactory' (OnClassCondition)

   TestEntityManagerAutoConfiguration#testEntityManager matched:
      - @ConditionalOnMissingBean (types: org.springframework.boot.test.autoconfigure.orm.jpa.TestEntityManager; SearchStrategy: all) did not find any beans (OnBeanCondition)

   TransactionAutoConfiguration matched:
      - @ConditionalOnClass found required class 'org.springframework.transaction.PlatformTransactionManager' (OnClassCondition)

   TransactionAutoConfiguration.EnableTransactionManagementConfiguration matched:
      - @ConditionalOnBean (types: org.springframework.transaction.TransactionManager; SearchStrategy: all) found bean 'transactionManager'; @ConditionalOnMissingBean (types: org.springframework.transaction.annotation.AbstractTransactionManagementConfiguration; SearchStrategy: all) did not find any beans (OnBeanCondition)

   TransactionAutoConfiguration.EnableTransactionManagementConfiguration.CglibAutoProxyConfiguration matched:
      - @ConditionalOnProperty (spring.aop.proxy-target-class=true) matched (OnPropertyCondition)

   TransactionAutoConfiguration.TransactionTemplateConfiguration matched:
      - @ConditionalOnSingleCandidate (types: org.springframework.transaction.PlatformTransactionManager; SearchStrategy: all) found a single bean 'transactionManager' (OnBeanCondition)

   TransactionAutoConfiguration.TransactionTemplateConfiguration#transactionTemplate matched:
      - @ConditionalOnMissingBean (types: org.springframework.transaction.support.TransactionOperations; SearchStrategy: all) did not find any beans (OnBeanCondition)


Negative matches:
-----------------

   Cache2kCacheConfiguration:
      Did not match:
         - @ConditionalOnClass did not find required class 'org.cache2k.Cache2kBuilder' (OnClassCondition)

   CacheAutoConfiguration:
      Did not match:
         - @ConditionalOnBean (types: org.springframework.cache.interceptor.CacheAspectSupport; SearchStrategy: all) did not find any beans of type org.springframework.cache.interceptor.CacheAspectSupport (OnBeanCondition)
      Matched:
         - @ConditionalOnClass found required class 'org.springframework.cache.CacheManager' (OnClassCondition)

   CacheAutoConfiguration.CacheManagerEntityManagerFactoryDependsOnPostProcessor:
      Did not match:
         - Ancestor org.springframework.boot.autoconfigure.cache.CacheAutoConfiguration did not match (ConditionEvaluationReport.AncestorsMatchedCondition)
      Matched:
         - @ConditionalOnClass found required class 'org.springframework.orm.jpa.LocalContainerEntityManagerFactoryBean' (OnClassCondition)

   CaffeineCacheConfiguration:
      Did not match:
         - @ConditionalOnClass did not find required class 'com.github.benmanes.caffeine.cache.Caffeine' (OnClassCondition)

   CouchbaseCacheConfiguration:
      Did not match:
         - @ConditionalOnClass did not find required class 'com.couchbase.client.java.Cluster' (OnClassCondition)

   DataSourceAutoConfiguration.EmbeddedDatabaseConfiguration:
      Did not match:
         - EmbeddedDataSource spring.datasource.url is set (DataSourceAutoConfiguration.EmbeddedDatabaseCondition)

   DataSourceCheckpointRestoreConfiguration:
      Did not match:
         - @ConditionalOnClass did not find required class 'org.crac.Resource' (OnClassCondition)

   DataSourceConfiguration.Dbcp2:
      Did not match:
         - @ConditionalOnClass did not find required class 'org.apache.commons.dbcp2.BasicDataSource' (OnClassCondition)

   DataSourceConfiguration.Generic:
      Did not match:
         - @ConditionalOnProperty (spring.datasource.type) did not find property 'spring.datasource.type' (OnPropertyCondition)

   DataSourceConfiguration.OracleUcp:
      Did not match:
         - @ConditionalOnMissingBean (types: javax.sql.DataSource; SearchStrategy: all) found beans of type 'javax.sql.DataSource' dataSource (OnBeanCondition)
      Matched:
         - @ConditionalOnClass found required classes 'oracle.ucp.jdbc.PoolDataSourceImpl', 'oracle.jdbc.OracleConnection' (OnClassCondition)
         - @ConditionalOnProperty (spring.datasource.type=oracle.ucp.jdbc.PoolDataSource) matched (OnPropertyCondition)

   DataSourceConfiguration.Tomcat:
      Did not match:
         - @ConditionalOnClass did not find required class 'org.apache.tomcat.jdbc.pool.DataSource' (OnClassCondition)

   DataSourceJmxConfiguration:
      Did not match:
         - @ConditionalOnProperty (spring.jmx.enabled=true) found different value in property 'enabled' (OnPropertyCondition)

   DataSourcePoolMetadataProvidersConfiguration.CommonsDbcp2PoolDataSourceMetadataProviderConfiguration:
      Did not match:
         - @ConditionalOnClass did not find required class 'org.apache.commons.dbcp2.BasicDataSource' (OnClassCondition)

   DataSourcePoolMetadataProvidersConfiguration.TomcatDataSourcePoolMetadataProviderConfiguration:
      Did not match:
         - @ConditionalOnClass did not find required class 'org.apache.tomcat.jdbc.pool.DataSource' (OnClassCondition)

   DataSourceTransactionManagerAutoConfiguration.JdbcTransactionManagerConfiguration#transactionManager:
      Did not match:
         - @ConditionalOnMissingBean (types: org.springframework.transaction.TransactionManager; SearchStrategy: all) found beans of type 'org.springframework.transaction.TransactionManager' transactionManager (OnBeanCondition)

   FlywayAutoConfiguration:
      Did not match:
         - @ConditionalOnClass did not find required class 'org.flywaydb.core.Flyway' (OnClassCondition)

   GenericCacheConfiguration:
      Did not match:
         - Cache org.springframework.boot.autoconfigure.cache.GenericCacheConfiguration unknown cache type (CacheCondition)

   HazelcastCacheConfiguration:
      Did not match:
         - @ConditionalOnClass did not find required class 'com.hazelcast.core.HazelcastInstance' (OnClassCondition)

   InfinispanCacheConfiguration:
      Did not match:
         - @ConditionalOnClass did not find required class 'org.infinispan.spring.embedded.provider.SpringEmbeddedCacheManager' (OnClassCondition)

   JCacheCacheConfiguration:
      Did not match:
         - @ConditionalOnClass did not find required class 'javax.cache.Caching' (OnClassCondition)

   JpaBaseConfiguration.JpaWebConfiguration:
      Did not match:
         - not a servlet web application (OnWebApplicationCondition)
      Matched:
         - @ConditionalOnClass found required class 'org.springframework.web.servlet.config.annotation.WebMvcConfigurer' (OnClassCondition)

   JpaRepositoriesAutoConfiguration#entityManagerFactoryBootstrapExecutorCustomizer:
      Did not match:
         - AnyNestedCondition 0 matched 2 did not; NestedCondition on JpaRepositoriesAutoConfiguration.BootstrapExecutorCondition.LazyBootstrapMode @ConditionalOnProperty (spring.data.jpa.repositories.bootstrap-mode=lazy) found different value in property 'bootstrap-mode'; NestedCondition on JpaRepositoriesAutoConfiguration.BootstrapExecutorCondition.DeferredBootstrapMode @ConditionalOnProperty (spring.data.jpa.repositories.bootstrap-mode=deferred) found different value in property 'bootstrap-mode' (JpaRepositoriesAutoConfiguration.BootstrapExecutorCondition)

   LiquibaseAutoConfiguration:
      Did not match:
         - @ConditionalOnClass did not find required class 'liquibase.change.DatabaseChange' (OnClassCondition)

   R2dbcInitializationConfiguration:
      Did not match:
         - @ConditionalOnClass did not find required classes 'io.r2dbc.spi.ConnectionFactory', 'org.springframework.r2dbc.connection.init.DatabasePopulator' (OnClassCondition)

   RedisCacheConfiguration:
      Did not match:
         - @ConditionalOnClass did not find required class 'org.springframework.data.redis.connection.RedisConnectionFactory' (OnClassCondition)

   SimpleCacheConfiguration:
      Did not match:
         - Cache org.springframework.boot.autoconfigure.cache.SimpleCacheConfiguration unknown cache type (CacheCondition)

   TestDatabaseAutoConfiguration#dataSource:
      Did not match:
         - @ConditionalOnProperty (spring.test.database.replace=AUTO_CONFIGURED) found different value in property 'replace' (OnPropertyCondition)

   TestDatabaseAutoConfiguration#embeddedDataSourceBeanFactoryPostProcessor:
      Did not match:
         - @ConditionalOnProperty (spring.test.database.replace=ANY) found different value in property 'replace' (OnPropertyCondition)

   TransactionAutoConfiguration#transactionalOperator:
      Did not match:
         - @ConditionalOnSingleCandidate (types: org.springframework.transaction.ReactiveTransactionManager; SearchStrategy: all) did not find any beans (OnBeanCondition)

   TransactionAutoConfiguration.AspectJTransactionManagementConfiguration:
      Did not match:
         - @ConditionalOnBean (types: org.springframework.transaction.aspectj.AbstractTransactionAspect; SearchStrategy: all) did not find any beans of type org.springframework.transaction.aspectj.AbstractTransactionAspect (OnBeanCondition)

   TransactionAutoConfiguration.EnableTransactionManagementConfiguration.JdkDynamicAutoProxyConfiguration:
      Did not match:
         - @ConditionalOnProperty (spring.aop.proxy-target-class=false) did not find property 'proxy-target-class' (OnPropertyCondition)


Exclusions:
-----------

    None


Unconditional classes:
----------------------

    org.springframework.boot.test.autoconfigure.jdbc.TestDatabaseAutoConfiguration



2024-04-24T15:44:34.485-04:00  INFO 24340 --- [usuarios] [           main] c.g.u.repository.PerfilRepositoryTest    : Started PerfilRepositoryTest in 4.343 seconds (process running for 10.145)
2024-04-24T15:44:34.486-04:00 DEBUG 24340 --- [usuarios] [           main] org.springframework.test.context.cache   : Spring test ApplicationContext cache statistics: [DefaultContextCache@2565a7d0 size = 2, maxSize = 32, parentContextCount = 0, hitCount = 24, missCount = 2, failureCount = 0]
2024-04-24T15:44:34.488-04:00 DEBUG 24340 --- [usuarios] [           main] org.springframework.test.context.cache   : Spring test ApplicationContext cache statistics: [DefaultContextCache@2565a7d0 size = 2, maxSize = 32, parentContextCount = 0, hitCount = 25, missCount = 2, failureCount = 0]
2024-04-24T15:44:34.490-04:00 DEBUG 24340 --- [usuarios] [           main] sContextBeforeModesTestExecutionListener : Before test method: class [PerfilRepositoryTest], method [eliminarPerfilTest], class annotated with @DirtiesContext [false] with mode [null], method annotated with @DirtiesContext [false] with mode [null]
2024-04-24T15:44:34.499-04:00 DEBUG 24340 --- [usuarios] [           main] t.c.t.TransactionalTestExecutionListener : Explicit transaction definition [PROPAGATION_REQUIRED,ISOLATION_DEFAULT] found for test class [com.gestorusuario.usuarios.repository.PerfilRepositoryTest] and test method [eliminarPerfilTest]
2024-04-24T15:44:34.499-04:00 DEBUG 24340 --- [usuarios] [           main] org.springframework.test.context.cache   : Spring test ApplicationContext cache statistics: [DefaultContextCache@2565a7d0 size = 2, maxSize = 32, parentContextCount = 0, hitCount = 26, missCount = 2, failureCount = 0]
2024-04-24T15:44:34.502-04:00 DEBUG 24340 --- [usuarios] [           main] t.c.t.TransactionalTestExecutionListener : No method-level @Rollback override: using default rollback [true] for test method [public void com.gestorusuario.usuarios.repository.PerfilRepositoryTest.eliminarPerfilTest()]
2024-04-24T15:44:34.505-04:00 DEBUG 24340 --- [usuarios] [           main] o.s.orm.jpa.JpaTransactionManager        : Creating new transaction with name [com.gestorusuario.usuarios.repository.PerfilRepositoryTest.eliminarPerfilTest]: PROPAGATION_REQUIRED,ISOLATION_DEFAULT
2024-04-24T15:44:34.509-04:00 DEBUG 24340 --- [usuarios] [           main] o.s.orm.jpa.JpaTransactionManager        : Opened new EntityManager [SessionImpl(379784550<open>)] for JPA transaction
2024-04-24T15:44:34.516-04:00 DEBUG 24340 --- [usuarios] [           main] o.h.e.t.internal.TransactionImpl         : On TransactionImpl creation, JpaCompliance#isJpaTransactionComplianceEnabled == false
2024-04-24T15:44:34.517-04:00 DEBUG 24340 --- [usuarios] [           main] o.h.e.t.internal.TransactionImpl         : begin
2024-04-24T15:44:34.549-04:00 DEBUG 24340 --- [usuarios] [           main] o.s.orm.jpa.JpaTransactionManager        : Exposing JPA transaction as JDBC [org.springframework.orm.jpa.vendor.HibernateJpaDialect$HibernateConnectionHandle@12418d3f]
2024-04-24T15:44:34.550-04:00 DEBUG 24340 --- [usuarios] [           main] o.s.t.c.transaction.TransactionContext   : Began transaction (1) for test class [com.gestorusuario.usuarios.repository.PerfilRepositoryTest]; test method [eliminarPerfilTest]; transaction manager [org.springframework.orm.jpa.JpaTransactionManager@6f526f91]; rollback [true]
2024-04-24T15:44:34.551-04:00 DEBUG 24340 --- [usuarios] [           main] org.springframework.test.context.cache   : Spring test ApplicationContext cache statistics: [DefaultContextCache@2565a7d0 size = 2, maxSize = 32, parentContextCount = 0, hitCount = 27, missCount = 2, failureCount = 0]
2024-04-24T15:44:34.568-04:00 DEBUG 24340 --- [usuarios] [           main] org.springframework.test.context.cache   : Spring test ApplicationContext cache statistics: [DefaultContextCache@2565a7d0 size = 2, maxSize = 32, parentContextCount = 0, hitCount = 28, missCount = 2, failureCount = 0]
2024-04-24T15:44:34.570-04:00 DEBUG 24340 --- [usuarios] [           main] org.springframework.test.context.cache   : Spring test ApplicationContext cache statistics: [DefaultContextCache@2565a7d0 size = 2, maxSize = 32, parentContextCount = 0, hitCount = 29, missCount = 2, failureCount = 0]
2024-04-24T15:44:34.583-04:00 DEBUG 24340 --- [usuarios] [           main] o.s.orm.jpa.JpaTransactionManager        : Found thread-bound EntityManager [SessionImpl(379784550<open>)] for JPA transaction
2024-04-24T15:44:34.583-04:00 DEBUG 24340 --- [usuarios] [           main] o.s.orm.jpa.JpaTransactionManager        : Participating in existing transaction
2024-04-24T15:44:34.591-04:00 DEBUG 24340 --- [usuarios] [           main] o.h.j.internal.PersistenceUnitUtilImpl   : jakarta.persistence.PersistenceUnitUtil.getIdentifier is only intended to work with enhanced entities (although Hibernate also adapts this support to its proxies); however the passed entity was not enhanced (nor a proxy).. may not be able to read identifier
2024-04-24T15:44:34.616-04:00 DEBUG 24340 --- [usuarios] [           main] org.hibernate.engine.spi.ActionQueue     : Executing identity-insert immediately
2024-04-24T15:44:34.628-04:00 DEBUG 24340 --- [usuarios] [           main] org.hibernate.SQL                        : insert into perfil (descripcion,nombreperfil,idperfil) values (?,?,default)
Hibernate: insert into perfil (descripcion,nombreperfil,idperfil) values (?,?,default)
2024-04-24T15:44:34.725-04:00 DEBUG 24340 --- [usuarios] [           main] o.h.id.IdentifierGeneratorHelper         : Natively generated identity (com.gestorusuario.usuarios.model.Perfil) : 162
2024-04-24T15:44:34.734-04:00 DEBUG 24340 --- [usuarios] [           main] o.s.orm.jpa.JpaTransactionManager        : Found thread-bound EntityManager [SessionImpl(379784550<open>)] for JPA transaction
2024-04-24T15:44:34.734-04:00 DEBUG 24340 --- [usuarios] [           main] o.s.orm.jpa.JpaTransactionManager        : Participating in existing transaction
2024-04-24T15:44:34.749-04:00 DEBUG 24340 --- [usuarios] [           main] o.h.j.internal.PersistenceUnitUtilImpl   : jakarta.persistence.PersistenceUnitUtil.getIdentifier is only intended to work with enhanced entities (although Hibernate also adapts this support to its proxies); however the passed entity was not enhanced (nor a proxy).. may not be able to read identifier
2024-04-24T15:44:34.749-04:00 DEBUG 24340 --- [usuarios] [           main] o.h.j.internal.PersistenceUnitUtilImpl   : jakarta.persistence.PersistenceUnitUtil.getIdentifier is only intended to work with enhanced entities (although Hibernate also adapts this support to its proxies); however the passed entity was not enhanced (nor a proxy).. may not be able to read identifier
2024-04-24T15:44:34.760-04:00 DEBUG 24340 --- [usuarios] [           main] o.s.orm.jpa.JpaTransactionManager        : Found thread-bound EntityManager [SessionImpl(379784550<open>)] for JPA transaction
2024-04-24T15:44:34.760-04:00 DEBUG 24340 --- [usuarios] [           main] o.s.orm.jpa.JpaTransactionManager        : Participating in existing transaction
2024-04-24T15:44:34.763-04:00 DEBUG 24340 --- [usuarios] [           main] org.hibernate.orm.results.loading        : Load request found matching entity in context, but it is scheduled for removal; returning null
2024-04-24T15:44:34.770-04:00 DEBUG 24340 --- [usuarios] [           main] org.springframework.test.context.cache   : Spring test ApplicationContext cache statistics: [DefaultContextCache@2565a7d0 size = 2, maxSize = 32, parentContextCount = 0, hitCount = 30, missCount = 2, failureCount = 0]
2024-04-24T15:44:34.770-04:00 DEBUG 24340 --- [usuarios] [           main] org.springframework.test.context.cache   : Spring test ApplicationContext cache statistics: [DefaultContextCache@2565a7d0 size = 2, maxSize = 32, parentContextCount = 0, hitCount = 31, missCount = 2, failureCount = 0]
2024-04-24T15:44:34.771-04:00 DEBUG 24340 --- [usuarios] [           main] org.springframework.test.context.cache   : Spring test ApplicationContext cache statistics: [DefaultContextCache@2565a7d0 size = 2, maxSize = 32, parentContextCount = 0, hitCount = 32, missCount = 2, failureCount = 0]
2024-04-24T15:44:34.771-04:00 DEBUG 24340 --- [usuarios] [           main] org.springframework.test.context.cache   : Spring test ApplicationContext cache statistics: [DefaultContextCache@2565a7d0 size = 2, maxSize = 32, parentContextCount = 0, hitCount = 33, missCount = 2, failureCount = 0]
2024-04-24T15:44:34.771-04:00 DEBUG 24340 --- [usuarios] [           main] org.springframework.test.context.cache   : Spring test ApplicationContext cache statistics: [DefaultContextCache@2565a7d0 size = 2, maxSize = 32, parentContextCount = 0, hitCount = 34, missCount = 2, failureCount = 0]
2024-04-24T15:44:34.772-04:00 DEBUG 24340 --- [usuarios] [           main] org.springframework.test.context.cache   : Spring test ApplicationContext cache statistics: [DefaultContextCache@2565a7d0 size = 2, maxSize = 32, parentContextCount = 0, hitCount = 35, missCount = 2, failureCount = 0]
2024-04-24T15:44:34.773-04:00 DEBUG 24340 --- [usuarios] [           main] o.s.orm.jpa.JpaTransactionManager        : Initiating transaction rollback
2024-04-24T15:44:34.773-04:00 DEBUG 24340 --- [usuarios] [           main] o.s.orm.jpa.JpaTransactionManager        : Rolling back JPA transaction on EntityManager [SessionImpl(379784550<open>)]
2024-04-24T15:44:34.773-04:00 DEBUG 24340 --- [usuarios] [           main] o.h.e.t.internal.TransactionImpl         : rolling back
2024-04-24T15:44:34.784-04:00 DEBUG 24340 --- [usuarios] [           main] o.s.orm.jpa.JpaTransactionManager        : Closing JPA EntityManager [SessionImpl(379784550<open>)] after transaction
2024-04-24T15:44:34.784-04:00 DEBUG 24340 --- [usuarios] [           main] o.s.t.c.transaction.TransactionContext   : Rolled back transaction (1) for test class [com.gestorusuario.usuarios.repository.PerfilRepositoryTest]; test method [eliminarPerfilTest]
2024-04-24T15:44:34.785-04:00 DEBUG 24340 --- [usuarios] [           main] .c.s.DirtiesContextTestExecutionListener : After test method: class [PerfilRepositoryTest], method [eliminarPerfilTest], class annotated with @DirtiesContext [false] with mode [null], method annotated with @DirtiesContext [false] with mode [null]
]]></system-out>
  </testcase>
  <testcase name="guardarPerfilTest" classname="com.gestorusuario.usuarios.repository.PerfilRepositoryTest" time="0.035">
    <system-out><![CDATA[2024-04-24T15:44:34.787-04:00 DEBUG 24340 --- [usuarios] [           main] DependencyInjectionTestExecutionListener : Performing dependency injection for test class com.gestorusuario.usuarios.repository.PerfilRepositoryTest
2024-04-24T15:44:34.787-04:00 DEBUG 24340 --- [usuarios] [           main] org.springframework.test.context.cache   : Spring test ApplicationContext cache statistics: [DefaultContextCache@2565a7d0 size = 2, maxSize = 32, parentContextCount = 0, hitCount = 36, missCount = 2, failureCount = 0]
2024-04-24T15:44:34.787-04:00 DEBUG 24340 --- [usuarios] [           main] org.springframework.test.context.cache   : Spring test ApplicationContext cache statistics: [DefaultContextCache@2565a7d0 size = 2, maxSize = 32, parentContextCount = 0, hitCount = 37, missCount = 2, failureCount = 0]
2024-04-24T15:44:34.788-04:00 DEBUG 24340 --- [usuarios] [           main] sContextBeforeModesTestExecutionListener : Before test method: class [PerfilRepositoryTest], method [guardarPerfilTest], class annotated with @DirtiesContext [false] with mode [null], method annotated with @DirtiesContext [false] with mode [null]
2024-04-24T15:44:34.789-04:00 DEBUG 24340 --- [usuarios] [           main] t.c.t.TransactionalTestExecutionListener : Explicit transaction definition [PROPAGATION_REQUIRED,ISOLATION_DEFAULT] found for test class [com.gestorusuario.usuarios.repository.PerfilRepositoryTest] and test method [guardarPerfilTest]
2024-04-24T15:44:34.789-04:00 DEBUG 24340 --- [usuarios] [           main] org.springframework.test.context.cache   : Spring test ApplicationContext cache statistics: [DefaultContextCache@2565a7d0 size = 2, maxSize = 32, parentContextCount = 0, hitCount = 38, missCount = 2, failureCount = 0]
2024-04-24T15:44:34.790-04:00 DEBUG 24340 --- [usuarios] [           main] t.c.t.TransactionalTestExecutionListener : No method-level @Rollback override: using default rollback [true] for test method [public void com.gestorusuario.usuarios.repository.PerfilRepositoryTest.guardarPerfilTest()]
2024-04-24T15:44:34.790-04:00 DEBUG 24340 --- [usuarios] [           main] o.s.orm.jpa.JpaTransactionManager        : Creating new transaction with name [com.gestorusuario.usuarios.repository.PerfilRepositoryTest.guardarPerfilTest]: PROPAGATION_REQUIRED,ISOLATION_DEFAULT
2024-04-24T15:44:34.790-04:00 DEBUG 24340 --- [usuarios] [           main] o.s.orm.jpa.JpaTransactionManager        : Opened new EntityManager [SessionImpl(878641111<open>)] for JPA transaction
2024-04-24T15:44:34.790-04:00 DEBUG 24340 --- [usuarios] [           main] o.h.e.t.internal.TransactionImpl         : On TransactionImpl creation, JpaCompliance#isJpaTransactionComplianceEnabled == false
2024-04-24T15:44:34.790-04:00 DEBUG 24340 --- [usuarios] [           main] o.h.e.t.internal.TransactionImpl         : begin
2024-04-24T15:44:34.790-04:00 DEBUG 24340 --- [usuarios] [           main] o.s.orm.jpa.JpaTransactionManager        : Exposing JPA transaction as JDBC [org.springframework.orm.jpa.vendor.HibernateJpaDialect$HibernateConnectionHandle@b9750f0]
2024-04-24T15:44:34.790-04:00 DEBUG 24340 --- [usuarios] [           main] o.s.t.c.transaction.TransactionContext   : Began transaction (1) for test class [com.gestorusuario.usuarios.repository.PerfilRepositoryTest]; test method [guardarPerfilTest]; transaction manager [org.springframework.orm.jpa.JpaTransactionManager@6f526f91]; rollback [true]
2024-04-24T15:44:34.791-04:00 DEBUG 24340 --- [usuarios] [           main] org.springframework.test.context.cache   : Spring test ApplicationContext cache statistics: [DefaultContextCache@2565a7d0 size = 2, maxSize = 32, parentContextCount = 0, hitCount = 39, missCount = 2, failureCount = 0]
2024-04-24T15:44:34.791-04:00 DEBUG 24340 --- [usuarios] [           main] org.springframework.test.context.cache   : Spring test ApplicationContext cache statistics: [DefaultContextCache@2565a7d0 size = 2, maxSize = 32, parentContextCount = 0, hitCount = 40, missCount = 2, failureCount = 0]
2024-04-24T15:44:34.792-04:00 DEBUG 24340 --- [usuarios] [           main] org.springframework.test.context.cache   : Spring test ApplicationContext cache statistics: [DefaultContextCache@2565a7d0 size = 2, maxSize = 32, parentContextCount = 0, hitCount = 41, missCount = 2, failureCount = 0]
2024-04-24T15:44:34.793-04:00 DEBUG 24340 --- [usuarios] [           main] o.s.orm.jpa.JpaTransactionManager        : Found thread-bound EntityManager [SessionImpl(878641111<open>)] for JPA transaction
2024-04-24T15:44:34.793-04:00 DEBUG 24340 --- [usuarios] [           main] o.s.orm.jpa.JpaTransactionManager        : Participating in existing transaction
2024-04-24T15:44:34.793-04:00 DEBUG 24340 --- [usuarios] [           main] o.h.j.internal.PersistenceUnitUtilImpl   : jakarta.persistence.PersistenceUnitUtil.getIdentifier is only intended to work with enhanced entities (although Hibernate also adapts this support to its proxies); however the passed entity was not enhanced (nor a proxy).. may not be able to read identifier
2024-04-24T15:44:34.793-04:00 DEBUG 24340 --- [usuarios] [           main] org.hibernate.engine.spi.ActionQueue     : Executing identity-insert immediately
2024-04-24T15:44:34.793-04:00 DEBUG 24340 --- [usuarios] [           main] org.hibernate.SQL                        : insert into perfil (descripcion,nombreperfil,idperfil) values (?,?,default)
Hibernate: insert into perfil (descripcion,nombreperfil,idperfil) values (?,?,default)
2024-04-24T15:44:34.812-04:00 DEBUG 24340 --- [usuarios] [           main] o.h.id.IdentifierGeneratorHelper         : Natively generated identity (com.gestorusuario.usuarios.model.Perfil) : 163
2024-04-24T15:44:34.815-04:00 DEBUG 24340 --- [usuarios] [           main] org.springframework.test.context.cache   : Spring test ApplicationContext cache statistics: [DefaultContextCache@2565a7d0 size = 2, maxSize = 32, parentContextCount = 0, hitCount = 42, missCount = 2, failureCount = 0]
2024-04-24T15:44:34.816-04:00 DEBUG 24340 --- [usuarios] [           main] org.springframework.test.context.cache   : Spring test ApplicationContext cache statistics: [DefaultContextCache@2565a7d0 size = 2, maxSize = 32, parentContextCount = 0, hitCount = 43, missCount = 2, failureCount = 0]
2024-04-24T15:44:34.816-04:00 DEBUG 24340 --- [usuarios] [           main] org.springframework.test.context.cache   : Spring test ApplicationContext cache statistics: [DefaultContextCache@2565a7d0 size = 2, maxSize = 32, parentContextCount = 0, hitCount = 44, missCount = 2, failureCount = 0]
2024-04-24T15:44:34.816-04:00 DEBUG 24340 --- [usuarios] [           main] org.springframework.test.context.cache   : Spring test ApplicationContext cache statistics: [DefaultContextCache@2565a7d0 size = 2, maxSize = 32, parentContextCount = 0, hitCount = 45, missCount = 2, failureCount = 0]
2024-04-24T15:44:34.816-04:00 DEBUG 24340 --- [usuarios] [           main] org.springframework.test.context.cache   : Spring test ApplicationContext cache statistics: [DefaultContextCache@2565a7d0 size = 2, maxSize = 32, parentContextCount = 0, hitCount = 46, missCount = 2, failureCount = 0]
2024-04-24T15:44:34.816-04:00 DEBUG 24340 --- [usuarios] [           main] org.springframework.test.context.cache   : Spring test ApplicationContext cache statistics: [DefaultContextCache@2565a7d0 size = 2, maxSize = 32, parentContextCount = 0, hitCount = 47, missCount = 2, failureCount = 0]
2024-04-24T15:44:34.817-04:00 DEBUG 24340 --- [usuarios] [           main] o.s.orm.jpa.JpaTransactionManager        : Initiating transaction rollback
2024-04-24T15:44:34.817-04:00 DEBUG 24340 --- [usuarios] [           main] o.s.orm.jpa.JpaTransactionManager        : Rolling back JPA transaction on EntityManager [SessionImpl(878641111<open>)]
2024-04-24T15:44:34.817-04:00 DEBUG 24340 --- [usuarios] [           main] o.h.e.t.internal.TransactionImpl         : rolling back
2024-04-24T15:44:34.822-04:00 DEBUG 24340 --- [usuarios] [           main] o.s.orm.jpa.JpaTransactionManager        : Closing JPA EntityManager [SessionImpl(878641111<open>)] after transaction
2024-04-24T15:44:34.822-04:00 DEBUG 24340 --- [usuarios] [           main] o.s.t.c.transaction.TransactionContext   : Rolled back transaction (1) for test class [com.gestorusuario.usuarios.repository.PerfilRepositoryTest]; test method [guardarPerfilTest]
2024-04-24T15:44:34.822-04:00 DEBUG 24340 --- [usuarios] [           main] .c.s.DirtiesContextTestExecutionListener : After test method: class [PerfilRepositoryTest], method [guardarPerfilTest], class annotated with @DirtiesContext [false] with mode [null], method annotated with @DirtiesContext [false] with mode [null]
]]></system-out>
  </testcase>
</testsuite>